TN:
SF:/usr/include/x86_64-linux-gnu/bits/stdio2.h
DA:97,0
LF:1
LH:0
end_of_record
SF:/data/tzwang/opengldev/TinyGL/src/list.c
FN:25,gl_get_context
FN:35,delete_list
FN:55,alloc_list.isra.1
FN:73,gl_print_op
FN:102,gl_compile_op
FN:135,gl_add_op
FN:153,glopEndList
FN:159,glopNextBuffer
FN:165,glopCallList
FN:189,glNewList
FN:208,glEndList
FN:223,glIsList
FN:231,glGenLists
FNDA:1588,gl_get_context
FNDA:0,delete_list
FNDA:20,alloc_list.isra.1
FNDA:0,gl_print_op
FNDA:104768,gl_compile_op
FNDA:56126943,gl_add_op
FNDA:0,glopEndList
FNDA:0,glopNextBuffer
FNDA:26977,glopCallList
FNDA:20,glNewList
FNDA:20,glEndList
FNDA:0,glIsList
FNDA:0,glGenLists
FNF:13
FNH:7
DA:25,1588
DA:27,56128571
DA:32,26997
DA:35,0
DA:40,0
DA:41,0
DA:44,0
DA:45,0
DA:46,0
DA:47,0
DA:48,0
DA:51,0
DA:52,0
DA:53,0
DA:55,20
DA:60,20
DA:61,20
DA:63,20
DA:64,20
DA:66,20
DA:68,20
DA:69,20
DA:73,0
DA:78,0
DA:79,0
DA:80,0
DA:81,0
DA:82,0
DA:83,0
DA:84,0
DA:86,0
DA:89,0
DA:92,0
DA:94,0
DA:95,0
DA:98,0
DA:99,0
DA:102,104768
DA:108,104768
DA:109,104768
DA:110,104768
DA:111,104768
DA:114,104768
DA:116,934
DA:117,934
DA:119,934
DA:120,934
DA:121,934
DA:123,934
DA:124,934
DA:125,934
DA:128,585416
DA:129,480648
DA:130,480648
DA:132,104768
DA:133,104768
DA:135,56126943
DA:137,56126943
DA:140,56126943
DA:141,56126943
DA:142,56022195
DA:144,56126942
DA:145,104748
DA:147,56126942
DA:148,0
DA:150,56126942
DA:153,0
DA:155,0
DA:159,0
DA:161,0
DA:165,26977
DA:170,26977
DA:171,53954
DA:172,26977
DA:173,26977
DA:176,140045816
DA:177,140045816
DA:178,140018839
DA:179,1237832
DA:181,138781007
DA:182,138781007
DA:185,26977
DA:189,20
DA:192,20
DA:194,20
DA:195,20
DA:197,40
DA:198,20
DA:199,20
DA:201,20
DA:202,20
DA:204,20
DA:205,20
DA:206,20
DA:208,20
DA:210,20
DA:213,20
DA:216,20
DA:217,20
DA:219,20
DA:220,20
DA:221,20
DA:223,0
DA:225,0
DA:227,0
DA:228,0
DA:231,0
DA:233,0
DA:237,0
DA:238,0
DA:239,0
DA:240,0
DA:241,0
DA:242,0
DA:243,0
DA:244,0
DA:245,0
DA:247,0
LF:118
LH:71
end_of_record
TN:
SF:/data/tzwang/opengldev/TinyGL/src/memory.c
FN:8,gl_free
FN:13,gl_malloc
FN:18,gl_zalloc
FNDA:188,gl_free
FNDA:204,gl_malloc
FNDA:988,gl_zalloc
FNF:3
FNH:3
DA:8,188
DA:10,188
DA:11,188
DA:13,204
DA:15,204
DA:18,988
DA:20,988
LF:7
LH:7
end_of_record
TN:
SF:/data/tzwang/opengldev/TinyGL/src/ztriangle.c
FN:6,ZB_fillTriangleFlat
FN:64,ZB_fillTriangleSmooth
FN:174,ZB_setTexture
FN:179,ZB_fillTriangleMapping
FN:236,ZB_fillTriangleMappingPerspective
FNDA:0,ZB_fillTriangleFlat
FNDA:25969498,ZB_fillTriangleSmooth
FNDA:0,ZB_setTexture
FNDA:0,ZB_fillTriangleMapping
FNDA:0,ZB_fillTriangleMappingPerspective
FNF:5
FNH:1
DA:6,0
DA:64,25969498
DA:174,0
DA:176,0
DA:177,0
DA:179,0
DA:236,0
LF:7
LH:1
end_of_record
SF:/data/tzwang/opengldev/TinyGL/src/ztriangle.h
DA:37,25969498
DA:38,9112009
DA:39,9112009
DA:40,9112009
DA:42,25969498
DA:47,20394009
DA:48,6191327
DA:49,6191327
DA:50,6191327
DA:55,25969498
DA:56,25969498
DA:58,25969498
DA:59,25969498
DA:61,25969498
DA:62,25969498
DA:64,25969498
DA:66,25969498
DA:67,25969498
DA:68,25969498
DA:69,25969498
DA:72,25969498
DA:73,25969498
DA:74,25969498
DA:75,25969498
DA:79,25969498
DA:80,25969498
DA:81,25969498
DA:82,25969498
DA:84,25969498
DA:85,25969498
DA:86,25969498
DA:87,25969498
DA:89,25969498
DA:90,25969498
DA:91,25969498
DA:92,25969498
DA:97,0
DA:98,0
DA:99,0
DA:100,0
DA:102,0
DA:103,0
DA:104,0
DA:105,0
DA:111,0
DA:112,0
DA:113,0
DA:114,0
DA:115,0
DA:116,0
DA:117,0
DA:118,0
DA:119,0
DA:121,0
DA:122,0
DA:123,0
DA:124,0
DA:126,0
DA:127,0
DA:128,0
DA:129,0
DA:135,25969498
DA:136,25969498
DA:138,25969498
DA:140,77908494
DA:141,51938996
DA:142,25969498
DA:150,13111533
DA:151,13111533
DA:152,13111533
DA:153,13111533
DA:154,13111533
DA:155,13111533
DA:160,25969498
DA:166,13111533
DA:167,13111533
DA:168,13111533
DA:169,13111533
DA:171,25969498
DA:176,51938996
DA:177,39081031
DA:178,39081031
DA:179,39081031
DA:180,31234019
DA:183,39081031
DA:184,39081031
DA:185,39081031
DA:186,39081031
DA:187,39081031
DA:190,39081031
DA:191,39081031
DA:192,39081031
DA:195,39081031
DA:196,39081031
DA:197,39081031
DA:199,39081031
DA:200,39081031
DA:201,39081031
DA:203,39081031
DA:204,39081031
DA:205,39081031
DA:208,0
DA:209,0
DA:210,0
DA:212,0
DA:213,0
DA:214,0
DA:217,0
DA:218,0
DA:219,0
DA:221,0
DA:222,0
DA:223,0
DA:229,51938996
DA:230,38827463
DA:231,38827463
DA:232,38827463
DA:233,31232518
DA:236,38827463
DA:241,170625900
DA:242,118686904
DA:262,0
DA:263,0
DA:265,0
DA:266,0
DA:274,0
DA:275,0
DA:281,0
DA:282,0
DA:283,0
DA:284,0
DA:285,0
DA:287,0
DA:289,0
DA:290,0
DA:292,0
DA:293,0
DA:295,0
DA:297,0
DA:298,0
DA:302,118686904
DA:306,118686904
DA:307,118686904
DA:308,38146638
DA:309,38146638
DA:311,38146638
DA:314,38146638
DA:315,38146638
DA:316,38146638
DA:319,0
DA:320,0
DA:323,0
DA:324,0
DA:327,80540266
DA:329,80540266
DA:332,80540266
DA:333,80540266
DA:334,80540266
DA:337,0
DA:338,0
DA:341,0
DA:342,0
DA:347,118686904
DA:350,118686904
DA:351,118686904
LF:165
LH:101
end_of_record
TN:
SF:/data/tzwang/opengldev/TinyGL/src/arrays.c
FN:11,glopArrayElement
FN:55,glArrayElement
FN:65,glopEnableClientState
FN:71,glEnableClientState
FN:97,glopDisableClientState
FN:103,glDisableClientState
FN:129,glopVertexPointer
FN:137,glVertexPointer
FN:150,glopColorPointer
FN:158,glColorPointer
FN:171,glopNormalPointer
FN:178,glNormalPointer
FN:189,glopTexCoordPointer
FN:197,glTexCoordPointer
FNDA:0,glopArrayElement
FNDA:0,glArrayElement
FNDA:0,glopEnableClientState
FNDA:0,glEnableClientState
FNDA:0,glopDisableClientState
FNDA:0,glDisableClientState
FNDA:0,glopVertexPointer
FNDA:0,glVertexPointer
FNDA:0,glopColorPointer
FNDA:0,glColorPointer
FNDA:0,glopNormalPointer
FNDA:0,glNormalPointer
FNDA:0,glopTexCoordPointer
FNDA:0,glTexCoordPointer
FNF:14
FNH:0
DA:11,0
DA:14,0
DA:15,0
DA:17,0
DA:19,0
DA:20,0
DA:21,0
DA:22,0
DA:23,0
DA:24,0
DA:25,0
DA:27,0
DA:28,0
DA:29,0
DA:30,0
DA:31,0
DA:32,0
DA:34,0
DA:35,0
DA:36,0
DA:37,0
DA:38,0
DA:39,0
DA:40,0
DA:42,0
DA:44,0
DA:45,0
DA:46,0
DA:47,0
DA:48,0
DA:49,0
DA:50,0
DA:52,0
DA:55,0
DA:58,0
DA:59,0
DA:60,0
DA:61,0
DA:65,0
DA:67,0
DA:68,0
DA:71,0
DA:74,0
DA:76,0
DA:78,0
DA:79,0
DA:81,0
DA:82,0
DA:84,0
DA:85,0
DA:87,0
DA:88,0
DA:90,0
DA:93,0
DA:94,0
DA:97,0
DA:99,0
DA:100,0
DA:103,0
DA:106,0
DA:108,0
DA:110,0
DA:111,0
DA:113,0
DA:114,0
DA:116,0
DA:117,0
DA:119,0
DA:120,0
DA:122,0
DA:125,0
DA:126,0
DA:129,0
DA:131,0
DA:132,0
DA:133,0
DA:134,0
DA:137,0
DA:141,0
DA:142,0
DA:143,0
DA:144,0
DA:145,0
DA:146,0
DA:147,0
DA:150,0
DA:152,0
DA:153,0
DA:154,0
DA:155,0
DA:158,0
DA:162,0
DA:163,0
DA:164,0
DA:165,0
DA:166,0
DA:167,0
DA:168,0
DA:171,0
DA:173,0
DA:174,0
DA:175,0
DA:178,0
DA:182,0
DA:183,0
DA:184,0
DA:185,0
DA:186,0
DA:189,0
DA:191,0
DA:192,0
DA:193,0
DA:194,0
DA:197,0
DA:201,0
DA:202,0
DA:203,0
DA:204,0
DA:205,0
DA:206,0
LF:120
LH:0
end_of_record
TN:
SF:/data/tzwang/opengldev/TinyGL/src/api.c
FN:5,glVertex4f
FN:18,glVertex2f
FN:23,glVertex3f
FN:28,glVertex3fv
FN:35,glNormal3f
FN:47,glNormal3fv
FN:54,glColor4f
FN:73,glColor4fv
FN:92,glColor3f
FN:97,glColor3fv
FN:105,glTexCoord4f
FN:118,glTexCoord2f
FN:123,glTexCoord2fv
FN:128,glEdgeFlag
FN:140,glShadeModel
FN:152,glCullFace
FN:166,glFrontFace
FN:180,glPolygonMode
FN:199,glEnable
FN:210,glDisable
FN:223,glBegin
FN:233,glEnd
FN:244,glMatrixMode
FN:254,glLoadMatrixf
FN:265,glLoadIdentity
FN:274,glMultMatrixf
FN:285,glPushMatrix
FN:294,glPopMatrix
FN:303,glRotatef
FN:316,glTranslatef
FN:328,glScalef
FN:341,glViewport
FN:354,glFrustum
FN:372,glMaterialfv
FN:390,glMaterialf
FN:404,glColorMaterial
FN:415,glLightfv
FN:430,glLightf
FN:444,glLightModeli
FN:457,glLightModelfv
FN:471,glClear
FN:481,glClearColor
FN:494,glClearDepth
FN:507,glTexImage2D
FN:528,glBindTexture
FN:539,glTexEnvi
FN:555,glTexParameteri
FN:571,glPixelStorei
FN:584,glInitNames
FN:593,glPushName
FN:603,glPopName
FN:612,glLoadName
FN:623,glPolygonOffset
FN:633,glCallList
FN:643,glFlush
FN:648,glHint
FN:661,glDebug
FNDA:0,glVertex4f
FNDA:2166820,glVertex2f
FNDA:17423592,glVertex3f
FNDA:0,glVertex3fv
FNDA:16340990,glNormal3f
FNDA:0,glNormal3fv
FNDA:66720,glColor4f
FNDA:0,glColor4fv
FNDA:66720,glColor3f
FNDA:0,glColor3fv
FNDA:0,glTexCoord4f
FNDA:17604774,glTexCoord2f
FNDA:0,glTexCoord2fv
FNDA:0,glEdgeFlag
FNDA:0,glShadeModel
FNDA:0,glCullFace
FNDA:0,glFrontFace
FNDA:1587,glPolygonMode
FNDA:7937,glEnable
FNDA:1587,glDisable
FNDA:884778,glBegin
FNDA:884778,glEnd
FNDA:314,glMatrixMode
FNDA:0,glLoadMatrixf
FNDA:314,glLoadIdentity
FNDA:0,glMultMatrixf
FNDA:38087,glPushMatrix
FNDA:38085,glPopMatrix
FNDA:233817,glRotatef
FNDA:119505,glTranslatef
FNDA:12734,glScalef
FNDA:157,glViewport
FNDA:154,glFrustum
FNDA:266888,glMaterialfv
FNDA:0,glMaterialf
FNDA:0,glColorMaterial
FNDA:1587,glLightfv
FNDA:1587,glLightf
FNDA:0,glLightModeli
FNDA:0,glLightModelfv
FNDA:1587,glClear
FNDA:1587,glClearColor
FNDA:0,glClearDepth
FNDA:0,glTexImage2D
FNDA:0,glBindTexture
FNDA:0,glTexEnvi
FNDA:0,glTexParameteri
FNDA:0,glPixelStorei
FNDA:0,glInitNames
FNDA:0,glPushName
FNDA:0,glPopName
FNDA:0,glLoadName
FNDA:0,glPolygonOffset
FNDA:26977,glCallList
FNDA:1586,glFlush
FNDA:0,glHint
FNDA:0,glDebug
FNF:57
FNH:27
DA:5,0
DA:9,19590412
DA:10,19590412
DA:11,19590412
DA:12,19590412
DA:13,19590412
DA:15,19590412
DA:16,0
DA:18,2166820
DA:20,2166820
DA:21,2166820
DA:23,17423592
DA:25,17423592
DA:26,17423592
DA:28,0
DA:30,0
DA:31,0
DA:35,16340990
DA:39,16340990
DA:40,16340990
DA:41,16340990
DA:42,16340990
DA:44,16340990
DA:45,16340990
DA:47,0
DA:49,0
DA:50,0
DA:54,66720
DA:58,66720
DA:59,66720
DA:60,66720
DA:61,66720
DA:62,66720
DA:64,66720
DA:66,66720
DA:68,66720
DA:70,66720
DA:71,66720
DA:73,0
DA:77,0
DA:78,0
DA:79,0
DA:80,0
DA:81,0
DA:83,0
DA:85,0
DA:87,0
DA:89,0
DA:90,0
DA:92,66720
DA:94,66720
DA:95,66720
DA:97,0
DA:99,0
DA:100,0
DA:105,0
DA:109,17604774
DA:110,17604774
DA:111,17604774
DA:112,17604774
DA:113,17604774
DA:115,17604774
DA:116,0
DA:118,17604774
DA:120,17604774
DA:121,17604774
DA:123,0
DA:125,0
DA:126,0
DA:128,0
DA:132,0
DA:133,0
DA:135,0
DA:136,0
DA:140,0
DA:144,0
DA:146,0
DA:147,0
DA:149,0
DA:150,0
DA:152,0
DA:156,0
DA:160,0
DA:161,0
DA:163,0
DA:164,0
DA:166,0
DA:170,0
DA:172,0
DA:174,0
DA:175,0
DA:177,0
DA:178,0
DA:180,1587
DA:184,1587
DA:187,1587
DA:189,1587
DA:190,1587
DA:191,1587
DA:193,1587
DA:194,1587
DA:199,7937
DA:203,7937
DA:204,7937
DA:205,7937
DA:207,7937
DA:208,7937
DA:210,1587
DA:214,1587
DA:215,1587
DA:216,1587
DA:218,1587
DA:219,1587
DA:223,884778
DA:227,884778
DA:228,884778
DA:230,884778
DA:231,884778
DA:233,884778
DA:237,884778
DA:239,884778
DA:240,884778
DA:244,314
DA:248,314
DA:249,314
DA:251,314
DA:252,314
DA:254,0
DA:259,0
DA:260,0
DA:262,0
DA:263,0
DA:265,314
DA:269,314
DA:271,314
DA:272,314
DA:274,0
DA:279,0
DA:280,0
DA:282,0
DA:283,0
DA:285,38087
DA:289,38087
DA:291,38087
DA:292,38087
DA:294,38085
DA:298,38085
DA:300,38085
DA:301,38085
DA:303,233817
DA:307,233817
DA:308,233817
DA:309,233817
DA:310,233817
DA:311,233817
DA:313,233817
DA:314,233817
DA:316,119505
DA:320,119505
DA:321,119505
DA:322,119505
DA:323,119505
DA:325,119505
DA:326,119505
DA:328,12734
DA:332,12734
DA:333,12734
DA:334,12734
DA:335,12734
DA:337,12734
DA:338,12734
DA:341,157
DA:345,157
DA:346,157
DA:347,157
DA:348,157
DA:349,157
DA:351,157
DA:352,156
DA:354,154
DA:359,154
DA:360,154
DA:361,154
DA:362,154
DA:363,154
DA:364,154
DA:365,154
DA:367,154
DA:368,154
DA:372,266888
DA:377,266888
DA:379,266888
DA:380,266888
DA:381,266888
DA:382,266888
DA:383,266888
DA:384,266888
DA:385,200166
DA:387,266888
DA:388,266888
DA:390,0
DA:395,0
DA:396,0
DA:397,0
DA:398,0
DA:399,0
DA:401,0
DA:402,0
DA:404,0
DA:408,0
DA:409,0
DA:410,0
DA:412,0
DA:413,0
DA:415,1587
DA:420,1587
DA:421,1587
DA:422,1587
DA:424,1587
DA:426,1587
DA:427,1587
DA:430,1587
DA:435,1587
DA:436,1587
DA:437,1587
DA:438,1587
DA:439,1587
DA:441,1587
DA:442,1587
DA:444,0
DA:449,0
DA:450,0
DA:451,0
DA:452,0
DA:454,0
DA:455,0
DA:457,0
DA:462,0
DA:463,0
DA:464,0
DA:466,0
DA:467,0
DA:471,1587
DA:475,1587
DA:476,1587
DA:478,1587
DA:479,1587
DA:481,1587
DA:485,1587
DA:486,1587
DA:487,1587
DA:488,1587
DA:489,1587
DA:491,1587
DA:492,1587
DA:494,0
DA:498,0
DA:499,0
DA:501,0
DA:502,0
DA:507,0
DA:513,0
DA:514,0
DA:515,0
DA:516,0
DA:517,0
DA:518,0
DA:519,0
DA:520,0
DA:521,0
DA:522,0
DA:524,0
DA:525,0
DA:528,0
DA:532,0
DA:533,0
DA:534,0
DA:536,0
DA:537,0
DA:539,0
DA:543,0
DA:544,0
DA:545,0
DA:546,0
DA:547,0
DA:548,0
DA:549,0
DA:550,0
DA:552,0
DA:553,0
DA:555,0
DA:559,0
DA:560,0
DA:561,0
DA:562,0
DA:563,0
DA:564,0
DA:565,0
DA:566,0
DA:568,0
DA:569,0
DA:571,0
DA:575,0
DA:576,0
DA:577,0
DA:579,0
DA:580,0
DA:584,0
DA:588,0
DA:590,0
DA:591,0
DA:593,0
DA:597,0
DA:598,0
DA:600,0
DA:601,0
DA:603,0
DA:607,0
DA:609,0
DA:610,0
DA:612,0
DA:616,0
DA:617,0
DA:619,0
DA:620,0
DA:623,0
DA:626,0
DA:627,0
DA:628,0
DA:629,0
DA:633,26977
DA:637,26977
DA:638,26977
DA:640,26977
DA:641,26977
DA:643,1586
DA:646,1586
DA:648,0
DA:652,0
DA:653,0
DA:654,0
DA:656,0
DA:657,0
DA:661,0
DA:663,0
DA:664,0
DA:665,0
LF:347
LH:174
end_of_record
TN:
SF:/data/tzwang/opengldev/TinyGL/src/image_util.c
FN:7,gl_convertRGB_to_5R6G5B
FN:21,gl_convertRGB_to_8A8R8G8B
FN:54,gl_resizeImage
FN:105,gl_resizeImageNoInterpolate
FNDA:0,gl_convertRGB_to_5R6G5B
FNDA:0,gl_convertRGB_to_8A8R8G8B
FNDA:0,gl_resizeImage
FNDA:0,gl_resizeImageNoInterpolate
FNF:4
FNH:0
DA:7,0
DA:13,0
DA:14,0
DA:15,0
DA:16,0
DA:17,0
DA:19,0
DA:21,0
DA:27,0
DA:28,0
DA:29,0
DA:30,0
DA:31,0
DA:32,0
DA:33,0
DA:35,0
DA:46,0
DA:54,0
DA:61,0
DA:62,0
DA:64,0
DA:65,0
DA:67,0
DA:68,0
DA:70,0
DA:71,0
DA:72,0
DA:73,0
DA:74,0
DA:76,0
DA:77,0
DA:78,0
DA:79,0
DA:80,0
DA:84,0
DA:85,0
DA:86,0
DA:87,0
DA:88,0
DA:89,0
DA:94,0
DA:95,0
DA:97,0
DA:99,0
DA:105,0
DA:112,0
DA:113,0
DA:115,0
DA:116,0
DA:118,0
DA:119,0
DA:121,0
DA:122,0
DA:123,0
DA:124,0
DA:126,0
DA:127,0
DA:128,0
DA:130,0
DA:131,0
DA:133,0
DA:135,0
LF:62
LH:0
end_of_record
TN:
SF:/data/tzwang/opengldev/TinyGL/src/clip.c
FN:13,gl_transform_to_viewport
FN:51,gl_add_select1
FN:65,gl_draw_point
FN:78,interpolate
FN:112,gl_draw_line
FN:196,clip_xmin
FN:198,clip_xmax
FN:200,clip_ymin
FN:202,clip_ymax
FN:204,clip_zmin
FN:206,clip_zmax
FN:215,updateTmp
FN:241,gl_draw_triangle
FN:292,gl_draw_triangle_clip
FN:373,gl_draw_triangle_select
FN:383,gl_draw_triangle_fill
FN:418,gl_draw_triangle_line
FN:435,gl_draw_triangle_point
FNDA:69266738,gl_transform_to_viewport
FNDA:0,gl_add_select1
FNDA:0,gl_draw_point
FNDA:0,interpolate
FNDA:25392,gl_draw_line
FNDA:95740,clip_xmin
FNDA:101836,clip_xmax
FNDA:39334,clip_ymin
FNDA:852,clip_ymax
FNDA:0,clip_zmin
FNDA:91212,clip_zmax
FNDA:328974,updateTmp
FNDA:61662531,gl_draw_triangle
FNDA:379629,gl_draw_triangle_clip
FNDA:0,gl_draw_triangle_select
FNDA:25969498,gl_draw_triangle_fill
FNDA:0,gl_draw_triangle_line
FNDA:0,gl_draw_triangle_point
FNF:18
FNH:11
DA:13,69266738
DA:18,69266738
DA:19,138533476
DA:20,69266738
DA:21,138533476
DA:22,69266738
DA:23,138533476
DA:24,69266738
DA:26,69266738
DA:27,138482692
DA:28,69241346
DA:29,138482692
DA:30,69241346
DA:31,138482692
DA:32,69241346
DA:35,25392
DA:36,25392
DA:37,25392
DA:42,69266738
DA:43,0
DA:44,0
DA:45,0
DA:46,0
DA:48,69266738
DA:51,0
DA:54,0
DA:55,0
DA:56,0
DA:57,0
DA:58,0
DA:60,0
DA:61,0
DA:65,0
DA:67,0
DA:68,0
DA:69,0
DA:71,0
DA:74,0
DA:78,0
DA:80,0
DA:81,0
DA:82,0
DA:83,0
DA:85,0
DA:86,0
DA:87,0
DA:88,0
DA:100,0
DA:101,0
DA:102,0
DA:103,0
DA:104,0
DA:105,0
DA:106,0
DA:107,0
DA:108,0
DA:112,25392
DA:119,25392
DA:120,25392
DA:122,25392
DA:123,25392
DA:124,0
DA:126,25392
DA:127,25392
DA:129,0
DA:131,0
DA:132,0
DA:134,0
DA:135,0
DA:136,0
DA:137,0
DA:138,0
DA:139,0
DA:140,0
DA:141,0
DA:143,0
DA:144,0
DA:145,0
DA:146,0
DA:147,0
DA:148,0
DA:149,0
DA:150,0
DA:152,0
DA:153,0
DA:154,0
DA:155,0
DA:157,0
DA:158,0
DA:160,0
DA:196,95740
DA:198,101836
DA:200,39334
DA:202,852
DA:204,0
DA:206,91212
DA:215,328974
DA:218,328974
DA:219,328974
DA:220,328974
DA:221,328974
DA:223,0
DA:224,0
DA:225,0
DA:228,328974
DA:229,0
DA:230,0
DA:233,657948
DA:234,328974
DA:235,316102
DA:236,328974
DA:241,61662531
DA:247,61662531
DA:248,61662531
DA:249,61662531
DA:251,61662531
DA:254,61662531
DA:256,121010946
DA:257,60505473
DA:259,60505473
DA:261,25969498
DA:262,25969498
DA:265,25969498
DA:267,0
DA:268,0
DA:269,0
DA:270,0
DA:271,0
DA:272,0
DA:278,25969498
DA:279,13413681
DA:281,12555817
DA:285,1157058
DA:286,1157058
DA:287,118872
DA:292,379629
DA:299,379629
DA:300,379629
DA:301,379629
DA:303,379629
DA:304,379629
DA:305,214691
DA:307,164938
DA:309,165389
DA:312,398952
DA:313,234465
DA:317,164487
DA:327,164487
DA:328,164487
DA:330,164487
DA:333,96270
DA:334,59586
DA:335,35337
DA:337,96270
DA:338,96270
DA:340,96270
DA:341,96270
DA:343,96270
DA:344,96270
DA:345,96270
DA:346,96270
DA:348,96270
DA:349,96270
DA:350,96270
DA:351,96270
DA:355,68217
DA:356,38619
DA:357,23563
DA:359,68217
DA:360,68217
DA:362,68217
DA:363,68217
DA:365,68217
DA:366,68217
DA:367,68217
DA:373,0
DA:376,0
DA:377,0
DA:383,25969498
DA:403,25969498
DA:407,0
DA:408,0
DA:409,25969498
DA:410,25969498
DA:412,0
DA:414,25969498
DA:418,0
DA:421,0
DA:422,0
DA:423,0
DA:424,0
DA:426,0
DA:427,0
DA:428,0
DA:430,0
DA:435,0
DA:438,0
DA:439,0
DA:440,0
DA:441,0
LF:200
LH:105
end_of_record
SF:/data/tzwang/opengldev/TinyGL/src/zgl.h
DA:363,328974
DA:364,986922
DA:365,657948
DA:366,657948
DA:367,657948
DA:368,328974
DA:369,328974
LF:7
LH:7
end_of_record
TN:
SF:/usr/include/x86_64-linux-gnu/bits/string3.h
DA:53,0
LF:1
LH:0
end_of_record
SF:/data/tzwang/opengldev/TinyGL/src/zbuffer.c
FN:12,ZB_open
FN:75,ZB_close
FN:89,ZB_resize
FN:117,ZB_copyBuffer
FN:151,ZB_copyFrameBufferRGB32
FN:241,ZB_copyFrameBufferRGB24.isra.0
FN:275,ZB_copyFrameBuffer
FN:414,memset_s
FN:438,memset_l
FN:460,memset_RGB24
FN:490,ZB_clear
FNDA:2,ZB_open
FNDA:0,ZB_close
FNDA:93,ZB_resize
FNDA:0,ZB_copyBuffer
FNDA:0,ZB_copyFrameBufferRGB32
FNDA:0,ZB_copyFrameBufferRGB24.isra.0
FNDA:0,ZB_copyFrameBuffer
FNDA:0,memset_s
FNDA:0,memset_l
FNDA:0,memset_RGB24
FNDA:1587,ZB_clear
FNF:11
FNH:3
DA:12,2
DA:21,2
DA:22,2
DA:25,2
DA:26,2
DA:27,2
DA:28,2
DA:30,2
DA:33,0
DA:34,0
DA:43,2
DA:44,2
DA:49,2
DA:51,2
DA:52,2
DA:55,2
DA:56,2
DA:57,2
DA:58,0
DA:59,0
DA:61,2
DA:63,0
DA:64,0
DA:67,2
DA:69,2
DA:71,0
DA:72,0
DA:75,0
DA:78,0
DA:79,0
DA:82,0
DA:83,0
DA:85,0
DA:86,0
DA:87,0
DA:89,93
DA:94,93
DA:96,93
DA:97,93
DA:98,93
DA:100,93
DA:102,93
DA:103,93
DA:105,93
DA:106,2
DA:108,93
DA:109,0
DA:110,0
DA:112,93
DA:113,93
DA:115,93
DA:117,0
DA:125,0
DA:126,0
DA:127,0
DA:128,0
DA:129,0
DA:130,0
DA:131,0
DA:133,0
DA:151,0
DA:159,0
DA:160,0
DA:162,0
DA:163,0
DA:164,0
DA:166,0
DA:170,0
DA:172,0
DA:173,0
DA:175,0
DA:179,0
DA:181,0
DA:182,0
DA:184,0
DA:185,0
DA:186,0
DA:188,0
DA:190,0
DA:241,0
DA:249,0
DA:250,0
DA:251,0
DA:253,0
DA:254,0
DA:255,0
DA:257,0
DA:258,0
DA:259,0
DA:260,0
DA:261,0
DA:262,0
DA:264,0
DA:265,0
DA:266,0
DA:267,0
DA:268,0
DA:271,0
DA:275,0
DA:278,0
DA:281,0
DA:282,0
DA:286,0
DA:287,0
DA:291,0
DA:292,0
DA:296,0
DA:297,0
DA:300,0
DA:302,0
DA:414,0
DA:420,471639
DA:421,471639
DA:423,471639
DA:424,47388889
DA:425,46917250
DA:426,46917250
DA:427,46917250
DA:428,46917250
DA:429,46917250
DA:432,471639
DA:433,471639
DA:434,487783
DA:435,16144
DA:436,0
DA:438,0
DA:443,0
DA:444,0
DA:445,0
DA:446,0
DA:447,0
DA:448,0
DA:449,0
DA:450,0
DA:451,0
DA:454,0
DA:455,0
DA:456,0
DA:457,0
DA:460,0
DA:463,0
DA:464,0
DA:466,0
DA:467,0
DA:468,0
DA:469,0
DA:470,0
DA:471,0
DA:472,0
DA:473,0
DA:474,0
DA:475,0
DA:476,0
DA:477,0
DA:478,0
DA:479,0
DA:480,0
DA:481,0
DA:482,0
DA:483,0
DA:484,0
DA:485,0
DA:486,0
DA:488,0
DA:490,1587
DA:499,1587
DA:500,1587
DA:502,1587
DA:503,1587
DA:504,471639
DA:506,470052
DA:507,940104
DA:516,470052
DA:519,1587
LF:174
LH:56
end_of_record
TN:
SF:/usr/include/x86_64-linux-gnu/bits/string3.h
DA:53,1094829
LF:1
LH:1
end_of_record
SF:/data/tzwang/opengldev/TinyGL/src/zmath.c
FN:12,gl_M4_Id
FN:20,gl_M4_IsId
FN:32,gl_M4_Mul
FN:45,gl_M4_MulLeft
FN:63,gl_M4_Move
FN:68,gl_MoveV3
FN:74,gl_MulM4V3
FN:81,gl_MulM3V3
FN:88,gl_M4_MulV4
FN:97,gl_M4_Transpose
FN:121,gl_M4_InvOrtho
FN:138,Matrix_Inv
FN:198,gl_M4_Inv
FN:206,gl_M4_Rotate
FN:221,gl_M3_Inv
FN:245,gl_V3_Norm
FN:256,gl_V3_New
FN:265,gl_V4_New
FNDA:314,gl_M4_Id
FNDA:1063090,gl_M4_IsId
FNDA:6348,gl_M4_Mul
FNDA:1015634,gl_M4_MulLeft
FNDA:38087,gl_M4_Move
FNDA:0,gl_MoveV3
FNDA:0,gl_MulM4V3
FNDA:0,gl_MulM3V3
FNDA:1587,gl_M4_MulV4
FNDA:1056742,gl_M4_Transpose
FNDA:0,gl_M4_InvOrtho
FNDA:1056742,Matrix_Inv
FNDA:1056742,gl_M4_Inv
FNDA:1015480,gl_M4_Rotate
FNDA:0,gl_M3_Inv
FNDA:71685964,gl_V3_Norm
FNDA:96,gl_V3_New
FNDA:146,gl_V4_New
FNF:18
FNH:13
DA:12,314
DA:15,5078970
DA:16,16252704
DA:17,16252704
DA:18,314
DA:20,1063090
DA:23,5315450
DA:24,17009440
DA:25,17009440
DA:26,4252360
DA:27,12757080
DA:32,6348
DA:36,31740
DA:37,101568
DA:39,406272
DA:40,101568
DA:42,6348
DA:45,1015634
DA:53,1015634
DA:55,5078170
DA:56,16250144
DA:58,65000576
DA:59,16250144
DA:61,1015634
DA:63,38087
DA:65,38087
DA:66,38087
DA:68,0
DA:70,0
DA:71,0
DA:74,0
DA:76,0
DA:77,0
DA:78,0
DA:79,0
DA:81,0
DA:83,0
DA:84,0
DA:85,0
DA:86,0
DA:88,1587
DA:90,1587
DA:91,1587
DA:92,1587
DA:93,1587
DA:94,1587
DA:97,1056742
DA:99,1056742
DA:100,1056742
DA:101,1056742
DA:102,1056742
DA:104,1056742
DA:105,1056742
DA:106,1056742
DA:107,1056742
DA:109,1056742
DA:110,1056742
DA:111,1056742
DA:112,1056742
DA:114,1056742
DA:115,1056742
DA:116,1056742
DA:117,1056742
DA:118,1056742
DA:121,0
DA:125,0
DA:126,0
DA:127,0
DA:128,0
DA:130,0
DA:131,0
DA:133,0
DA:138,1056742
DA:144,1056742
DA:145,4226968
DA:147,5283710
DA:150,4226968
DA:151,4226968
DA:152,10567420
DA:153,6340452
DA:154,643292
DA:155,643292
DA:159,4226968
DA:163,4226968
DA:164,2453416
DA:165,2453416
DA:166,2453416
DA:167,2453416
DA:169,2453416
DA:170,2453416
DA:171,2453416
DA:176,4226968
DA:177,21134840
DA:178,16907872
DA:179,16907872
DA:183,33815744
DA:184,12680904
DA:185,63404520
DA:186,50723616
DA:187,50723616
DA:198,1056742
DA:201,1056742
DA:203,1056742
DA:204,1056742
DA:206,1015480
DA:210,1015480
DA:211,1015480
DA:212,1015480
DA:213,1015480
DA:214,1015480
DA:215,1015480
DA:216,1015480
DA:217,1015480
DA:221,0
DA:225,0
DA:226,0
DA:227,0
DA:229,0
DA:230,0
DA:231,0
DA:233,0
DA:234,0
DA:235,0
DA:237,0
DA:238,0
DA:239,0
DA:240,0
DA:245,71685964
DA:248,71685964
DA:249,71685964
DA:250,71685964
DA:251,71685964
DA:252,71685964
DA:253,71685964
DA:256,96
DA:259,96
DA:260,96
DA:261,96
DA:262,96
DA:265,146
DA:268,146
DA:269,146
DA:270,146
DA:271,146
DA:272,146
LF:145
LH:110
end_of_record
TN:
SF:/usr/include/x86_64-linux-gnu/bits/stdio2.h
DA:97,0
LF:1
LH:0
end_of_record
SF:/data/tzwang/opengldev/TinyGL/src/glx.c
FN:24,glXQueryExtension
FN:30,glXChooseVisual
FN:57,glXCreateContext
FN:72,glXDestroyContext
FN:84,glxHandleXError
FN:90,bits_per_pixel.isra.0
FN:113,create_ximage
FN:203,free_ximage
FN:220,glX_resize_viewport
FN:258,glXMakeCurrent
FN:364,WaitForShmCompletion
FN:372,glXSwapBuffers
FN:407,glXWaitGL
FN:411,glXWaitX
FNDA:0,glXQueryExtension
FNDA:2,glXChooseVisual
FNDA:2,glXCreateContext
FNDA:0,glXDestroyContext
FNDA:0,glxHandleXError
FNDA:2,bits_per_pixel.isra.0
FNDA:93,create_ximage
FNDA:91,free_ximage
FNDA:94,glX_resize_viewport
FNDA:2,glXMakeCurrent
FNDA:1787,WaitForShmCompletion
FNDA:1586,glXSwapBuffers
FNDA:0,glXWaitGL
FNDA:153,glXWaitX
FNF:14
FNH:10
DA:24,0
DA:26,0
DA:30,2
DA:39,2
DA:41,2
DA:43,0
DA:45,0
DA:52,2
DA:57,2
DA:62,2
DA:63,0
DA:65,2
DA:66,2
DA:67,2
DA:68,2
DA:72,0
DA:74,0
DA:75,0
DA:76,0
DA:78,0
DA:79,0
DA:84,0
DA:86,0
DA:87,0
DA:90,2
DA:96,2
DA:97,2
DA:98,0
DA:100,2
DA:102,2
DA:103,0
DA:104,0
DA:106,2
DA:107,2
DA:108,2
DA:109,2
DA:113,93
DA:121,93
DA:122,93
DA:124,0
DA:126,93
DA:128,93
DA:129,93
DA:131,93
DA:132,0
DA:133,0
DA:134,0
DA:135,0
DA:137,186
DA:138,93
DA:140,93
DA:141,0
DA:143,0
DA:144,0
DA:145,0
DA:147,93
DA:148,93
DA:149,0
DA:151,0
DA:152,0
DA:154,93
DA:156,93
DA:160,93
DA:161,93
DA:162,93
DA:163,93
DA:165,93
DA:166,0
DA:167,0
DA:168,0
DA:169,0
DA:173,93
DA:176,93
DA:180,93
DA:181,93
DA:183,93
DA:184,0
DA:185,0
DA:186,0
DA:187,0
DA:190,93
DA:193,93
DA:196,0
DA:198,0
DA:199,0
DA:200,0
DA:203,91
DA:205,91
DA:207,91
DA:208,91
DA:209,91
DA:210,91
DA:212,0
DA:213,0
DA:215,91
DA:220,94
DA:225,94
DA:227,94
DA:228,94
DA:232,94
DA:233,94
DA:235,94
DA:237,93
DA:238,93
DA:240,93
DA:242,93
DA:243,93
DA:245,93
DA:249,93
DA:250,0
DA:252,93
DA:258,2
DA:261,2
DA:270,2
DA:273,2
DA:274,2
DA:276,2
DA:278,2
DA:279,2
DA:281,2
DA:284,2
DA:285,2
DA:287,2
DA:289,0
DA:291,0
DA:294,0
DA:296,0
DA:297,0
DA:300,0
DA:303,0
DA:305,0
DA:306,0
DA:307,0
DA:310,0
DA:311,0
DA:313,0
DA:314,0
DA:315,0
DA:316,0
DA:317,0
DA:319,0
DA:323,2
DA:324,2
DA:326,0
DA:327,0
DA:328,0
DA:330,2
DA:331,2
DA:332,2
DA:334,0
DA:335,0
DA:336,0
DA:338,2
DA:339,2
DA:340,0
DA:341,0
DA:346,2
DA:349,2
DA:350,2
DA:351,2
DA:352,2
DA:355,2
DA:356,2
DA:358,2
DA:364,1787
DA:366,1787
DA:368,3373
DA:369,1586
DA:372,1586
DA:378,1586
DA:379,1586
DA:384,1586
DA:385,0
DA:386,0
DA:387,0
DA:392,1586
DA:395,3172
DA:396,3172
DA:398,1586
DA:400,0
DA:401,0
DA:403,1586
DA:404,1586
DA:407,0
DA:409,0
DA:411,153
DA:413,153
LF:187
LH:110
end_of_record
TN:
SF:/data/tzwang/opengldev/TinyGL/src/vertex.c
FN:3,glopNormal
FN:17,glopTexCoord
FN:25,glopEdgeFlag
FN:30,glopColor
FN:55,gl_eval_viewport
FN:71,glopBegin
FN:145,gl_vertex_transform
FN:206,glopVertex
FN:348,glopEnd
FNDA:49878810,glopNormal
FNDA:62261184,glopTexCoord
FNDA:0,glopEdgeFlag
FNDA:141239,glopColor
FNDA:23,gl_eval_viewport
FNDA:4236890,glopBegin
FNDA:71711356,gl_vertex_transform
FNDA:71711356,glopVertex
FNDA:4236890,glopEnd
FNF:9
FNH:8
DA:3,49878810
DA:7,49878810
DA:8,49878810
DA:9,49878810
DA:11,49878810
DA:12,49878810
DA:13,49878810
DA:14,49878810
DA:15,49878810
DA:17,62261184
DA:19,62261184
DA:20,62261184
DA:21,62261184
DA:22,62261184
DA:23,62261184
DA:25,0
DA:27,0
DA:28,0
DA:30,141239
DA:33,141239
DA:34,141239
DA:35,141239
DA:36,141239
DA:37,141239
DA:38,141239
DA:39,141239
DA:41,141239
DA:43,0
DA:44,0
DA:45,0
DA:46,0
DA:47,0
DA:48,0
DA:49,0
DA:50,0
DA:52,141239
DA:55,23
DA:58,23
DA:60,23
DA:62,23
DA:63,23
DA:64,23
DA:66,23
DA:67,23
DA:68,23
DA:69,23
DA:71,4236890
DA:76,4236890
DA:78,4236890
DA:79,4236890
DA:80,4236890
DA:81,4236890
DA:82,4236890
DA:84,4236890
DA:86,1063090
DA:88,1056742
DA:89,1056742
DA:91,6348
DA:93,6348
DA:97,6348
DA:98,6348
DA:99,0
DA:103,1063090
DA:105,1063090
DA:108,4236890
DA:109,23
DA:110,23
DA:113,4236890
DA:114,0
DA:115,0
DA:117,4236890
DA:119,0
DA:120,0
DA:122,0
DA:123,0
DA:125,4236890
DA:126,4236890
DA:129,4236890
DA:131,0
DA:132,0
DA:134,0
DA:135,0
DA:137,4236890
DA:138,4236890
DA:141,4236890
DA:145,71711356
DA:150,71711356
DA:153,71685964
DA:154,215057892
DA:155,143371928
DA:156,215057892
DA:157,143371928
DA:158,215057892
DA:159,143371928
DA:160,215057892
DA:161,143371928
DA:164,71685964
DA:165,215057892
DA:166,143371928
DA:167,215057892
DA:168,143371928
DA:169,215057892
DA:170,143371928
DA:171,215057892
DA:172,143371928
DA:174,71685964
DA:175,71685964
DA:177,71685964
DA:178,71685964
DA:179,71685964
DA:181,71685964
DA:182,71685964
DA:187,25392
DA:189,76176
DA:190,50784
DA:191,76176
DA:192,50784
DA:193,76176
DA:194,50784
DA:195,25392
DA:196,0
DA:198,76176
DA:199,50784
DA:203,143422712
DA:204,71711356
DA:206,71711356
DA:211,71711356
DA:213,71711356
DA:214,71711356
DA:215,71711356
DA:216,71711356
DA:219,71711356
DA:221,0
DA:222,0
DA:223,0
DA:224,0
DA:226,0
DA:227,0
DA:228,0
DA:231,71711356
DA:232,71711356
DA:234,71711356
DA:235,71711356
DA:236,71711356
DA:237,71711356
DA:239,71711356
DA:243,71711356
DA:244,71685964
DA:246,25392
DA:251,71711356
DA:252,0
DA:253,0
DA:255,0
DA:259,71711356
DA:260,68950636
DA:264,71711356
DA:266,71711356
DA:268,0
DA:269,0
DA:270,0
DA:273,0
DA:274,0
DA:275,0
DA:280,25392
DA:281,6348
DA:282,19044
DA:283,19044
DA:284,19044
DA:285,19044
DA:290,5331120
DA:291,1777040
DA:292,1777040
DA:296,0
DA:297,0
DA:298,0
DA:300,0
DA:302,0
DA:303,0
DA:306,0
DA:307,0
DA:312,1142640
DA:313,1015680
DA:314,1015680
DA:315,1015680
DA:320,3554080
DA:321,888520
DA:322,888520
DA:323,888520
DA:324,888520
DA:325,888520
DA:326,888520
DA:331,61658124
DA:332,28439040
DA:333,28439040
DA:334,85317120
DA:335,56878080
DA:342,0
DA:345,71711356
DA:346,71711356
DA:348,4236890
DA:350,4236890
DA:352,4236890
DA:353,6348
DA:354,6348
DA:356,4230542
DA:357,0
DA:358,0
DA:359,0
DA:360,0
DA:363,4236890
DA:364,4236890
LF:211
LH:159
end_of_record
SF:/data/tzwang/opengldev/TinyGL/src/zgl.h
DA:363,71711356
DA:364,215134068
DA:365,143422712
DA:366,143422712
DA:367,143422712
DA:368,71711356
DA:369,71711356
LF:7
LH:7
end_of_record
TN:
SF:/data/tzwang/opengldev/TinyGL/src/init.c
FN:6,initSharedState
FN:16,endSharedState
FN:30,glInit
FN:184,glClose
FNDA:2,initSharedState
FNDA:0,endSharedState
FNDA:2,glInit
FNDA:0,glClose
FNF:4
FNH:2
DA:6,2
DA:8,2
DA:9,2
DA:10,2
DA:11,2
DA:13,2
DA:14,2
DA:16,0
DA:18,0
DA:21,0
DA:24,0
DA:26,0
DA:27,0
DA:30,2
DA:32,2
DA:37,2
DA:38,2
DA:40,2
DA:43,2
DA:44,2
DA:47,2
DA:48,2
DA:49,2
DA:50,2
DA:51,2
DA:52,2
DA:55,2
DA:59,2
DA:60,2
DA:61,2
DA:63,2
DA:66,34
DA:67,32
DA:68,32
DA:69,32
DA:70,32
DA:71,32
DA:72,32
DA:73,32
DA:74,32
DA:75,32
DA:76,32
DA:77,32
DA:78,32
DA:79,32
DA:80,32
DA:82,2
DA:83,2
DA:84,2
DA:85,2
DA:86,2
DA:89,6
DA:90,4
DA:91,4
DA:92,4
DA:93,4
DA:94,4
DA:95,4
DA:97,2
DA:98,2
DA:99,2
DA:102,2
DA:105,2
DA:106,2
DA:107,2
DA:108,2
DA:109,2
DA:110,2
DA:111,2
DA:113,2
DA:114,2
DA:115,2
DA:116,2
DA:118,2
DA:120,2
DA:121,2
DA:122,2
DA:123,2
DA:125,2
DA:126,2
DA:128,2
DA:129,2
DA:130,2
DA:131,2
DA:134,2
DA:135,2
DA:136,2
DA:137,2
DA:138,2
DA:141,2
DA:142,2
DA:143,2
DA:146,2
DA:148,2
DA:149,2
DA:150,2
DA:152,8
DA:153,6
DA:154,6
DA:157,2
DA:158,2
DA:159,2
DA:160,2
DA:161,2
DA:162,2
DA:164,2
DA:167,2
DA:170,2
DA:173,2
DA:176,2
DA:177,2
DA:178,2
DA:181,2
DA:182,2
DA:184,0
DA:186,0
DA:187,0
DA:188,0
DA:189,0
LF:119
LH:108
end_of_record
TN:
SF:/data/tzwang/opengldev/TinyGL/src/misc.c
FN:4,glopViewport
FN:45,glopEnableDisable
FN:93,glopShadeModel
FN:99,glopCullFace
FN:105,glopFrontFace
FN:111,glopPolygonMode
FN:132,glopHint
FN:143,glopPolygonOffset
FNDA:157,glopViewport
FNDA:9524,glopEnableDisable
FNDA:0,glopShadeModel
FNDA:0,glopCullFace
FNDA:0,glopFrontFace
FNDA:1587,glopPolygonMode
FNDA:0,glopHint
FNDA:0,glopPolygonOffset
FNF:8
FNH:3
DA:4,157
DA:8,157
DA:9,157
DA:10,157
DA:11,157
DA:15,314
DA:16,314
DA:17,236
DA:18,79
DA:20,94
DA:21,94
DA:23,188
DA:24,94
DA:25,1
DA:28,93
DA:29,93
DA:30,93
DA:31,0
DA:34,93
DA:36,93
DA:37,93
DA:38,93
DA:39,93
DA:41,93
DA:43,156
DA:45,9524
DA:47,9524
DA:48,9524
DA:50,9524
DA:52,0
DA:53,0
DA:55,4761
DA:56,4761
DA:58,0
DA:59,0
DA:61,0
DA:62,0
DA:64,1587
DA:65,1587
DA:67,1589
DA:68,1589
DA:70,0
DA:71,0
DA:74,0
DA:75,0
DA:78,0
DA:79,0
DA:82,1587
DA:83,1587
DA:91,9524
DA:93,0
DA:95,0
DA:96,0
DA:97,0
DA:99,0
DA:101,0
DA:102,0
DA:103,0
DA:105,0
DA:107,0
DA:108,0
DA:109,0
DA:111,1587
DA:113,1587
DA:114,1587
DA:116,1587
DA:118,0
DA:119,0
DA:121,0
DA:122,0
DA:124,1587
DA:125,1587
DA:126,1587
DA:128,0
DA:130,1587
DA:132,0
DA:140,0
DA:143,0
DA:145,0
DA:146,0
DA:147,0
LF:81
LH:45
end_of_record
TN:
SF:/data/tzwang/opengldev/TinyGL/src/texture.c
FN:19,free_texture
FN:43,alloc_texture
FN:62,glInitTextures
FN:70,glGenTextures
FN:91,glDeleteTextures
FN:109,glopBindTexture
FN:124,glopTexImage2D
FN:184,glopTexEnv
FN:201,glopTexParameter
FN:220,glopPixelStore
FNDA:0,free_texture
FNDA:2,alloc_texture
FNDA:2,glInitTextures
FNDA:0,glGenTextures
FNDA:0,glDeleteTextures
FNDA:0,glopBindTexture
FNDA:0,glopTexImage2D
FNDA:0,glopTexEnv
FNDA:0,glopTexParameter
FNDA:0,glopPixelStore
FNF:10
FNH:2
DA:11,2
DA:12,2
DA:13,2
DA:14,0
DA:19,0
DA:25,0
DA:26,0
DA:27,0
DA:28,0
DA:29,0
DA:31,0
DA:33,0
DA:35,0
DA:36,0
DA:37,0
DA:40,0
DA:41,0
DA:43,2
DA:47,2
DA:49,2
DA:51,2
DA:52,2
DA:53,2
DA:54,2
DA:56,2
DA:58,2
DA:62,2
DA:66,2
DA:67,4
DA:68,2
DA:70,0
DA:72,0
DA:76,0
DA:77,0
DA:78,0
DA:79,0
DA:80,0
DA:81,0
DA:85,0
DA:86,0
DA:88,0
DA:91,0
DA:93,0
DA:97,0
DA:98,0
DA:99,0
DA:100,0
DA:101,0
DA:103,0
DA:106,0
DA:109,0
DA:111,0
DA:112,0
DA:115,0
DA:117,0
DA:118,0
DA:119,0
DA:121,0
DA:122,0
DA:124,0
DA:126,0
DA:127,0
DA:128,0
DA:129,0
DA:130,0
DA:131,0
DA:132,0
DA:133,0
DA:134,0
DA:139,0
DA:140,0
DA:141,0
DA:142,0
DA:145,0
DA:146,0
DA:147,0
DA:149,0
DA:150,0
DA:151,0
DA:152,0
DA:157,0
DA:158,0
DA:159,0
DA:160,0
DA:172,0
DA:173,0
DA:174,0
DA:179,0
DA:180,0
DA:184,0
DA:186,0
DA:187,0
DA:188,0
DA:190,0
DA:192,0
DA:195,0
DA:197,0
DA:198,0
DA:201,0
DA:203,0
DA:204,0
DA:205,0
DA:207,0
DA:209,0
DA:212,0
DA:215,0
DA:218,0
DA:220,0
DA:222,0
DA:223,0
DA:225,0
DA:226,0
DA:227,0
DA:229,0
LF:114
LH:16
end_of_record
TN:
SF:/usr/include/x86_64-linux-gnu/bits/stdio2.h
DA:97,2
DA:127,1
LF:2
LH:2
end_of_record
SF:/data/tzwang/opengldev/TinyGL/src/error.c
FN:4,gl_fatal_error
FNDA:1,gl_fatal_error
FNF:1
FNH:1
DA:4,1
DA:8,1
DA:10,2
DA:11,2
DA:12,2
DA:13,1
LF:6
LH:6
end_of_record
TN:
SF:/usr/include/x86_64-linux-gnu/bits/stdio2.h
DA:97,0
LF:1
LH:0
end_of_record
SF:/data/tzwang/opengldev/TinyGL/src/matrix.c
FN:3,gl_print_matrix
FN:18,glopMatrixMode
FN:36,glopLoadMatrix
FN:57,glopLoadIdentity
FN:65,glopMultMatrix
FN:87,glopPushMatrix
FN:102,glopPopMatrix
FN:112,glopRotate
FN:182,glopScale
FN:196,glopTranslate
FN:212,glopFrustum
FNDA:0,gl_print_matrix
FNDA:314,glopMatrixMode
FNDA:0,glopLoadMatrix
FNDA:314,glopLoadIdentity
FNDA:0,glopMultMatrix
FNDA:38087,glopPushMatrix
FNDA:38085,glopPopMatrix
FNDA:1015480,glopRotate
FNDA:68217,glopScale
FNDA:566625,glopTranslate
FNDA:154,glopFrustum
FNF:11
FNH:8
DA:3,0
DA:7,0
DA:8,0
DA:10,0
DA:14,1726962
DA:18,314
DA:20,314
DA:21,314
DA:23,156
DA:24,156
DA:26,156
DA:27,156
DA:29,2
DA:30,2
DA:32,0
DA:34,314
DA:36,0
DA:43,0
DA:44,0
DA:46,0
DA:47,0
DA:48,0
DA:49,0
DA:50,0
DA:51,0
DA:54,0
DA:55,0
DA:57,314
DA:60,314
DA:62,314
DA:63,314
DA:65,0
DA:71,0
DA:73,0
DA:74,0
DA:75,0
DA:76,0
DA:77,0
DA:78,0
DA:81,0
DA:83,0
DA:84,0
DA:87,38087
DA:89,38087
DA:92,38087
DA:95,38087
DA:97,38087
DA:99,38087
DA:100,38087
DA:102,38085
DA:104,38085
DA:106,38085
DA:107,38085
DA:108,38085
DA:109,38085
DA:112,1015480
DA:119,1015480
DA:120,1015480
DA:121,1015480
DA:122,1015480
DA:125,1015480
DA:127,1015480
DA:129,0
DA:130,0
DA:132,66654
DA:133,66654
DA:134,66654
DA:136,20631
DA:137,20631
DA:138,20631
DA:140,928195
DA:141,928195
DA:142,928195
DA:148,0
DA:149,0
DA:150,0
DA:151,0
DA:152,0
DA:153,0
DA:156,0
DA:157,0
DA:160,0
DA:161,0
DA:162,0
DA:165,0
DA:166,0
DA:167,0
DA:168,0
DA:169,0
DA:170,0
DA:171,0
DA:172,0
DA:173,0
DA:177,1015480
DA:179,1015480
DA:182,68217
DA:185,68217
DA:187,68217
DA:189,68217
DA:190,68217
DA:191,68217
DA:192,68217
DA:193,68217
DA:194,68217
DA:196,566625
DA:199,566625
DA:201,566625
DA:203,566625
DA:204,566625
DA:205,566625
DA:206,566625
DA:208,566625
DA:209,566625
DA:212,154
DA:216,154
DA:217,154
DA:218,154
DA:219,154
DA:220,154
DA:221,154
DA:224,154
DA:225,154
DA:226,154
DA:227,154
DA:228,154
DA:229,154
DA:231,154
DA:232,154
DA:233,154
DA:234,154
DA:235,154
DA:237,154
DA:239,154
DA:240,154
LF:134
LH:85
end_of_record
TN:
SF:/data/tzwang/opengldev/TinyGL/src/msghandling.c
FN:15,tgl_warning
FN:28,tgl_trace
FN:43,tgl_fixme
FNDA:0,tgl_warning
FNDA:93,tgl_trace
FNDA:0,tgl_fixme
FNF:3
FNH:1
DA:15,0
DA:24,0
DA:28,93
DA:37,93
DA:43,0
DA:52,0
LF:6
LH:2
end_of_record
TN:
SF:/data/tzwang/opengldev/TinyGL/src/light.c
FN:4,glopMaterial
FN:52,glopColorMaterial
FN:61,glopLight
FN:134,glopLightModel
FN:166,gl_enable_disable_light
FN:183,gl_shade_vertex
FNDA:564964,glopMaterial
FNDA:0,glopColorMaterial
FNDA:3174,glopLight
FNDA:0,glopLightModel
FNDA:1587,gl_enable_disable_light
FNDA:71685964,gl_shade_vertex
FNF:6
FNH:4
DA:4,564964
DA:6,564964
DA:7,564964
DA:8,564964
DA:12,564964
DA:13,0
DA:14,0
DA:15,0
DA:17,564964
DA:18,0
DA:20,564964
DA:22,0
DA:23,0
DA:26,564964
DA:27,564964
DA:30,564964
DA:31,564964
DA:34,564964
DA:35,564964
DA:38,141241
DA:39,141241
DA:40,141241
DA:42,0
DA:43,0
DA:44,0
DA:45,0
DA:48,0
DA:50,564964
DA:52,0
DA:54,0
DA:55,0
DA:57,0
DA:58,0
DA:59,0
DA:61,3174
DA:63,3174
DA:64,3174
DA:69,3174
DA:71,3174
DA:73,3174
DA:75,3174
DA:77,0
DA:78,0
DA:80,0
DA:81,0
DA:83,0
DA:84,0
DA:88,1587
DA:90,1587
DA:92,1587
DA:93,0
DA:94,0
DA:95,0
DA:97,0
DA:100,1587
DA:102,0
DA:103,0
DA:104,0
DA:106,0
DA:107,0
DA:109,0
DA:110,0
DA:113,1587
DA:114,1587
DA:115,1587
DA:116,1587
DA:120,0
DA:121,0
DA:123,0
DA:124,0
DA:126,0
DA:127,0
DA:129,0
DA:131,3174
DA:134,0
DA:136,0
DA:137,0
DA:140,0
DA:142,0
DA:143,0
DA:146,0
DA:147,0
DA:149,0
DA:150,0
DA:152,0
DA:154,0
DA:156,0
DA:161,286743856
DA:162,283698736
DA:166,1587
DA:168,1587
DA:169,1587
DA:170,2
DA:171,2
DA:172,2
DA:173,2
DA:174,1585
DA:175,0
DA:176,0
DA:177,0
DA:178,0
DA:180,1587
DA:183,71685964
DA:190,71685964
DA:192,71685964
DA:194,71685964
DA:195,71685964
DA:196,71685964
DA:198,71685964
DA:199,71685964
DA:200,71685964
DA:201,143371928
DA:203,143371928
DA:207,71685964
DA:208,71685964
DA:209,71685964
DA:211,71685964
DA:213,0
DA:214,0
DA:215,0
DA:216,0
DA:219,71685964
DA:220,71685964
DA:221,71685964
DA:222,71685964
DA:223,71685964
DA:224,71685964
DA:225,71685964
DA:226,71685964
DA:227,71685964
DA:229,143371928
DA:230,71685964
DA:232,71685964
DA:233,71685964
DA:234,71685964
DA:236,35243172
DA:237,35243172
DA:238,35243172
DA:241,35243172
DA:242,105729516
DA:243,70486344
DA:244,35243172
DA:245,35243172
DA:246,35243172
DA:248,7600589
DA:251,27642583
DA:252,0
DA:259,27642583
DA:261,0
DA:262,0
DA:263,0
DA:264,0
DA:265,0
DA:266,0
DA:267,0
DA:269,27642583
DA:270,27642583
DA:271,27642583
DA:273,27642583
DA:274,27642583
DA:275,27642583
DA:278,25876948
DA:279,25876948
DA:280,25876948
DA:286,25876948
DA:287,25876948
DA:288,25876948
DA:289,25876948
DA:290,25876948
DA:291,25876948
DA:292,25876948
DA:296,64085375
DA:297,64085375
DA:298,64085375
DA:301,71685964
DA:302,71685964
DA:303,71685964
DA:304,71685964
DA:305,71685964
LF:179
LH:109
end_of_record
TN:
SF:/data/tzwang/opengldev/TinyGL/src/clear.c
FN:4,glopClearColor
FN:11,glopClearDepth
FN:17,glopClear
FNDA:1587,glopClearColor
FNDA:0,glopClearDepth
FNDA:1587,glopClear
FNF:3
FNH:2
DA:4,1587
DA:6,1587
DA:7,1587
DA:8,1587
DA:9,1587
DA:10,1587
DA:11,0
DA:13,0
DA:14,0
DA:17,1587
DA:19,1587
DA:20,1587
DA:21,1587
DA:22,1587
DA:23,1587
DA:27,1587
DA:29,1587
LF:17
LH:14
end_of_record
TN:
SF:/data/tzwang/opengldev/TinyGL/src/zline.c
FN:6,ZB_plot
FN:28,ZB_line_flat_z
FN:37,ZB_line_interp_z
FN:44,ZB_line_flat.isra.0
FN:51,ZB_line_interp.isra.1
FN:56,ZB_line_z
FN:71,ZB_line
FNDA:0,ZB_plot
FNDA:25392,ZB_line_flat_z
FNDA:0,ZB_line_interp_z
FNDA:0,ZB_line_flat.isra.0
FNDA:0,ZB_line_interp.isra.1
FNDA:25392,ZB_line_z
FNDA:0,ZB_line
FNF:7
FNH:2
DA:6,0
DA:12,0
DA:13,0
DA:14,0
DA:15,0
DA:21,0
DA:23,0
DA:25,0
DA:28,25392
DA:32,25392
DA:37,0
DA:40,0
DA:44,0
DA:48,0
DA:51,0
DA:54,0
DA:56,25392
DA:60,25392
DA:61,25392
DA:64,25392
DA:65,25392
DA:67,0
DA:69,25392
DA:71,0
DA:75,0
DA:76,0
DA:79,0
DA:80,0
DA:82,0
DA:84,0
LF:30
LH:8
end_of_record
SF:/data/tzwang/opengldev/TinyGL/src/zline.h
DA:17,25392
DA:19,12670
DA:20,12670
DA:21,12670
DA:23,25392
DA:24,25392
DA:26,25392
DA:27,25392
DA:30,25392
DA:31,25392
DA:33,0
DA:34,0
DA:35,0
DA:95,25392
DA:96,52
DA:97,25340
DA:98,6352
DA:99,6350
DA:101,2
DA:104,18988
DA:105,18988
DA:106,4
DA:108,18984
LF:23
LH:20
end_of_record
TN:
SF:/usr/include/x86_64-linux-gnu/bits/stdio2.h
DA:97,0
LF:1
LH:0
end_of_record
SF:/data/tzwang/opengldev/TinyGL/src/zdither.c
FN:35,ZB_initDither
FN:75,ZB_closeDither
FN:105,ZB_ditherFrameBuffer
FNDA:0,ZB_initDither
FNDA:0,ZB_closeDither
FNDA:0,ZB_ditherFrameBuffer
FNF:3
FNH:0
DA:35,0
DA:40,0
DA:41,0
DA:42,0
DA:45,0
DA:47,0
DA:48,0
DA:50,0
DA:51,0
DA:52,0
DA:53,0
DA:54,0
DA:55,0
DA:56,0
DA:57,0
DA:58,0
DA:59,0
DA:64,0
DA:66,0
DA:67,0
DA:68,0
DA:69,0
DA:70,0
DA:71,0
DA:73,0
DA:75,0
DA:77,0
DA:78,0
DA:79,0
DA:105,0
DA:112,0
DA:116,0
DA:118,0
DA:119,0
DA:124,0
DA:125,0
DA:127,0
DA:128,0
DA:129,0
DA:131,0
DA:132,0
DA:133,0
DA:134,0
DA:136,0
DA:137,0
DA:139,0
DA:142,0
DA:144,0
DA:145,0
DA:146,0
DA:147,0
DA:149,0
DA:150,0
DA:152,0
DA:153,0
DA:157,0
LF:56
LH:0
end_of_record
TN:
SF:/data/tzwang/opengldev/TinyGL/src/select.c
FN:3,glRenderMode
FN:42,glSelectBuffer
FN:53,glopInitNames
FN:61,glopPushName
FN:70,glopPopName
FN:79,glopLoadName
FN:88,gl_add_select
FNDA:0,glRenderMode
FNDA:0,glSelectBuffer
FNDA:0,glopInitNames
FNDA:0,glopPushName
FNDA:0,glopPopName
FNDA:0,glopLoadName
FNDA:0,gl_add_select
FNF:7
FNH:0
DA:3,0
DA:5,0
DA:6,0
DA:8,0
DA:12,0
DA:13,0
DA:15,0
DA:17,0
DA:18,0
DA:19,0
DA:20,0
DA:22,0
DA:24,0
DA:26,0
DA:27,0
DA:29,0
DA:30,0
DA:31,0
DA:32,0
DA:33,0
DA:34,0
DA:35,0
DA:37,0
DA:39,0
DA:42,0
DA:44,0
DA:46,0
DA:48,0
DA:49,0
DA:50,0
DA:53,0
DA:55,0
DA:56,0
DA:57,0
DA:59,0
DA:61,0
DA:63,0
DA:64,0
DA:65,0
DA:66,0
DA:68,0
DA:70,0
DA:72,0
DA:73,0
DA:74,0
DA:75,0
DA:77,0
DA:79,0
DA:81,0
DA:82,0
DA:83,0
DA:84,0
DA:86,0
DA:88,0
DA:93,0
DA:94,0
DA:95,0
DA:96,0
DA:97,0
DA:98,0
DA:100,0
DA:101,0
DA:102,0
DA:103,0
DA:104,0
DA:105,0
DA:106,0
DA:107,0
DA:110,0
DA:111,0
DA:114,0
LF:71
LH:0
end_of_record
TN:
SF:/data/tzwang/opengldev/TinyGL/src/specbuf.c
FN:19,specbuf_get_buffer
FNDA:25876948,specbuf_get_buffer
FNF:1
FNH:1
DA:10,6
DA:11,6
DA:12,6156
DA:13,6150
DA:14,6150
DA:19,25876948
DA:23,25876948
DA:24,80590511
DA:25,28836615
DA:26,0
DA:28,28836615
DA:30,25876948
DA:31,25876942
DA:32,25876942
DA:34,6
DA:36,6
DA:37,6
DA:38,6
DA:39,6
DA:40,6
DA:41,6
DA:42,6
DA:48,0
DA:49,0
LF:24
LH:21
end_of_record
TN:
SF:/data/tzwang/opengldev/TinyGL/examples/glu.c
FN:7,drawTorus
FN:39,normal3f
FN:52,gluPerspective
FN:66,gluNewQuadric
FN:71,gluQuadricDrawStyle
FN:75,gluCylinder
FN:130,gluDisk
FN:173,gluSphere
FNDA:0,drawTorus
FNDA:222720,normal3f
FNDA:4,gluPerspective
FNDA:6673,gluNewQuadric
FNDA:0,gluQuadricDrawStyle
FNDA:635,gluCylinder
FNDA:1219,gluDisk
FNDA:4819,gluSphere
FNF:8
FNH:6
DA:7,0
DA:14,0
DA:15,0
DA:17,0
DA:18,0
DA:19,0
DA:20,0
DA:21,0
DA:22,0
DA:24,0
DA:25,0
DA:26,0
DA:27,0
DA:29,0
DA:30,0
DA:31,0
DA:32,0
DA:35,0
DA:37,0
DA:39,222720
DA:43,222720
DA:44,222720
DA:45,222720
DA:46,222720
DA:47,222720
DA:49,222720
DA:50,222720
DA:52,4
DA:57,4
DA:58,4
DA:60,4
DA:61,4
DA:63,4
DA:64,4
DA:66,6673
DA:68,6673
DA:71,0
DA:73,0
DA:75,635
DA:82,635
DA:83,635
DA:84,635
DA:86,635
DA:88,635
DA:89,635
DA:90,635
DA:91,635
DA:93,10795
DA:94,10160
DA:95,10160
DA:96,10160
DA:97,10160
DA:98,10160
DA:99,10160
DA:100,10160
DA:101,10160
DA:102,121520
DA:104,111360
DA:105,111360
DA:106,111360
DA:107,111360
DA:108,111360
DA:109,111360
DA:119,111360
DA:120,111360
DA:121,111360
DA:123,10160
DA:124,10160
DA:126,635
DA:130,1219
DA:141,1219
DA:143,1219
DA:144,1219
DA:148,1219
DA:150,1219
DA:151,13384
DA:152,12165
DA:153,12165
DA:154,218970
DA:155,206805
DA:156,194640
DA:157,206805
DA:158,206805
DA:159,206805
DA:160,206805
DA:161,206805
DA:163,12165
DA:164,12165
DA:167,1219
DA:173,4819
DA:183,4819
DA:184,4819
DA:186,4819
DA:187,4819
DA:190,4819
DA:191,4819
DA:192,4819
DA:193,4819
DA:194,86742
DA:195,81923
DA:196,81923
DA:197,81923
DA:198,81923
DA:199,81923
DA:200,81923
DA:202,4819
DA:205,4819
DA:206,4819
DA:207,4819
DA:209,4819
DA:210,4819
DA:218,81923
DA:219,77104
DA:220,77104
DA:221,77104
DA:222,1387872
DA:223,1310768
DA:224,1310768
DA:225,1310768
DA:226,1310768
DA:227,1310768
DA:228,1310768
DA:229,1310768
DA:230,1310768
DA:231,1310768
DA:232,1310768
DA:233,1310768
DA:234,1310768
DA:235,1310768
DA:236,1310768
DA:238,77104
DA:239,77104
DA:243,4819
DA:244,4819
DA:245,4819
DA:246,4819
DA:247,4819
DA:248,4819
DA:249,4819
DA:250,86742
DA:251,81923
DA:252,81923
DA:253,81923
DA:254,81923
DA:255,81923
DA:256,81923
DA:257,81923
DA:258,81923
DA:260,4819
DA:261,4819
LF:150
LH:129
end_of_record
TN:
SF:/usr/include/x86_64-linux-gnu/bits/stdio2.h
DA:104,301
LF:1
LH:1
end_of_record
SF:/data/tzwang/opengldev/TinyGL/examples/mech.c
FN:168,Heel1Add
FN:174,Heel1Subtract
FN:180,Heel2Add
FN:186,Heel2Subtract
FN:192,Ankle1Add
FN:198,Ankle1Subtract
FN:204,Ankle2Add
FN:210,Ankle2Subtract
FN:216,RotateAdd
FN:222,RotateSubtract
FN:228,MechTiltSubtract
FN:234,MechTiltAdd
FN:240,elbow1Add
FN:246,elbow1Subtract
FN:252,elbow2Add
FN:258,elbow2Subtract
FN:264,shoulder1Add
FN:270,shoulder1Subtract
FN:276,shoulder2Add
FN:282,shoulder2Subtract
FN:288,shoulder3Add
FN:294,shoulder3Subtract
FN:300,shoulder4Add
FN:306,shoulder4Subtract
FN:312,lat1Raise
FN:318,lat1Lower
FN:324,lat2Raise
FN:330,lat2Lower
FN:336,FireCannon
FN:342,RaiseLeg1Forward
FN:348,LowerLeg1Backwards
FN:354,RaiseLeg1Outwards
FN:360,LowerLeg1Inwards
FN:366,RaiseLeg2Forward
FN:372,LowerLeg2Backwards
FN:378,RaiseLeg2Outwards
FN:384,LowerLeg2Inwards
FN:393,TurnRight
FN:399,TurnLeft
FN:405,TurnForwards
FN:411,TurnBackwards
FN:417,LightTurnRight
FN:423,LightTurnLeft
FN:429,LightForwards
FN:435,LightBackwards
FN:444,Box
FN:504,Octagon
FN:570,SetMaterial
FN:580,MechTorso
FN:601,MechHip
FN:633,Shoulder
FN:658,UpperArm
FN:716,VulcanGun
FN:770,ForeArm
FN:792,UpperLeg
FN:858,Foot
FN:873,LowerLeg
FN:969,RocketPod
FN:1025,Enviro
FN:1056,Toggle
FN:1065,disable
FN:1074,lighting
FN:1103,DrawMech
FN:1216,display
FN:1255,init
FN:1276,reshape
FN:1289,animation_walk
FN:1386,animation
FN:1393,key
FN:1640,printHelp
FN:1726,idle
FN:1750,main
FNDA:0,Heel1Add
FNDA:0,Heel1Subtract
FNDA:0,Heel2Add
FNDA:0,Heel2Subtract
FNDA:0,Ankle1Add
FNDA:0,Ankle1Subtract
FNDA:0,Ankle2Add
FNDA:0,Ankle2Subtract
FNDA:0,RotateAdd
FNDA:0,RotateSubtract
FNDA:0,MechTiltSubtract
FNDA:0,MechTiltAdd
FNDA:0,elbow1Add
FNDA:0,elbow1Subtract
FNDA:0,elbow2Add
FNDA:0,elbow2Subtract
FNDA:0,shoulder1Add
FNDA:0,shoulder1Subtract
FNDA:0,shoulder2Add
FNDA:0,shoulder2Subtract
FNDA:0,shoulder3Add
FNDA:0,shoulder3Subtract
FNDA:0,shoulder4Add
FNDA:0,shoulder4Subtract
FNDA:0,lat1Raise
FNDA:0,lat1Lower
FNDA:0,lat2Raise
FNDA:0,lat2Lower
FNDA:0,FireCannon
FNDA:0,RaiseLeg1Forward
FNDA:0,LowerLeg1Backwards
FNDA:0,RaiseLeg1Outwards
FNDA:0,LowerLeg1Inwards
FNDA:0,RaiseLeg2Forward
FNDA:0,LowerLeg2Backwards
FNDA:0,RaiseLeg2Outwards
FNDA:0,LowerLeg2Inwards
FNDA:0,TurnRight
FNDA:0,TurnLeft
FNDA:0,TurnForwards
FNDA:0,TurnBackwards
FNDA:0,LightTurnRight
FNDA:0,LightTurnLeft
FNDA:0,LightForwards
FNDA:0,LightBackwards
FNDA:7583,Box
FNDA:2,Octagon
FNDA:12676,SetMaterial
FNDA:1,MechTorso
FNDA:1,MechHip
FNDA:1,Shoulder
FNDA:1,UpperArm
FNDA:1,VulcanGun
FNDA:1,ForeArm
FNDA:1,UpperLeg
FNDA:1,Foot
FNDA:602,LowerLeg
FNDA:1,RocketPod
FNDA:1,Enviro
FNDA:0,Toggle
FNDA:0,disable
FNDA:301,lighting
FNDA:301,DrawMech
FNDA:301,display
FNDA:1,init
FNDA:4,reshape
FNDA:301,animation_walk
FNDA:0,animation
FNDA:0,key
FNDA:0,printHelp
FNDA:301,idle
FNDA:1,main
FNF:72
FNH:22
DA:168,0
DA:170,0
DA:171,0
DA:174,0
DA:176,0
DA:177,0
DA:180,0
DA:182,0
DA:183,0
DA:186,0
DA:188,0
DA:189,0
DA:192,0
DA:194,0
DA:195,0
DA:198,0
DA:200,0
DA:201,0
DA:204,0
DA:206,0
DA:207,0
DA:210,0
DA:212,0
DA:213,0
DA:216,0
DA:218,0
DA:219,0
DA:222,0
DA:224,0
DA:225,0
DA:228,0
DA:230,0
DA:231,0
DA:234,0
DA:236,0
DA:237,0
DA:240,0
DA:242,0
DA:243,0
DA:246,0
DA:248,0
DA:249,0
DA:252,0
DA:254,0
DA:255,0
DA:258,0
DA:260,0
DA:261,0
DA:264,0
DA:266,0
DA:267,0
DA:270,0
DA:272,0
DA:273,0
DA:276,0
DA:278,0
DA:279,0
DA:282,0
DA:284,0
DA:285,0
DA:288,0
DA:290,0
DA:291,0
DA:294,0
DA:296,0
DA:297,0
DA:300,0
DA:302,0
DA:303,0
DA:306,0
DA:308,0
DA:309,0
DA:312,0
DA:314,0
DA:315,0
DA:318,0
DA:320,0
DA:321,0
DA:324,0
DA:326,0
DA:327,0
DA:330,0
DA:332,0
DA:333,0
DA:336,0
DA:338,0
DA:339,0
DA:342,0
DA:344,0
DA:345,0
DA:348,0
DA:350,0
DA:351,0
DA:354,0
DA:356,0
DA:357,0
DA:360,0
DA:362,0
DA:363,0
DA:366,0
DA:368,0
DA:369,0
DA:372,0
DA:374,0
DA:375,0
DA:378,0
DA:380,0
DA:381,0
DA:384,0
DA:386,0
DA:387,0
DA:393,0
DA:395,0
DA:396,0
DA:399,0
DA:401,0
DA:402,0
DA:405,0
DA:407,0
DA:408,0
DA:411,0
DA:413,0
DA:414,0
DA:417,0
DA:419,0
DA:420,0
DA:423,0
DA:425,0
DA:426,0
DA:429,0
DA:431,0
DA:432,0
DA:435,0
DA:437,0
DA:438,0
DA:444,7583
DA:446,7583
DA:447,7583
DA:449,37915
DA:450,30332
DA:451,30332
DA:452,15166
DA:453,602
DA:455,14564
DA:456,15166
DA:457,15166
DA:458,15166
DA:459,15166
DA:460,15166
DA:461,15166
DA:462,15166
DA:463,14564
DA:464,14564
DA:465,14564
DA:466,14564
DA:467,14564
DA:468,14564
DA:469,14564
DA:470,14564
DA:471,14564
DA:472,14564
DA:476,15166
DA:477,602
DA:479,14564
DA:480,15166
DA:481,15166
DA:482,15166
DA:483,15166
DA:484,15166
DA:485,15166
DA:486,15166
DA:487,14564
DA:488,14564
DA:489,14564
DA:490,14564
DA:491,14564
DA:492,14564
DA:493,14564
DA:494,14564
DA:495,14564
DA:496,14564
DA:501,7583
DA:504,2
DA:507,2
DA:509,2
DA:510,18
DA:511,16
DA:512,16
DA:513,0
DA:515,16
DA:516,16
DA:517,16
DA:518,16
DA:519,16
DA:520,16
DA:521,16
DA:522,16
DA:523,16
DA:524,16
DA:525,16
DA:526,16
DA:527,16
DA:528,16
DA:529,16
DA:530,16
DA:531,16
DA:532,16
DA:533,16
DA:535,16
DA:537,2
DA:570,12676
DA:573,12676
DA:574,12676
DA:575,12676
DA:576,12676
DA:577,12676
DA:580,1
DA:582,1
DA:584,1
DA:586,1
DA:587,1
DA:588,1
DA:590,1
DA:592,1
DA:593,1
DA:594,1
DA:595,1
DA:596,1
DA:597,1
DA:598,1
DA:601,1
DA:606,1
DA:608,1
DA:610,1
DA:611,1
DA:613,3
DA:614,2
DA:615,1
DA:616,2
DA:617,2
DA:619,2
DA:621,2
DA:622,2
DA:623,0
DA:624,2
DA:625,2
DA:627,1
DA:629,1
DA:630,1
DA:633,1
DA:635,1
DA:637,1
DA:639,1
DA:641,1
DA:642,1
DA:643,1
DA:645,1
DA:647,1
DA:649,1
DA:650,0
DA:651,1
DA:653,1
DA:654,1
DA:655,1
DA:658,1
DA:661,1
DA:666,1
DA:668,1
DA:670,1
DA:671,1
DA:672,1
DA:673,1
DA:675,1
DA:677,1
DA:678,1
DA:679,0
DA:680,1
DA:682,1
DA:684,1
DA:685,1
DA:686,1
DA:687,1
DA:688,3
DA:689,2
DA:690,2
DA:691,0
DA:692,2
DA:693,1
DA:695,1
DA:697,2
DA:698,2
DA:699,1
DA:700,2
DA:701,2
DA:702,0
DA:703,2
DA:704,1
DA:705,2
DA:706,2
DA:707,1
DA:709,1
DA:710,1
DA:711,1
DA:712,1
DA:713,1
DA:716,1
DA:724,1
DA:725,1
DA:727,1
DA:730,1
DA:732,1
DA:734,1
DA:735,0
DA:736,0
DA:738,1
DA:739,1
DA:740,1
DA:742,6
DA:743,5
DA:744,5
DA:745,5
DA:746,5
DA:747,5
DA:748,5
DA:749,5
DA:750,5
DA:751,0
DA:752,0
DA:753,0
DA:754,0
DA:755,0
DA:757,5
DA:758,5
DA:759,5
DA:760,5
DA:761,5
DA:762,5
DA:763,5
DA:764,5
DA:766,1
DA:767,1
DA:770,1
DA:774,1
DA:776,1
DA:778,1
DA:779,6
DA:780,5
DA:781,5
DA:782,5
DA:783,5
DA:785,1
DA:786,1
DA:787,1
DA:788,1
DA:789,1
DA:792,1
DA:795,1
DA:796,1
DA:799,1
DA:801,1
DA:803,1
DA:804,1
DA:805,0
DA:806,0
DA:808,1
DA:809,1
DA:810,1
DA:811,6
DA:812,5
DA:813,5
DA:814,5
DA:815,5
DA:817,1
DA:818,1
DA:819,1
DA:820,1
DA:822,1
DA:824,1
DA:825,1
DA:827,1
DA:829,1
DA:830,1
DA:831,1
DA:832,1
DA:833,1
DA:834,1
DA:835,1
DA:837,1
DA:839,1
DA:840,1
DA:841,3
DA:842,2
DA:843,1
DA:844,2
DA:845,2
DA:846,0
DA:847,2
DA:848,1
DA:849,2
DA:850,2
DA:851,1
DA:853,1
DA:854,1
DA:855,1
DA:858,1
DA:861,1
DA:863,1
DA:865,1
DA:866,1
DA:867,1
DA:868,1
DA:869,1
DA:870,1
DA:873,602
DA:876,602
DA:880,602
DA:882,602
DA:883,1806
DA:884,2408
DA:885,2408
DA:886,2408
DA:888,2408
DA:890,2408
DA:891,2408
DA:892,2408
DA:894,2408
DA:896,2408
DA:898,2408
DA:899,2408
DA:900,2408
DA:901,2408
DA:903,2408
DA:904,1204
DA:906,1204
DA:908,2408
DA:910,2408
DA:912,2408
DA:913,2408
DA:914,2408
DA:916,2408
DA:918,2408
DA:920,2408
DA:921,2408
DA:922,2408
DA:924,2408
DA:925,1204
DA:927,1204
DA:928,2408
DA:930,2408
DA:932,2408
DA:933,2408
DA:934,2408
DA:937,602
DA:938,602
DA:939,301
DA:941,301
DA:942,602
DA:943,602
DA:944,0
DA:945,602
DA:946,1806
DA:947,1204
DA:948,1204
DA:949,0
DA:950,1204
DA:951,602
DA:952,602
DA:954,1204
DA:955,1204
DA:956,602
DA:958,602
DA:959,602
DA:960,602
DA:961,602
DA:963,2408
DA:966,602
DA:969,1
DA:972,1
DA:976,1
DA:978,1
DA:980,1
DA:981,1
DA:982,1
DA:983,1
DA:984,1
DA:985,1
DA:986,1
DA:987,1
DA:988,1
DA:989,1
DA:990,1
DA:992,1
DA:994,1
DA:995,1
DA:996,1
DA:997,3
DA:998,6
DA:999,6
DA:1000,6
DA:1001,6
DA:1002,0
DA:1003,0
DA:1005,6
DA:1007,6
DA:1009,6
DA:1010,6
DA:1011,6
DA:1013,6
DA:1015,6
DA:1016,6
DA:1017,6
DA:1018,6
DA:1021,1
DA:1022,1
DA:1025,1
DA:1030,1
DA:1031,1
DA:1032,1
DA:1033,1
DA:1035,1
DA:1036,1
DA:1037,1
DA:1038,7
DA:1039,12
DA:1040,12
DA:1041,6
DA:1042,12
DA:1043,12
DA:1044,12
DA:1045,12
DA:1046,12
DA:1048,6
DA:1049,6
DA:1052,1
DA:1053,1
DA:1056,0
DA:1058,1
DA:1059,0
DA:1061,1
DA:1062,0
DA:1065,0
DA:1067,0
DA:1068,0
DA:1069,0
DA:1070,0
DA:1071,0
DA:1074,301
DA:1077,301
DA:1081,301
DA:1082,301
DA:1083,301
DA:1085,301
DA:1086,301
DA:1087,301
DA:1090,301
DA:1092,301
DA:1093,301
DA:1095,301
DA:1096,301
DA:1097,301
DA:1098,301
DA:1100,301
DA:1103,301
DA:1107,301
DA:1108,301
DA:1109,301
DA:1110,301
DA:1112,301
DA:1114,301
DA:1116,301
DA:1118,301
DA:1119,301
DA:1120,301
DA:1121,301
DA:1123,301
DA:1125,301
DA:1126,301
DA:1127,301
DA:1129,301
DA:1131,301
DA:1132,903
DA:1133,602
DA:1134,602
DA:1135,301
DA:1136,602
DA:1138,602
DA:1140,602
DA:1141,602
DA:1142,301
DA:1143,301
DA:1144,301
DA:1146,301
DA:1147,301
DA:1148,301
DA:1150,602
DA:1152,602
DA:1154,602
DA:1155,602
DA:1156,301
DA:1158,301
DA:1159,602
DA:1161,602
DA:1162,602
DA:1163,602
DA:1164,602
DA:1165,602
DA:1166,602
DA:1168,602
DA:1170,301
DA:1172,301
DA:1174,903
DA:1175,602
DA:1176,602
DA:1177,301
DA:1178,301
DA:1180,301
DA:1181,301
DA:1183,602
DA:1184,602
DA:1185,301
DA:1186,301
DA:1188,301
DA:1189,301
DA:1191,602
DA:1193,602
DA:1194,602
DA:1195,602
DA:1197,602
DA:1198,602
DA:1199,301
DA:1201,301
DA:1202,602
DA:1204,602
DA:1206,602
DA:1209,301
DA:1210,602
DA:1211,301
DA:1212,1
DA:1213,300
DA:1216,301
DA:1218,301
DA:1219,301
DA:1220,301
DA:1222,301
DA:1223,301
DA:1224,301
DA:1226,301
DA:1227,301
DA:1228,301
DA:1229,301
DA:1231,0
DA:1234,301
DA:1235,301
DA:1236,301
DA:1237,300
DA:1240,300
DA:1241,300
DA:1242,2
DA:1243,300
DA:1244,300
DA:1245,300
DA:1246,300
DA:1247,300
DA:1249,300
DA:1250,300
DA:1251,300
DA:1252,300
DA:1255,1
DA:1257,1
DA:1260,1
DA:1262,1
DA:1263,1
DA:1264,1
DA:1265,1
DA:1266,1
DA:1267,1
DA:1268,1
DA:1269,1
DA:1270,1
DA:1271,1
DA:1272,1
DA:1273,1
DA:1276,4
DA:1278,4
DA:1279,4
DA:1280,4
DA:1281,4
DA:1282,4
DA:1283,4
DA:1284,4
DA:1285,4
DA:1289,301
DA:1294,301
DA:1296,154
DA:1297,154
DA:1298,21
DA:1299,154
DA:1300,154
DA:1301,154
DA:1303,0
DA:1304,154
DA:1305,77
DA:1306,77
DA:1307,55
DA:1308,77
DA:1309,77
DA:1310,77
DA:1311,77
DA:1313,0
DA:1314,77
DA:1315,77
DA:1316,77
DA:1317,77
DA:1318,77
DA:1320,77
DA:1321,77
DA:1322,55
DA:1323,77
DA:1324,77
DA:1325,77
DA:1326,77
DA:1328,0
DA:1329,77
DA:1330,77
DA:1331,77
DA:1332,77
DA:1333,77
DA:1335,154
DA:1336,22
DA:1337,154
DA:1338,132
DA:1341,301
DA:1343,169
DA:1344,169
DA:1345,169
DA:1346,148
DA:1348,21
DA:1349,169
DA:1350,88
DA:1351,88
DA:1352,88
DA:1353,88
DA:1354,88
DA:1355,77
DA:1357,11
DA:1358,88
DA:1359,88
DA:1360,88
DA:1362,81
DA:1363,81
DA:1364,81
DA:1365,81
DA:1366,81
DA:1367,71
DA:1369,10
DA:1370,81
DA:1371,81
DA:1372,81
DA:1374,169
DA:1375,21
DA:1376,169
DA:1377,148
DA:1380,301
DA:1381,10
DA:1382,301
DA:1383,301
DA:1386,0
DA:1388,301
DA:1389,0
DA:1393,0
DA:1396,0
DA:1398,0
DA:1402,0
DA:1404,0
DA:1407,0
DA:1409,0
DA:1412,0
DA:1414,0
DA:1417,0
DA:1419,0
DA:1422,0
DA:1424,0
DA:1427,0
DA:1429,0
DA:1432,0
DA:1434,0
DA:1437,0
DA:1439,0
DA:1443,0
DA:1445,0
DA:1448,0
DA:1450,0
DA:1453,0
DA:1455,0
DA:1458,0
DA:1460,0
DA:1464,0
DA:1466,0
DA:1469,0
DA:1471,0
DA:1474,0
DA:1476,0
DA:1479,0
DA:1481,0
DA:1487,0
DA:1489,0
DA:1492,0
DA:1494,0
DA:1497,0
DA:1499,0
DA:1502,0
DA:1504,0
DA:1510,0
DA:1512,0
DA:1515,0
DA:1517,0
DA:1520,0
DA:1522,0
DA:1525,0
DA:1527,0
DA:1531,0
DA:1533,0
DA:1536,0
DA:1538,0
DA:1541,0
DA:1543,0
DA:1546,0
DA:1548,0
DA:1552,0
DA:1554,0
DA:1557,0
DA:1559,0
DA:1562,0
DA:1564,0
DA:1567,0
DA:1569,0
DA:1573,0
DA:1575,0
DA:1578,0
DA:1580,0
DA:1583,0
DA:1585,0
DA:1588,0
DA:1590,0
DA:1596,0
DA:1598,0
DA:1601,0
DA:1603,0
DA:1606,0
DA:1608,0
DA:1611,0
DA:1613,0
DA:1637,0
DA:1640,0
DA:1642,0
DA:1643,0
DA:1644,0
DA:1645,0
DA:1646,0
DA:1724,0
DA:1726,301
DA:1734,301
DA:1735,300
DA:1750,1
DA:1759,1
LF:865
LH:604
end_of_record
TN:
SF:/usr/include/x86_64-linux-gnu/bits/stdio2.h
DA:97,0
LF:1
LH:0
end_of_record
SF:/data/tzwang/opengldev/TinyGL/examples/x11.c
FN:21,WaitForNotify
FN:29,tkSwapBuffers
FN:34,ui_loop
FNDA:4,WaitForNotify
FNDA:300,tkSwapBuffers
FNDA:1,ui_loop
FNF:3
FNH:3
DA:21,4
DA:23,4
DA:29,300
DA:31,300
DA:32,300
DA:34,1
DA:49,1
DA:50,1
DA:51,0
DA:52,0
DA:56,1
DA:57,1
DA:58,0
DA:59,0
DA:63,1
DA:66,1
DA:70,1
DA:71,1
DA:72,1
DA:73,1
DA:74,1
DA:75,1
DA:76,1
DA:77,1
DA:78,1
DA:79,1
DA:80,1
DA:83,1
DA:85,1
DA:86,1
DA:87,1
DA:90,1
DA:92,1
DA:93,1
DA:96,307
DA:97,6
DA:98,6
DA:100,0
DA:101,0
DA:106,0
DA:107,0
DA:109,0
DA:110,0
DA:112,0
DA:113,0
DA:115,0
DA:116,0
DA:118,0
DA:120,0
DA:121,0
DA:125,3
DA:126,3
DA:127,3
DA:128,3
DA:130,3
DA:133,301
LF:56
LH:39
end_of_record
