TN:
SF:/data/tzwang/graphics/TinyGLRender/test3ds/DevRender/TyGL/list.cpp
FN:25,_Z14gl_get_contextv
FN:30,_ZL9find_listP9GLContextj
FN:35,_ZL11delete_listP9GLContexti
FN:55,_ZL10alloc_listP9GLContexti
FN:73,_Z11gl_print_opP8_IO_FILEP7GLParam
FN:102,_Z13gl_compile_opP9GLContextP7GLParam
FN:135,_Z9gl_add_opP7GLParam
FN:153,_Z11glopEndListP9GLContextP7GLParam
FN:159,_Z14glopNextBufferP9GLContextP7GLParam
FN:165,_Z12glopCallListP9GLContextP7GLParam
FN:189,_Z9glNewListji
FN:208,_Z9glEndListv
FN:223,_Z8glIsListj
FN:231,_Z10glGenListsi
FNDA:57437,_Z14gl_get_contextv
FNDA:0,_ZL9find_listP9GLContextj
FNDA:0,_ZL11delete_listP9GLContexti
FNDA:0,_ZL10alloc_listP9GLContexti
FNDA:0,_Z11gl_print_opP8_IO_FILEP7GLParam
FNDA:0,_Z13gl_compile_opP9GLContextP7GLParam
FNDA:57430,_Z9gl_add_opP7GLParam
FNDA:0,_Z11glopEndListP9GLContextP7GLParam
FNDA:0,_Z14glopNextBufferP9GLContextP7GLParam
FNDA:0,_Z12glopCallListP9GLContextP7GLParam
FNDA:0,_Z9glNewListji
FNDA:0,_Z9glEndListv
FNDA:0,_Z8glIsListj
FNDA:0,_Z10glGenListsi
FNF:14
FNH:2
DA:25,57437
DA:27,57437
DA:30,0
DA:32,0
DA:35,0
DA:40,0
DA:41,0
DA:44,0
DA:45,0
DA:46,0
DA:47,0
DA:48,0
DA:51,0
DA:52,0
DA:53,0
DA:55,0
DA:60,0
DA:61,0
DA:63,0
DA:64,0
DA:66,0
DA:68,0
DA:69,0
DA:73,0
DA:78,0
DA:79,0
DA:80,0
DA:81,0
DA:82,0
DA:83,0
DA:84,0
DA:86,0
DA:87,0
DA:89,0
DA:90,0
DA:92,0
DA:94,0
DA:95,0
DA:98,0
DA:99,0
DA:102,0
DA:108,0
DA:109,0
DA:110,0
DA:111,0
DA:114,0
DA:116,0
DA:117,0
DA:119,0
DA:120,0
DA:121,0
DA:123,0
DA:124,0
DA:125,0
DA:128,0
DA:129,0
DA:130,0
DA:132,0
DA:133,0
DA:135,57430
DA:137,57430
DA:140,57430
DA:141,57430
DA:142,57430
DA:144,57430
DA:145,0
DA:147,57430
DA:148,0
DA:150,57430
DA:153,0
DA:155,0
DA:159,0
DA:161,0
DA:165,0
DA:170,0
DA:171,0
DA:172,0
DA:173,0
DA:175,0
DA:176,0
DA:177,0
DA:178,0
DA:179,0
DA:181,0
DA:182,0
DA:185,0
DA:189,0
DA:192,0
DA:194,0
DA:195,0
DA:197,0
DA:198,0
DA:199,0
DA:201,0
DA:202,0
DA:204,0
DA:205,0
DA:206,0
DA:208,0
DA:210,0
DA:213,0
DA:216,0
DA:217,0
DA:219,0
DA:220,0
DA:221,0
DA:223,0
DA:225,0
DA:227,0
DA:228,0
DA:231,0
DA:233,0
DA:237,0
DA:238,0
DA:239,0
DA:240,0
DA:241,0
DA:242,0
DA:243,0
DA:244,0
DA:245,0
DA:247,0
DA:250,0
DA:253,0
LF:124
LH:10
end_of_record
TN:
SF:/data/tzwang/graphics/TinyGLRender/test3ds/DevRender/TyGL/memory.cpp
FN:8,_Z7gl_freePv
FN:13,_Z9gl_malloci
FN:18,_Z9gl_zalloci
FNDA:5,_Z7gl_freePv
FNDA:16,_Z9gl_malloci
FNDA:16,_Z9gl_zalloci
FNF:3
FNH:3
DA:8,5
DA:10,5
DA:11,5
DA:13,16
DA:15,16
DA:18,16
DA:20,16
LF:7
LH:7
end_of_record
TN:
SF:/data/tzwang/graphics/TinyGLRender/test3ds/DevRender/TyGL/ztriangle.cpp
FN:6,_Z19ZB_fillTriangleFlatP7ZBufferP12ZBufferPointS2_S2_
FN:64,_Z21ZB_fillTriangleSmoothP7ZBufferP12ZBufferPointS2_S2_
FN:174,_Z13ZB_setTextureP7ZBufferPh
FN:179,_Z22ZB_fillTriangleMappingP7ZBufferP12ZBufferPointS2_S2_
FN:236,_Z33ZB_fillTriangleMappingPerspectiveP7ZBufferP12ZBufferPointS2_S2_
FNDA:0,_Z19ZB_fillTriangleFlatP7ZBufferP12ZBufferPointS2_S2_
FNDA:0,_Z21ZB_fillTriangleSmoothP7ZBufferP12ZBufferPointS2_S2_
FNDA:6366,_Z13ZB_setTextureP7ZBufferPh
FNDA:0,_Z22ZB_fillTriangleMappingP7ZBufferP12ZBufferPointS2_S2_
FNDA:6366,_Z33ZB_fillTriangleMappingPerspectiveP7ZBufferP12ZBufferPointS2_S2_
FNF:5
FNH:2
DA:6,0
DA:64,0
DA:174,6366
DA:176,6366
DA:177,6366
DA:179,0
DA:236,6366
LF:7
LH:4
end_of_record
SF:/data/tzwang/graphics/TinyGLRender/test3ds/DevRender/include/ztriangle.h
DA:37,6366
DA:38,2894
DA:39,2894
DA:40,2894
DA:42,6366
DA:43,3170
DA:44,3170
DA:45,3170
DA:46,3170
DA:47,3196
DA:48,2
DA:49,2
DA:50,2
DA:55,6366
DA:56,6366
DA:58,6366
DA:59,6366
DA:61,6366
DA:62,6366
DA:63,0
DA:64,6366
DA:66,6366
DA:67,6366
DA:68,6366
DA:69,6366
DA:72,6366
DA:73,6366
DA:74,6366
DA:75,6366
DA:79,0
DA:80,0
DA:81,0
DA:82,0
DA:84,0
DA:85,0
DA:86,0
DA:87,0
DA:89,0
DA:90,0
DA:91,0
DA:92,0
DA:97,0
DA:98,0
DA:99,0
DA:100,0
DA:102,0
DA:103,0
DA:104,0
DA:105,0
DA:111,6366
DA:112,6366
DA:113,6366
DA:114,6366
DA:115,6366
DA:116,6366
DA:117,6366
DA:118,6366
DA:119,6366
DA:121,6366
DA:122,6366
DA:123,6366
DA:124,6366
DA:126,6366
DA:127,6366
DA:128,6366
DA:129,6366
DA:135,6366
DA:136,6366
DA:138,6366
DA:140,19098
DA:141,12732
DA:142,6366
DA:143,2998
DA:144,2998
DA:145,2998
DA:146,2998
DA:147,2998
DA:148,2998
DA:150,3368
DA:151,3368
DA:152,3368
DA:153,3368
DA:154,3368
DA:155,3368
DA:157,6366
DA:160,6366
DA:161,2998
DA:162,2998
DA:163,2998
DA:164,2998
DA:166,3368
DA:167,3368
DA:168,3368
DA:169,3368
DA:171,6366
DA:176,12732
DA:177,9734
DA:178,9734
DA:179,9734
DA:180,9246
DA:182,488
DA:183,9734
DA:184,9734
DA:185,9734
DA:186,9734
DA:187,9734
DA:190,9734
DA:191,9734
DA:192,9734
DA:195,0
DA:196,0
DA:197,0
DA:199,0
DA:200,0
DA:201,0
DA:203,0
DA:204,0
DA:205,0
DA:208,0
DA:209,0
DA:210,0
DA:212,0
DA:213,0
DA:214,0
DA:217,9734
DA:218,9734
DA:219,9734
DA:221,9734
DA:222,9734
DA:223,9734
DA:229,12732
DA:230,9364
DA:231,9364
DA:232,9364
DA:233,9240
DA:235,124
DA:236,9364
DA:241,282312
DA:242,134790
DA:262,0
DA:263,0
DA:265,0
DA:266,0
DA:269,0
DA:270,0
DA:271,0
DA:274,0
DA:275,0
DA:281,0
DA:282,0
DA:283,0
DA:284,0
DA:285,0
DA:287,0
DA:289,0
DA:290,0
DA:292,0
DA:293,0
DA:295,0
DA:297,0
DA:298,0
DA:302,134790
DA:306,134790
DA:307,134790
DA:308,69732
DA:309,69732
DA:311,69732
DA:314,0
DA:315,0
DA:316,0
DA:319,0
DA:320,0
DA:323,69732
DA:324,69732
DA:327,65058
DA:329,65058
DA:332,0
DA:333,0
DA:334,0
DA:337,0
DA:338,0
DA:341,65058
DA:342,65058
DA:347,134790
DA:350,134790
DA:351,134790
LF:186
LH:118
end_of_record
TN:
SF:/data/tzwang/graphics/TinyGLRender/test3ds/DevRender/TyGL/arrays.cpp
FN:11,_Z16glopArrayElementP9GLContextP7GLParam
FN:55,_Z14glArrayElementi
FN:65,_Z21glopEnableClientStateP9GLContextP7GLParam
FN:71,_Z19glEnableClientStatei
FN:97,_Z22glopDisableClientStateP9GLContextP7GLParam
FN:103,_Z20glDisableClientStatei
FN:129,_Z17glopVertexPointerP9GLContextP7GLParam
FN:137,_Z15glVertexPointeriiiPKv
FN:150,_Z16glopColorPointerP9GLContextP7GLParam
FN:158,_Z14glColorPointeriiiPKv
FN:171,_Z17glopNormalPointerP9GLContextP7GLParam
FN:178,_Z15glNormalPointeriiPKv
FN:189,_Z19glopTexCoordPointerP9GLContextP7GLParam
FN:197,_Z17glTexCoordPointeriiiPKv
FNDA:0,_Z16glopArrayElementP9GLContextP7GLParam
FNDA:0,_Z14glArrayElementi
FNDA:0,_Z21glopEnableClientStateP9GLContextP7GLParam
FNDA:0,_Z19glEnableClientStatei
FNDA:0,_Z22glopDisableClientStateP9GLContextP7GLParam
FNDA:0,_Z20glDisableClientStatei
FNDA:0,_Z17glopVertexPointerP9GLContextP7GLParam
FNDA:0,_Z15glVertexPointeriiiPKv
FNDA:0,_Z16glopColorPointerP9GLContextP7GLParam
FNDA:0,_Z14glColorPointeriiiPKv
FNDA:0,_Z17glopNormalPointerP9GLContextP7GLParam
FNDA:0,_Z15glNormalPointeriiPKv
FNDA:0,_Z19glopTexCoordPointerP9GLContextP7GLParam
FNDA:0,_Z17glTexCoordPointeriiiPKv
FNF:14
FNH:0
DA:11,0
DA:14,0
DA:15,0
DA:17,0
DA:19,0
DA:20,0
DA:21,0
DA:22,0
DA:23,0
DA:24,0
DA:25,0
DA:27,0
DA:28,0
DA:29,0
DA:30,0
DA:31,0
DA:32,0
DA:34,0
DA:35,0
DA:36,0
DA:37,0
DA:38,0
DA:39,0
DA:40,0
DA:42,0
DA:44,0
DA:45,0
DA:46,0
DA:47,0
DA:48,0
DA:49,0
DA:50,0
DA:52,0
DA:55,0
DA:58,0
DA:59,0
DA:60,0
DA:61,0
DA:65,0
DA:67,0
DA:68,0
DA:71,0
DA:74,0
DA:76,0
DA:78,0
DA:79,0
DA:81,0
DA:82,0
DA:84,0
DA:85,0
DA:87,0
DA:88,0
DA:90,0
DA:93,0
DA:94,0
DA:97,0
DA:99,0
DA:100,0
DA:103,0
DA:106,0
DA:108,0
DA:110,0
DA:111,0
DA:113,0
DA:114,0
DA:116,0
DA:117,0
DA:119,0
DA:120,0
DA:122,0
DA:125,0
DA:126,0
DA:129,0
DA:131,0
DA:132,0
DA:133,0
DA:134,0
DA:137,0
DA:141,0
DA:142,0
DA:143,0
DA:144,0
DA:145,0
DA:146,0
DA:147,0
DA:150,0
DA:152,0
DA:153,0
DA:154,0
DA:155,0
DA:158,0
DA:162,0
DA:163,0
DA:164,0
DA:165,0
DA:166,0
DA:167,0
DA:168,0
DA:171,0
DA:173,0
DA:174,0
DA:175,0
DA:178,0
DA:182,0
DA:183,0
DA:184,0
DA:185,0
DA:186,0
DA:189,0
DA:191,0
DA:192,0
DA:193,0
DA:194,0
DA:197,0
DA:201,0
DA:202,0
DA:203,0
DA:204,0
DA:205,0
DA:206,0
LF:120
LH:0
end_of_record
TN:
SF:/data/tzwang/graphics/TinyGLRender/test3ds/DevRender/TyGL/api.cpp
FN:5,_Z10glVertex4fffff
FN:18,_Z10glVertex2fff
FN:23,_Z10glVertex3ffff
FN:28,_Z11glVertex3fvPf
FN:35,_Z10glNormal3ffff
FN:47,_Z11glNormal3fvPf
FN:54,_Z9glColor4fffff
FN:73,_Z10glColor4fvPf
FN:92,_Z9glColor3ffff
FN:97,_Z10glColor3fvPf
FN:105,_Z12glTexCoord4fffff
FN:118,_Z12glTexCoord2fff
FN:123,_Z13glTexCoord2fvPf
FN:128,_Z10glEdgeFlagi
FN:140,_Z12glShadeModeli
FN:152,_Z10glCullFacei
FN:166,_Z11glFrontFacei
FN:180,_Z13glPolygonModeii
FN:199,_Z8glEnablei
FN:210,_Z9glDisablei
FN:223,_Z7glBegini
FN:233,_Z5glEndv
FN:244,_Z12glMatrixModei
FN:254,_Z13glLoadMatrixfPKf
FN:265,_Z14glLoadIdentityv
FN:274,_Z13glMultMatrixfPKf
FN:285,_Z12glPushMatrixv
FN:294,_Z11glPopMatrixv
FN:303,_Z9glRotatefffff
FN:316,_Z12glTranslateffff
FN:328,_Z8glScaleffff
FN:341,_Z10glViewportiiii
FN:354,_Z9glFrustumdddddd
FN:372,_Z12glMaterialfviiPf
FN:390,_Z11glMaterialfiif
FN:404,_Z15glColorMaterialii
FN:415,_Z9glLightfviiPf
FN:430,_Z8glLightfiif
FN:444,_Z13glLightModeliii
FN:457,_Z14glLightModelfviPf
FN:471,_Z7glCleari
FN:481,_Z12glClearColorffff
FN:494,_Z12glClearDepthd
FN:507,_Z12glTexImage2DiiiiiiiiPv
FN:528,_Z13glBindTextureii
FN:539,_Z9glTexEnviiii
FN:555,_Z15glTexParameteriiii
FN:571,_Z13glPixelStoreiii
FN:584,_Z11glInitNamesv
FN:593,_Z10glPushNamej
FN:603,_Z9glPopNamev
FN:612,_Z10glLoadNamej
FN:623,_Z15glPolygonOffsetff
FN:633,_Z10glCallListj
FN:643,_Z7glFlushv
FN:648,_Z6glHintii
FN:661,_Z7glDebugi
FNDA:19116,_Z10glVertex4fffff
FNDA:0,_Z10glVertex2fff
FNDA:19116,_Z10glVertex3ffff
FNDA:0,_Z11glVertex3fvPf
FNDA:19116,_Z10glNormal3ffff
FNDA:0,_Z11glNormal3fvPf
FNDA:2,_Z9glColor4fffff
FNDA:0,_Z10glColor4fvPf
FNDA:2,_Z9glColor3ffff
FNDA:0,_Z10glColor3fvPf
FNDA:19116,_Z12glTexCoord4fffff
FNDA:19116,_Z12glTexCoord2fff
FNDA:0,_Z13glTexCoord2fvPf
FNDA:0,_Z10glEdgeFlagi
FNDA:0,_Z12glShadeModeli
FNDA:0,_Z10glCullFacei
FNDA:0,_Z11glFrontFacei
FNDA:0,_Z13glPolygonModeii
FNDA:12,_Z8glEnablei
FNDA:0,_Z9glDisablei
FNDA:2,_Z7glBegini
FNDA:2,_Z5glEndv
FNDA:14,_Z12glMatrixModei
FNDA:0,_Z13glLoadMatrixfPKf
FNDA:16,_Z14glLoadIdentityv
FNDA:2,_Z13glMultMatrixfPKf
FNDA:0,_Z12glPushMatrixv
FNDA:0,_Z11glPopMatrixv
FNDA:2,_Z9glRotatefffff
FNDA:2,_Z12glTranslateffff
FNDA:0,_Z8glScaleffff
FNDA:6,_Z10glViewportiiii
FNDA:4,_Z9glFrustumdddddd
FNDA:0,_Z12glMaterialfviiPf
FNDA:0,_Z11glMaterialfiif
FNDA:0,_Z15glColorMaterialii
FNDA:0,_Z9glLightfviiPf
FNDA:0,_Z8glLightfiif
FNDA:0,_Z13glLightModeliii
FNDA:0,_Z14glLightModelfviPf
FNDA:2,_Z7glCleari
FNDA:0,_Z12glClearColorffff
FNDA:0,_Z12glClearDepthd
FNDA:2,_Z12glTexImage2DiiiiiiiiPv
FNDA:4,_Z13glBindTextureii
FNDA:0,_Z9glTexEnviiii
FNDA:8,_Z15glTexParameteriiii
FNDA:2,_Z13glPixelStoreiii
FNDA:0,_Z11glInitNamesv
FNDA:0,_Z10glPushNamej
FNDA:0,_Z9glPopNamev
FNDA:0,_Z10glLoadNamej
FNDA:0,_Z15glPolygonOffsetff
FNDA:0,_Z10glCallListj
FNDA:2,_Z7glFlushv
FNDA:0,_Z6glHintii
FNDA:0,_Z7glDebugi
FNF:57
FNH:23
DA:5,19116
DA:9,19116
DA:10,19116
DA:11,19116
DA:12,19116
DA:13,19116
DA:15,19116
DA:16,19116
DA:18,0
DA:20,0
DA:21,0
DA:23,19116
DA:25,19116
DA:26,19116
DA:28,0
DA:30,0
DA:31,0
DA:35,19116
DA:39,19116
DA:40,19116
DA:41,19116
DA:42,19116
DA:44,19116
DA:45,19116
DA:47,0
DA:49,0
DA:50,0
DA:54,2
DA:58,2
DA:59,2
DA:60,2
DA:61,2
DA:62,2
DA:64,2
DA:65,2
DA:66,2
DA:67,2
DA:68,2
DA:69,2
DA:70,2
DA:71,2
DA:73,0
DA:77,0
DA:78,0
DA:79,0
DA:80,0
DA:81,0
DA:83,0
DA:84,0
DA:85,0
DA:86,0
DA:87,0
DA:88,0
DA:89,0
DA:90,0
DA:92,2
DA:94,2
DA:95,2
DA:97,0
DA:99,0
DA:100,0
DA:105,19116
DA:109,19116
DA:110,19116
DA:111,19116
DA:112,19116
DA:113,19116
DA:115,19116
DA:116,19116
DA:118,19116
DA:120,19116
DA:121,19116
DA:123,0
DA:125,0
DA:126,0
DA:128,0
DA:132,0
DA:133,0
DA:135,0
DA:136,0
DA:140,0
DA:144,0
DA:146,0
DA:147,0
DA:149,0
DA:150,0
DA:152,0
DA:156,0
DA:158,0
DA:160,0
DA:161,0
DA:163,0
DA:164,0
DA:166,0
DA:170,0
DA:172,0
DA:174,0
DA:175,0
DA:177,0
DA:178,0
DA:180,0
DA:184,0
DA:186,0
DA:187,0
DA:189,0
DA:190,0
DA:191,0
DA:193,0
DA:194,0
DA:199,12
DA:203,12
DA:204,12
DA:205,12
DA:207,12
DA:208,12
DA:210,0
DA:214,0
DA:215,0
DA:216,0
DA:218,0
DA:219,0
DA:223,2
DA:227,2
DA:228,2
DA:230,2
DA:231,2
DA:233,2
DA:237,2
DA:239,2
DA:240,2
DA:244,14
DA:248,14
DA:249,14
DA:251,14
DA:252,14
DA:254,0
DA:259,0
DA:260,0
DA:262,0
DA:263,0
DA:265,16
DA:269,16
DA:271,16
DA:272,16
DA:274,2
DA:279,2
DA:280,2
DA:282,2
DA:283,2
DA:285,0
DA:289,0
DA:291,0
DA:292,0
DA:294,0
DA:298,0
DA:300,0
DA:301,0
DA:303,2
DA:307,2
DA:308,2
DA:309,2
DA:310,2
DA:311,2
DA:313,2
DA:314,2
DA:316,2
DA:320,2
DA:321,2
DA:322,2
DA:323,2
DA:325,2
DA:326,2
DA:328,0
DA:332,0
DA:333,0
DA:334,0
DA:335,0
DA:337,0
DA:338,0
DA:341,6
DA:345,6
DA:346,6
DA:347,6
DA:348,6
DA:349,6
DA:351,6
DA:352,6
DA:354,4
DA:359,4
DA:360,4
DA:361,4
DA:362,4
DA:363,4
DA:364,4
DA:365,4
DA:367,4
DA:368,4
DA:372,0
DA:377,0
DA:379,0
DA:380,0
DA:381,0
DA:382,0
DA:383,0
DA:384,0
DA:385,0
DA:387,0
DA:388,0
DA:390,0
DA:395,0
DA:396,0
DA:397,0
DA:398,0
DA:399,0
DA:401,0
DA:402,0
DA:404,0
DA:408,0
DA:409,0
DA:410,0
DA:412,0
DA:413,0
DA:415,0
DA:420,0
DA:421,0
DA:422,0
DA:424,0
DA:426,0
DA:427,0
DA:430,0
DA:435,0
DA:436,0
DA:437,0
DA:438,0
DA:439,0
DA:441,0
DA:442,0
DA:444,0
DA:449,0
DA:450,0
DA:451,0
DA:452,0
DA:454,0
DA:455,0
DA:457,0
DA:462,0
DA:463,0
DA:464,0
DA:466,0
DA:467,0
DA:471,2
DA:475,2
DA:476,2
DA:478,2
DA:479,2
DA:481,0
DA:485,0
DA:486,0
DA:487,0
DA:488,0
DA:489,0
DA:491,0
DA:492,0
DA:494,0
DA:498,0
DA:499,0
DA:501,0
DA:502,0
DA:507,2
DA:513,2
DA:514,2
DA:515,2
DA:516,2
DA:517,2
DA:518,2
DA:519,2
DA:520,2
DA:521,2
DA:522,2
DA:524,2
DA:525,2
DA:528,4
DA:532,4
DA:533,4
DA:534,4
DA:536,4
DA:537,4
DA:539,0
DA:543,0
DA:544,0
DA:545,0
DA:546,0
DA:547,0
DA:548,0
DA:549,0
DA:550,0
DA:552,0
DA:553,0
DA:555,8
DA:559,8
DA:560,8
DA:561,8
DA:562,8
DA:563,8
DA:564,8
DA:565,8
DA:566,8
DA:568,8
DA:569,8
DA:571,2
DA:575,2
DA:576,2
DA:577,2
DA:579,2
DA:580,2
DA:584,0
DA:588,0
DA:590,0
DA:591,0
DA:593,0
DA:597,0
DA:598,0
DA:600,0
DA:601,0
DA:603,0
DA:607,0
DA:609,0
DA:610,0
DA:612,0
DA:616,0
DA:617,0
DA:619,0
DA:620,0
DA:623,0
DA:626,0
DA:627,0
DA:628,0
DA:629,0
DA:633,0
DA:637,0
DA:638,0
DA:640,0
DA:641,0
DA:643,2
DA:646,2
DA:648,0
DA:652,0
DA:653,0
DA:654,0
DA:656,0
DA:657,0
DA:661,0
DA:663,0
DA:664,0
DA:665,0
LF:355
LH:151
end_of_record
TN:
SF:/data/tzwang/graphics/TinyGLRender/test3ds/DevRender/TyGL/image_util.cpp
FN:7,_Z23gl_convertRGB_to_5R6G5BPtPhii
FN:21,_Z25gl_convertRGB_to_8A8R8G8BPjPhii
FN:44,_ZL11interpolateiiiii
FN:54,_Z14gl_resizeImagePhiiS_ii
FN:105,_Z27gl_resizeImageNoInterpolatePhiiS_ii
FNDA:0,_Z23gl_convertRGB_to_5R6G5BPtPhii
FNDA:0,_Z25gl_convertRGB_to_8A8R8G8BPjPhii
FNDA:0,_ZL11interpolateiiiii
FNDA:0,_Z14gl_resizeImagePhiiS_ii
FNDA:2,_Z27gl_resizeImageNoInterpolatePhiiS_ii
FNF:5
FNH:1
DA:7,0
DA:13,0
DA:14,0
DA:15,0
DA:16,0
DA:17,0
DA:19,0
DA:21,0
DA:27,0
DA:28,0
DA:29,0
DA:30,0
DA:31,0
DA:32,0
DA:33,0
DA:35,0
DA:44,0
DA:46,0
DA:54,0
DA:61,0
DA:62,0
DA:64,0
DA:65,0
DA:67,0
DA:68,0
DA:69,0
DA:70,0
DA:71,0
DA:72,0
DA:73,0
DA:74,0
DA:76,0
DA:77,0
DA:78,0
DA:79,0
DA:80,0
DA:81,0
DA:84,0
DA:85,0
DA:86,0
DA:87,0
DA:88,0
DA:89,0
DA:90,0
DA:94,0
DA:95,0
DA:97,0
DA:99,0
DA:105,2
DA:112,2
DA:113,2
DA:115,2
DA:116,2
DA:118,2
DA:119,514
DA:120,512
DA:121,131584
DA:122,131072
DA:123,131072
DA:124,131072
DA:126,131072
DA:127,131072
DA:128,131072
DA:130,131072
DA:131,131072
DA:133,512
DA:135,2
LF:67
LH:19
end_of_record
TN:
SF:/data/tzwang/graphics/TinyGLRender/test3ds/DevRender/TyGL/clip.cpp
FN:13,_Z24gl_transform_to_viewportP9GLContextP8GLVertex
FN:51,_ZL14gl_add_select1P9GLContextiii
FN:65,_Z13gl_draw_pointP9GLContextP8GLVertex
FN:78,_ZL11interpolateP8GLVertexS0_S0_f
FN:96,_ZL9ClipLine1ffPfS_
FN:112,_Z12gl_draw_lineP9GLContextP8GLVertexS2_
FN:196,_ZL9clip_xminP2V4S0_S0_
FN:198,_ZL9clip_xmaxP2V4S0_S0_
FN:200,_ZL9clip_yminP2V4S0_S0_
FN:202,_ZL9clip_ymaxP2V4S0_S0_
FN:204,_ZL9clip_zminP2V4S0_S0_
FN:206,_ZL9clip_zmaxP2V4S0_S0_
FN:215,_ZL9updateTmpP9GLContextP8GLVertexS2_S2_f
FN:241,_Z16gl_draw_triangleP9GLContextP8GLVertexS2_S2_
FN:292,_ZL21gl_draw_triangle_clipP9GLContextP8GLVertexS2_S2_i
FN:373,_Z23gl_draw_triangle_selectP9GLContextP8GLVertexS2_S2_
FN:383,_Z21gl_draw_triangle_fillP9GLContextP8GLVertexS2_S2_
FN:418,_Z21gl_draw_triangle_lineP9GLContextP8GLVertexS2_S2_
FN:435,_Z22gl_draw_triangle_pointP9GLContextP8GLVertexS2_S2_
FNDA:19116,_Z24gl_transform_to_viewportP9GLContextP8GLVertex
FNDA:0,_ZL14gl_add_select1P9GLContextiii
FNDA:0,_Z13gl_draw_pointP9GLContextP8GLVertex
FNDA:0,_ZL11interpolateP8GLVertexS0_S0_f
FNDA:0,_ZL9ClipLine1ffPfS_
FNDA:0,_Z12gl_draw_lineP9GLContextP8GLVertexS2_
FNDA:0,_ZL9clip_xminP2V4S0_S0_
FNDA:0,_ZL9clip_xmaxP2V4S0_S0_
FNDA:0,_ZL9clip_yminP2V4S0_S0_
FNDA:0,_ZL9clip_ymaxP2V4S0_S0_
FNDA:0,_ZL9clip_zminP2V4S0_S0_
FNDA:0,_ZL9clip_zmaxP2V4S0_S0_
FNDA:0,_ZL9updateTmpP9GLContextP8GLVertexS2_S2_f
FNDA:6372,_Z16gl_draw_triangleP9GLContextP8GLVertexS2_S2_
FNDA:0,_ZL21gl_draw_triangle_clipP9GLContextP8GLVertexS2_S2_i
FNDA:0,_Z23gl_draw_triangle_selectP9GLContextP8GLVertexS2_S2_
FNDA:6366,_Z21gl_draw_triangle_fillP9GLContextP8GLVertexS2_S2_
FNDA:0,_Z21gl_draw_triangle_lineP9GLContextP8GLVertexS2_S2_
FNDA:0,_Z22gl_draw_triangle_pointP9GLContextP8GLVertexS2_S2_
FNF:19
FNH:3
DA:13,19116
DA:18,19116
DA:19,19116
DA:20,19116
DA:21,19116
DA:22,19116
DA:23,19116
DA:24,19116
DA:26,19116
DA:27,19116
DA:28,19116
DA:29,19116
DA:30,19116
DA:31,19116
DA:32,19116
DA:35,0
DA:36,0
DA:37,0
DA:42,19116
DA:43,19116
DA:44,19116
DA:45,19116
DA:46,19116
DA:48,19116
DA:51,0
DA:54,0
DA:55,0
DA:56,0
DA:57,0
DA:58,0
DA:60,0
DA:61,0
DA:65,0
DA:67,0
DA:68,0
DA:69,0
DA:71,0
DA:74,0
DA:78,0
DA:80,0
DA:81,0
DA:82,0
DA:83,0
DA:85,0
DA:86,0
DA:87,0
DA:88,0
DA:96,0
DA:100,0
DA:101,0
DA:102,0
DA:103,0
DA:104,0
DA:105,0
DA:106,0
DA:107,0
DA:108,0
DA:109,0
DA:112,0
DA:119,0
DA:120,0
DA:122,0
DA:123,0
DA:124,0
DA:126,0
DA:127,0
DA:129,0
DA:131,0
DA:132,0
DA:134,0
DA:135,0
DA:136,0
DA:137,0
DA:138,0
DA:139,0
DA:140,0
DA:141,0
DA:143,0
DA:144,0
DA:145,0
DA:146,0
DA:147,0
DA:148,0
DA:149,0
DA:150,0
DA:152,0
DA:153,0
DA:154,0
DA:155,0
DA:157,0
DA:158,0
DA:160,0
DA:196,0
DA:198,0
DA:200,0
DA:202,0
DA:204,0
DA:206,0
DA:215,0
DA:218,0
DA:219,0
DA:220,0
DA:221,0
DA:223,0
DA:224,0
DA:225,0
DA:228,0
DA:229,0
DA:230,0
DA:233,0
DA:234,0
DA:235,0
DA:236,0
DA:241,6372
DA:247,6372
DA:248,6372
DA:249,6372
DA:251,6372
DA:254,6372
DA:256,6372
DA:257,6372
DA:259,6378
DA:261,6366
DA:262,6366
DA:265,6366
DA:267,0
DA:268,0
DA:269,0
DA:270,0
DA:271,0
DA:272,0
DA:274,0
DA:278,6366
DA:279,5188
DA:281,1178
DA:285,0
DA:286,0
DA:287,0
DA:292,0
DA:299,0
DA:300,0
DA:301,0
DA:303,0
DA:304,0
DA:305,0
DA:307,0
DA:309,0
DA:312,0
DA:313,0
DA:317,0
DA:324,0
DA:327,0
DA:328,0
DA:330,0
DA:333,0
DA:334,0
DA:335,0
DA:337,0
DA:338,0
DA:340,0
DA:341,0
DA:343,0
DA:344,0
DA:345,0
DA:346,0
DA:348,0
DA:349,0
DA:350,0
DA:351,0
DA:355,0
DA:356,0
DA:357,0
DA:359,0
DA:360,0
DA:362,0
DA:363,0
DA:365,0
DA:366,0
DA:367,0
DA:373,0
DA:376,0
DA:377,0
DA:383,6366
DA:403,6366
DA:407,6366
DA:408,6366
DA:409,0
DA:410,0
DA:412,0
DA:414,6366
DA:418,0
DA:421,0
DA:422,0
DA:423,0
DA:424,0
DA:426,0
DA:427,0
DA:428,0
DA:430,0
DA:435,0
DA:438,0
DA:439,0
DA:440,0
DA:441,0
LF:204
LH:41
end_of_record
SF:/data/tzwang/graphics/TinyGLRender/test3ds/DevRender/include/zgl.h
FN:360,_ZL11gl_clipcodeffff
FNDA:0,_ZL11gl_clipcodeffff
FNF:1
FNH:0
DA:360,0
DA:364,0
DA:365,0
DA:366,0
DA:367,0
DA:368,0
DA:369,0
DA:370,0
LF:8
LH:0
end_of_record
TN:
SF:/data/tzwang/graphics/TinyGLRender/test3ds/DevRender/TyGL/oscontext.cpp
FN:10,ostgl_create_context
FN:50,ostgl_delete_context
FN:66,ostgl_make_current
FN:74,ostgl_resize
FNDA:0,ostgl_create_context
FNDA:0,ostgl_delete_context
FNDA:0,ostgl_make_current
FNDA:0,ostgl_resize
FNF:4
FNH:0
DA:10,0
DA:20,0
DA:22,0
DA:24,0
DA:25,0
DA:26,0
DA:27,0
DA:29,0
DA:31,0
DA:32,0
DA:33,0
DA:34,0
DA:35,0
DA:36,0
DA:38,0
DA:40,0
DA:41,0
DA:43,0
DA:44,0
DA:45,0
DA:46,0
DA:50,0
DA:53,0
DA:54,0
DA:56,0
DA:57,0
DA:58,0
DA:60,0
DA:61,0
DA:63,0
DA:66,0
DA:68,0
DA:69,0
DA:70,0
DA:71,0
DA:74,0
DA:80,0
DA:81,0
DA:83,0
LF:39
LH:0
end_of_record
TN:
SF:/data/tzwang/graphics/TinyGLRender/test3ds/DevRender/TyGL/zbuffer.cpp
FN:12,_Z7ZB_openiiiiPhPiPv
FN:75,_Z8ZB_closeP7ZBuffer
FN:89,_Z9ZB_resizeP7ZBufferPvii
FN:117,_ZL13ZB_copyBufferP7ZBufferPvi
FN:311,_ZL24ZB_copyFrameBuffer5R6G5BP7ZBufferPvi
FN:336,_Z18ZB_copyFrameBufferP7ZBufferPvi
FN:413,_Z8memset_sPvii
FN:437,_Z8memset_lPvii
FN:459,_Z12memset_RGB24Pviiil
FN:500,_Z8ZB_clearP7ZBufferiiiiii
FNDA:2,_Z7ZB_openiiiiPhPiPv
FNDA:0,_Z8ZB_closeP7ZBuffer
FNDA:0,_Z9ZB_resizeP7ZBufferPvii
FNDA:0,_ZL13ZB_copyBufferP7ZBufferPvi
FNDA:0,_ZL24ZB_copyFrameBuffer5R6G5BP7ZBufferPvi
FNDA:0,_Z18ZB_copyFrameBufferP7ZBufferPvi
FNDA:2,_Z8memset_sPvii
FNDA:0,_Z8memset_lPvii
FNDA:3200,_Z12memset_RGB24Pviiil
FNDA:2,_Z8ZB_clearP7ZBufferiiiiii
FNF:10
FNH:4
DA:12,2
DA:21,2
DA:22,2
DA:23,0
DA:25,2
DA:26,2
DA:27,2
DA:28,2
DA:30,2
DA:33,0
DA:34,0
DA:43,2
DA:44,2
DA:46,0
DA:49,2
DA:51,2
DA:52,2
DA:53,0
DA:55,2
DA:56,2
DA:57,2
DA:58,0
DA:59,0
DA:61,2
DA:63,0
DA:64,0
DA:67,2
DA:69,2
DA:71,0
DA:72,0
DA:75,0
DA:78,0
DA:79,0
DA:82,0
DA:83,0
DA:85,0
DA:86,0
DA:87,0
DA:89,0
DA:94,0
DA:96,0
DA:97,0
DA:98,0
DA:100,0
DA:102,0
DA:103,0
DA:105,0
DA:106,0
DA:108,0
DA:109,0
DA:110,0
DA:112,0
DA:113,0
DA:115,0
DA:117,0
DA:125,0
DA:126,0
DA:127,0
DA:128,0
DA:129,0
DA:130,0
DA:131,0
DA:133,0
DA:311,0
DA:318,0
DA:319,0
DA:321,0
DA:322,0
DA:323,0
DA:324,0
DA:325,0
DA:326,0
DA:327,0
DA:328,0
DA:329,0
DA:330,0
DA:332,0
DA:334,0
DA:336,0
DA:339,0
DA:342,0
DA:343,0
DA:347,0
DA:348,0
DA:351,0
DA:353,0
DA:413,2
DA:419,2
DA:420,2
DA:422,2
DA:423,640002
DA:424,640000
DA:425,640000
DA:426,640000
DA:427,640000
DA:428,640000
DA:431,2
DA:432,2
DA:433,2
DA:434,0
DA:435,2
DA:437,0
DA:442,0
DA:443,0
DA:444,0
DA:445,0
DA:446,0
DA:447,0
DA:448,0
DA:449,0
DA:450,0
DA:453,0
DA:454,0
DA:455,0
DA:456,0
DA:459,3200
DA:462,3200
DA:463,3200
DA:465,3200
DA:468,3200
DA:469,3200
DA:470,3200
DA:471,5120000
DA:473,5116800
DA:474,5116800
DA:475,5116800
DA:498,3200
DA:500,2
DA:509,2
DA:510,2
DA:512,2
DA:513,2
DA:514,3202
DA:522,3200
DA:526,3200
DA:529,2
LF:136
LH:54
end_of_record
TN:
SF:/data/tzwang/graphics/TinyGLRender/test3ds/DevRender/TyGL/zmath.cpp
FN:12,_Z8gl_M4_IdP2M4
FN:20,_Z10gl_M4_IsIdP2M4
FN:32,_Z9gl_M4_MulP2M4S0_S0_
FN:45,_Z13gl_M4_MulLeftP2M4S0_
FN:63,_Z10gl_M4_MoveP2M4S0_
FN:68,_Z9gl_MoveV3P2V3S0_
FN:74,_Z10gl_MulM4V3P2V3P2M4S0_
FN:81,_Z10gl_MulM3V3P2V3P2M4S0_
FN:88,_Z11gl_M4_MulV4P2V4P2M4S0_
FN:97,_Z15gl_M4_TransposeP2M4S0_
FN:121,_Z14gl_M4_InvOrthoP2M4S_
FN:138,_Z10Matrix_InvPfS_i
FN:198,_Z9gl_M4_InvP2M4S0_
FN:206,_Z12gl_M4_RotateP2M4fi
FN:221,_Z9gl_M3_InvP2M3S0_
FN:245,_Z10gl_V3_NormP2V3
FN:256,_Z9gl_V3_Newfff
FN:265,_Z9gl_V4_Newffff
FNDA:18,_Z8gl_M4_IdP2M4
FNDA:2,_Z10gl_M4_IsIdP2M4
FNDA:0,_Z9gl_M4_MulP2M4S0_S0_
FNDA:8,_Z13gl_M4_MulLeftP2M4S0_
FNDA:0,_Z10gl_M4_MoveP2M4S0_
FNDA:0,_Z9gl_MoveV3P2V3S0_
FNDA:0,_Z10gl_MulM4V3P2V3P2M4S0_
FNDA:0,_Z10gl_MulM3V3P2V3P2M4S0_
FNDA:0,_Z11gl_M4_MulV4P2V4P2M4S0_
FNDA:2,_Z15gl_M4_TransposeP2M4S0_
FNDA:0,_Z14gl_M4_InvOrthoP2M4S_
FNDA:2,_Z10Matrix_InvPfS_i
FNDA:2,_Z9gl_M4_InvP2M4S0_
FNDA:2,_Z12gl_M4_RotateP2M4fi
FNDA:0,_Z9gl_M3_InvP2M3S0_
FNDA:0,_Z10gl_V3_NormP2V3
FNDA:96,_Z9gl_V3_Newfff
FNDA:146,_Z9gl_V4_Newffff
FNF:18
FNH:9
DA:12,18
DA:15,90
DA:16,360
DA:17,288
DA:18,18
DA:20,2
DA:23,10
DA:24,40
DA:25,32
DA:26,8
DA:27,24
DA:29,2
DA:32,0
DA:36,0
DA:37,0
DA:38,0
DA:39,0
DA:40,0
DA:42,0
DA:45,8
DA:53,8
DA:55,40
DA:56,160
DA:57,128
DA:58,128
DA:59,128
DA:61,8
DA:63,0
DA:65,0
DA:66,0
DA:68,0
DA:70,0
DA:71,0
DA:74,0
DA:76,0
DA:77,0
DA:78,0
DA:79,0
DA:81,0
DA:83,0
DA:84,0
DA:85,0
DA:86,0
DA:88,0
DA:90,0
DA:91,0
DA:92,0
DA:93,0
DA:94,0
DA:97,2
DA:99,2
DA:100,2
DA:101,2
DA:102,2
DA:104,2
DA:105,2
DA:106,2
DA:107,2
DA:109,2
DA:110,2
DA:111,2
DA:112,2
DA:114,2
DA:115,2
DA:116,2
DA:117,2
DA:118,2
DA:121,0
DA:125,0
DA:126,0
DA:127,0
DA:128,0
DA:129,0
DA:130,0
DA:131,0
DA:133,0
DA:138,2
DA:144,2
DA:145,2
DA:147,10
DA:150,8
DA:151,8
DA:152,20
DA:153,12
DA:154,0
DA:155,0
DA:159,8
DA:163,8
DA:164,0
DA:165,0
DA:166,0
DA:167,0
DA:169,0
DA:170,0
DA:171,0
DA:176,8
DA:177,40
DA:178,32
DA:179,32
DA:183,40
DA:184,24
DA:185,120
DA:186,96
DA:187,96
DA:192,2
DA:198,2
DA:201,2
DA:203,2
DA:204,2
DA:206,2
DA:210,2
DA:211,2
DA:212,2
DA:213,2
DA:214,2
DA:215,2
DA:216,2
DA:217,2
DA:221,0
DA:225,0
DA:226,0
DA:227,0
DA:229,0
DA:230,0
DA:231,0
DA:233,0
DA:234,0
DA:235,0
DA:237,0
DA:238,0
DA:239,0
DA:240,0
DA:245,0
DA:248,0
DA:249,0
DA:250,0
DA:251,0
DA:252,0
DA:253,0
DA:256,96
DA:259,96
DA:260,96
DA:261,96
DA:262,96
DA:265,146
DA:268,146
DA:269,146
DA:270,146
DA:271,146
DA:272,146
LF:150
LH:82
end_of_record
TN:
SF:/data/tzwang/graphics/TinyGLRender/test3ds/DevRender/TyGL/glx.cpp
FN:23,_Z16glXCreateContextPvb
FN:38,_Z17glXDestroyContextPv
FN:54,_Z19glX_resize_viewportP9GLContextPiS1_
FN:92,_Z14glXSwapBuffersv
FN:124,_Z9glXWaitGLv
FN:128,_Z8glXWaitXv
FNDA:2,_Z16glXCreateContextPvb
FNDA:0,_Z17glXDestroyContextPv
FNDA:0,_Z19glX_resize_viewportP9GLContextPiS1_
FNDA:2,_Z14glXSwapBuffersv
FNDA:0,_Z9glXWaitGLv
FNDA:0,_Z8glXWaitXv
FNF:6
FNH:2
DA:23,2
DA:28,2
DA:29,0
DA:31,2
DA:32,2
DA:34,2
DA:38,0
DA:40,0
DA:41,0
DA:42,0
DA:44,0
DA:45,0
DA:54,0
DA:59,0
DA:61,0
DA:62,0
DA:66,0
DA:67,0
DA:69,0
DA:71,0
DA:72,0
DA:76,0
DA:77,0
DA:83,0
DA:84,0
DA:88,0
DA:92,2
DA:98,2
DA:99,2
DA:101,4
DA:102,2
DA:103,2
DA:104,3202
DA:106,3200
DA:107,3200
DA:108,5123200
DA:110,5120000
DA:112,5120000
DA:113,5120000
DA:114,5120000
DA:117,2
DA:118,4
DA:124,0
DA:126,0
DA:128,0
DA:130,0
LF:46
LH:21
end_of_record
SF:/data/tzwang/graphics/TinyGLRender/test3ds/DevRender/include/c24bitmap.h
FN:472,_ZN9C24BitMapC2Ev
FN:482,_ZN9C24BitMapD2Ev
FN:487,_ZN9C24BitMap7FormatFEii
FN:504,_ZN9C24BitMap4SaveEPc
FN:540,_Z13get_pix_colorR9C24BitMapii
FNDA:4,_ZN9C24BitMapC2Ev
FNDA:4,_ZN9C24BitMapD2Ev
FNDA:2,_ZN9C24BitMap7FormatFEii
FNDA:2,_ZN9C24BitMap4SaveEPc
FNDA:5120000,_Z13get_pix_colorR9C24BitMapii
FNF:5
FNH:5
DA:472,4
DA:474,4
DA:475,4
DA:476,4
DA:477,4
DA:478,4
DA:479,4
DA:480,4
DA:482,8
DA:484,4
DA:485,4
DA:487,2
DA:493,2
DA:495,2
DA:496,2
DA:497,2
DA:498,2
DA:499,2
DA:500,2
DA:501,2
DA:502,2
DA:504,2
DA:506,2
DA:507,2
DA:508,2
DA:509,2
DA:510,2
DA:511,2
DA:540,5120000
DA:541,5120000
DA:543,5120000
DA:544,5120000
DA:551,5120000
LF:33
LH:33
end_of_record
TN:
SF:/data/tzwang/graphics/TinyGLRender/test3ds/DevRender/TyGL/vertex.cpp
FN:4,_Z10glopNormalP9GLContextP7GLParam
FN:18,_Z12glopTexCoordP9GLContextP7GLParam
FN:26,_Z12glopEdgeFlagP9GLContextP7GLParam
FN:31,_Z9glopColorP9GLContextP7GLParam
FN:56,_Z16gl_eval_viewportP9GLContext
FN:72,_Z9glopBeginP9GLContextP7GLParam
FN:146,_ZL19gl_vertex_transformP9GLContextP8GLVertex
FN:207,_Z10glopVertexP9GLContextP7GLParam
FN:349,_Z7glopEndP9GLContextP7GLParam
FNDA:19116,_Z10glopNormalP9GLContextP7GLParam
FNDA:19116,_Z12glopTexCoordP9GLContextP7GLParam
FNDA:0,_Z12glopEdgeFlagP9GLContextP7GLParam
FNDA:2,_Z9glopColorP9GLContextP7GLParam
FNDA:2,_Z16gl_eval_viewportP9GLContext
FNDA:2,_Z9glopBeginP9GLContextP7GLParam
FNDA:19116,_ZL19gl_vertex_transformP9GLContextP8GLVertex
FNDA:19116,_Z10glopVertexP9GLContextP7GLParam
FNDA:2,_Z7glopEndP9GLContextP7GLParam
FNF:9
FNH:8
DA:4,19116
DA:8,19116
DA:9,19116
DA:10,19116
DA:12,19116
DA:13,19116
DA:14,19116
DA:15,19116
DA:16,19116
DA:18,19116
DA:20,19116
DA:21,19116
DA:22,19116
DA:23,19116
DA:24,19116
DA:26,0
DA:28,0
DA:29,0
DA:31,2
DA:34,2
DA:35,2
DA:36,2
DA:37,2
DA:38,2
DA:39,2
DA:40,2
DA:42,2
DA:44,2
DA:45,2
DA:46,2
DA:47,2
DA:48,2
DA:49,2
DA:50,2
DA:51,2
DA:53,2
DA:56,2
DA:59,2
DA:61,2
DA:63,2
DA:64,2
DA:65,2
DA:67,2
DA:68,2
DA:69,2
DA:70,2
DA:72,2
DA:77,2
DA:79,2
DA:80,2
DA:81,2
DA:82,2
DA:83,2
DA:85,2
DA:87,2
DA:89,2
DA:90,2
DA:92,0
DA:94,0
DA:96,0
DA:98,0
DA:99,0
DA:100,0
DA:104,2
DA:106,2
DA:109,2
DA:110,2
DA:111,2
DA:114,2
DA:115,0
DA:116,0
DA:118,2
DA:120,0
DA:121,0
DA:123,0
DA:124,0
DA:126,2
DA:127,2
DA:130,2
DA:132,0
DA:133,0
DA:135,0
DA:136,0
DA:138,2
DA:139,2
DA:142,2
DA:146,19116
DA:151,19116
DA:154,19116
DA:155,38232
DA:156,38232
DA:157,38232
DA:158,38232
DA:159,38232
DA:160,38232
DA:161,38232
DA:162,38232
DA:165,19116
DA:166,38232
DA:167,38232
DA:168,38232
DA:169,38232
DA:170,38232
DA:171,38232
DA:172,38232
DA:173,38232
DA:175,19116
DA:176,19116
DA:178,19116
DA:179,19116
DA:180,19116
DA:182,19116
DA:183,0
DA:188,0
DA:190,0
DA:191,0
DA:192,0
DA:193,0
DA:194,0
DA:195,0
DA:196,0
DA:197,0
DA:199,0
DA:200,0
DA:204,19116
DA:205,19116
DA:207,19116
DA:212,19116
DA:214,19116
DA:215,19116
DA:216,19116
DA:217,19116
DA:220,19116
DA:222,0
DA:223,0
DA:224,0
DA:225,0
DA:227,0
DA:228,0
DA:229,0
DA:232,19116
DA:233,19116
DA:235,19116
DA:236,19116
DA:237,19116
DA:238,19116
DA:240,19116
DA:244,19116
DA:245,19116
DA:247,0
DA:252,19116
DA:253,19116
DA:254,0
DA:256,19116
DA:260,19116
DA:261,19116
DA:265,19116
DA:267,19116
DA:269,0
DA:270,0
DA:271,0
DA:274,0
DA:275,0
DA:276,0
DA:278,0
DA:281,0
DA:282,0
DA:283,0
DA:284,0
DA:285,0
DA:286,0
DA:288,0
DA:291,19116
DA:292,6372
DA:293,6372
DA:295,19116
DA:297,0
DA:298,0
DA:299,0
DA:301,0
DA:303,0
DA:304,0
DA:307,0
DA:308,0
DA:311,0
DA:313,0
DA:314,0
DA:315,0
DA:316,0
DA:318,0
DA:321,0
DA:322,0
DA:323,0
DA:324,0
DA:325,0
DA:326,0
DA:327,0
DA:329,0
DA:332,0
DA:333,0
DA:334,0
DA:335,0
DA:336,0
DA:337,0
DA:339,0
DA:341,0
DA:343,0
DA:346,19116
DA:347,19116
DA:349,2
DA:351,2
DA:353,2
DA:354,0
DA:355,0
DA:357,2
DA:358,0
DA:359,0
DA:360,0
DA:361,0
DA:364,2
DA:365,2
LF:221
LH:130
end_of_record
SF:/data/tzwang/graphics/TinyGLRender/test3ds/DevRender/include/zgl.h
FN:360,_ZL11gl_clipcodeffff
FNDA:19116,_ZL11gl_clipcodeffff
FNF:1
FNH:1
DA:360,19116
DA:364,19116
DA:365,38232
DA:366,38232
DA:367,38232
DA:368,38232
DA:369,19116
DA:370,19116
LF:8
LH:8
end_of_record
TN:
SF:/data/tzwang/graphics/TinyGLRender/test3ds/DevRender/TyGL/init.cpp
FN:6,_Z15initSharedStateP9GLContext
FN:16,_Z14endSharedStateP9GLContext
FN:30,_Z6glInitPv
FN:184,_Z7glClosev
FNDA:2,_Z15initSharedStateP9GLContext
FNDA:1,_Z14endSharedStateP9GLContext
FNDA:2,_Z6glInitPv
FNDA:1,_Z7glClosev
FNF:4
FNH:4
DA:6,2
DA:8,2
DA:9,2
DA:11,2
DA:13,2
DA:14,2
DA:16,1
DA:18,1
DA:21,1
DA:24,1
DA:26,1
DA:27,1
DA:30,2
DA:32,2
DA:37,2
DA:38,2
DA:40,2
DA:43,2
DA:44,2
DA:47,2
DA:48,2
DA:49,2
DA:50,2
DA:51,2
DA:52,2
DA:55,2
DA:59,2
DA:60,2
DA:61,2
DA:63,2
DA:66,34
DA:67,32
DA:68,32
DA:69,32
DA:70,32
DA:71,32
DA:72,32
DA:73,32
DA:74,32
DA:75,32
DA:76,32
DA:77,32
DA:78,32
DA:79,32
DA:80,32
DA:82,2
DA:83,2
DA:84,2
DA:85,2
DA:86,2
DA:89,6
DA:90,4
DA:91,4
DA:92,4
DA:93,4
DA:94,4
DA:95,4
DA:97,2
DA:98,2
DA:99,2
DA:102,2
DA:105,2
DA:106,2
DA:107,2
DA:108,2
DA:109,2
DA:110,2
DA:111,2
DA:113,2
DA:114,2
DA:115,2
DA:116,2
DA:118,2
DA:120,2
DA:121,2
DA:122,2
DA:123,2
DA:125,2
DA:126,2
DA:128,2
DA:129,2
DA:130,2
DA:131,2
DA:134,2
DA:135,2
DA:136,2
DA:137,2
DA:138,2
DA:141,2
DA:142,2
DA:143,2
DA:146,2
DA:148,2
DA:149,2
DA:150,2
DA:152,8
DA:153,6
DA:154,6
DA:157,2
DA:158,2
DA:159,2
DA:160,2
DA:161,2
DA:162,2
DA:164,2
DA:167,2
DA:170,2
DA:173,2
DA:176,2
DA:177,2
DA:178,2
DA:181,2
DA:182,2
DA:184,1
DA:186,1
DA:187,1
DA:188,1
DA:189,1
LF:118
LH:118
end_of_record
TN:
SF:/data/tzwang/graphics/TinyGLRender/test3ds/DevRender/TyGL/kh_project.cpp
FN:14,_ZL18__gluMakeIdentitydPd
FN:22,_ZL18__gluMakeIdentityfPf
FN:31,_Z10gluOrtho2Ddddd
FN:39,_Z13glMultMatrixdPKd
FN:79,_ZL9normalizePf
FN:91,_ZL5crossPfS_S_
FN:111,_Z12glTranslatedddd
FN:120,_Z9gluLookAtddddddddd
FN:161,_ZL19__gluMultMatrixVecdPKdS0_Pd
FN:179,_ZL18__gluInvertMatrixdPKdPd
FN:229,_ZL18__gluMultMatricesdPKdS0_Pd
FN:246,_Z10gluProjectdddPKdS0_PKiPdS3_S3_
FN:281,_Z12gluUnProjectdddPKdS0_PKiPdS3_S3_
FN:322,_Z13gluUnProject4ddddPKdS0_PKiddPdS3_S3_S3_
FN:362,_Z13gluPickMatrixddddPi
FNDA:0,_ZL18__gluMakeIdentitydPd
FNDA:2,_ZL18__gluMakeIdentityfPf
FNDA:0,_Z10gluOrtho2Ddddd
FNDA:0,_Z13glMultMatrixdPKd
FNDA:4,_ZL9normalizePf
FNDA:4,_ZL5crossPfS_S_
FNDA:2,_Z12glTranslatedddd
FNDA:2,_Z9gluLookAtddddddddd
FNDA:0,_ZL19__gluMultMatrixVecdPKdS0_Pd
FNDA:0,_ZL18__gluInvertMatrixdPKdPd
FNDA:0,_ZL18__gluMultMatricesdPKdS0_Pd
FNDA:0,_Z10gluProjectdddPKdS0_PKiPdS3_S3_
FNDA:0,_Z12gluUnProjectdddPKdS0_PKiPdS3_S3_
FNDA:0,_Z13gluUnProject4ddddPKdS0_PKiddPdS3_S3_S3_
FNDA:0,_Z13gluPickMatrixddddPi
FNF:15
FNH:5
DA:14,0
DA:16,0
DA:17,0
DA:18,0
DA:19,0
DA:20,0
DA:22,2
DA:24,2
DA:25,2
DA:26,2
DA:27,2
DA:28,2
DA:31,0
DA:34,0
DA:39,0
DA:43,0
DA:44,0
DA:45,0
DA:46,0
DA:79,4
DA:83,4
DA:84,4
DA:86,4
DA:87,4
DA:88,4
DA:91,4
DA:93,4
DA:94,4
DA:95,4
DA:96,4
DA:111,2
DA:114,2
DA:115,2
DA:120,2
DA:127,2
DA:128,2
DA:129,2
DA:131,2
DA:132,2
DA:133,2
DA:135,2
DA:138,2
DA:139,2
DA:142,2
DA:144,2
DA:145,2
DA:146,2
DA:147,2
DA:149,2
DA:150,2
DA:151,2
DA:153,2
DA:154,2
DA:155,2
DA:157,2
DA:158,2
DA:159,2
DA:161,0
DA:166,0
DA:167,0
DA:168,0
DA:169,0
DA:170,0
DA:171,0
DA:173,0
DA:179,0
DA:184,0
DA:185,0
DA:186,0
DA:187,0
DA:188,0
DA:189,0
DA:190,0
DA:191,0
DA:192,0
DA:193,0
DA:194,0
DA:195,0
DA:196,0
DA:197,0
DA:198,0
DA:199,0
DA:200,0
DA:201,0
DA:202,0
DA:203,0
DA:204,0
DA:205,0
DA:206,0
DA:207,0
DA:208,0
DA:209,0
DA:210,0
DA:211,0
DA:212,0
DA:213,0
DA:214,0
DA:215,0
DA:217,0
DA:218,0
DA:219,0
DA:221,0
DA:223,0
DA:224,0
DA:226,0
DA:229,0
DA:234,0
DA:235,0
DA:236,0
DA:237,0
DA:238,0
DA:239,0
DA:240,0
DA:243,0
DA:246,0
DA:255,0
DA:256,0
DA:257,0
DA:258,0
DA:259,0
DA:260,0
DA:261,0
DA:262,0
DA:263,0
DA:264,0
DA:266,0
DA:267,0
DA:268,0
DA:271,0
DA:272,0
DA:274,0
DA:275,0
DA:276,0
DA:277,0
DA:281,0
DA:291,0
DA:292,0
DA:294,0
DA:295,0
DA:296,0
DA:297,0
DA:300,0
DA:301,0
DA:304,0
DA:305,0
DA:306,0
DA:308,0
DA:309,0
DA:310,0
DA:311,0
DA:312,0
DA:313,0
DA:314,0
DA:315,0
DA:316,0
DA:322,0
DA:334,0
DA:335,0
DA:337,0
DA:338,0
DA:339,0
DA:340,0
DA:343,0
DA:344,0
DA:345,0
DA:348,0
DA:349,0
DA:350,0
DA:352,0
DA:353,0
DA:354,0
DA:355,0
DA:356,0
DA:357,0
DA:358,0
DA:362,0
DA:365,0
DA:366,0
DA:370,0
DA:371,0
DA:372,0
LF:181
LH:44
end_of_record
TN:
SF:/data/tzwang/graphics/TinyGLRender/test3ds/DevRender/TyGL/misc.cpp
FN:4,_Z12glopViewportP9GLContextP7GLParam
FN:45,_Z17glopEnableDisableP9GLContextP7GLParam
FN:93,_Z14glopShadeModelP9GLContextP7GLParam
FN:99,_Z12glopCullFaceP9GLContextP7GLParam
FN:105,_Z13glopFrontFaceP9GLContextP7GLParam
FN:111,_Z15glopPolygonModeP9GLContextP7GLParam
FN:132,_Z8glopHintP9GLContextP7GLParam
FN:143,_Z17glopPolygonOffsetP9GLContextP7GLParam
FNDA:6,_Z12glopViewportP9GLContextP7GLParam
FNDA:12,_Z17glopEnableDisableP9GLContextP7GLParam
FNDA:0,_Z14glopShadeModelP9GLContextP7GLParam
FNDA:0,_Z12glopCullFaceP9GLContextP7GLParam
FNDA:0,_Z13glopFrontFaceP9GLContextP7GLParam
FNDA:0,_Z15glopPolygonModeP9GLContextP7GLParam
FNDA:0,_Z8glopHintP9GLContextP7GLParam
FNDA:0,_Z17glopPolygonOffsetP9GLContextP7GLParam
FNF:8
FNH:2
DA:4,6
DA:8,6
DA:9,6
DA:10,6
DA:11,6
DA:15,12
DA:16,12
DA:17,10
DA:18,4
DA:20,2
DA:21,2
DA:23,2
DA:24,0
DA:25,0
DA:28,2
DA:29,2
DA:30,2
DA:31,0
DA:35,2
DA:36,2
DA:37,2
DA:38,2
DA:39,2
DA:41,2
DA:43,6
DA:45,12
DA:47,12
DA:48,12
DA:50,12
DA:52,0
DA:53,0
DA:55,2
DA:56,2
DA:58,2
DA:59,2
DA:61,4
DA:62,4
DA:64,0
DA:65,0
DA:67,2
DA:68,2
DA:70,0
DA:71,0
DA:72,0
DA:74,0
DA:75,0
DA:76,0
DA:78,0
DA:79,0
DA:80,0
DA:82,2
DA:83,2
DA:89,2
DA:91,12
DA:93,0
DA:95,0
DA:96,0
DA:97,0
DA:99,0
DA:101,0
DA:102,0
DA:103,0
DA:105,0
DA:107,0
DA:108,0
DA:109,0
DA:111,0
DA:113,0
DA:114,0
DA:116,0
DA:118,0
DA:119,0
DA:121,0
DA:122,0
DA:124,0
DA:125,0
DA:126,0
DA:128,0
DA:130,0
DA:132,0
DA:140,0
DA:143,0
DA:145,0
DA:146,0
DA:147,0
LF:85
LH:38
end_of_record
TN:
SF:/data/tzwang/graphics/TinyGLRender/test3ds/DevRender/TyGL/texture.cpp
FN:8,_ZL12find_textureP9GLContexti
FN:20,_ZL12free_textureP9GLContexti
FN:44,_Z13alloc_textureP9GLContexti
FN:63,_Z14glInitTexturesP9GLContext
FN:71,_Z13glGenTexturesiPj
FN:92,_Z16glDeleteTexturesiPKj
FN:110,_Z15glopBindTextureP9GLContextP7GLParam
FN:125,_Z14glopTexImage2DP9GLContextP7GLParam
FN:185,_Z10glopTexEnvP9GLContextP7GLParam
FN:202,_Z16glopTexParameterP9GLContextP7GLParam
FN:221,_Z14glopPixelStoreP9GLContextP7GLParam
FNDA:6,_ZL12find_textureP9GLContexti
FNDA:0,_ZL12free_textureP9GLContexti
FNDA:4,_Z13alloc_textureP9GLContexti
FNDA:2,_Z14glInitTexturesP9GLContext
FNDA:2,_Z13glGenTexturesiPj
FNDA:0,_Z16glDeleteTexturesiPKj
FNDA:4,_Z15glopBindTextureP9GLContextP7GLParam
FNDA:2,_Z14glopTexImage2DP9GLContextP7GLParam
FNDA:0,_Z10glopTexEnvP9GLContextP7GLParam
FNDA:8,_Z16glopTexParameterP9GLContextP7GLParam
FNDA:2,_Z14glopPixelStoreP9GLContextP7GLParam
FNF:11
FNH:8
DA:8,6
DA:12,6
DA:13,6
DA:14,4
DA:15,0
DA:17,2
DA:20,0
DA:26,0
DA:27,0
DA:28,0
DA:29,0
DA:30,0
DA:32,0
DA:34,0
DA:36,0
DA:37,0
DA:38,0
DA:41,0
DA:42,0
DA:44,4
DA:48,4
DA:50,4
DA:52,4
DA:53,4
DA:54,4
DA:55,4
DA:57,4
DA:59,4
DA:63,2
DA:67,2
DA:68,2
DA:69,2
DA:71,2
DA:73,2
DA:77,2
DA:78,514
DA:79,512
DA:80,516
DA:81,2
DA:82,2
DA:86,4
DA:87,2
DA:89,2
DA:92,0
DA:94,0
DA:98,0
DA:99,0
DA:100,0
DA:101,0
DA:102,0
DA:104,0
DA:107,0
DA:110,4
DA:112,4
DA:113,4
DA:116,4
DA:118,4
DA:119,4
DA:120,2
DA:122,4
DA:123,4
DA:125,2
DA:127,2
DA:128,2
DA:129,2
DA:130,2
DA:131,2
DA:132,2
DA:133,2
DA:134,2
DA:135,2
DA:140,2
DA:141,2
DA:142,2
DA:143,0
DA:146,2
DA:147,2
DA:148,2
DA:150,2
DA:151,2
DA:152,2
DA:153,2
DA:155,0
DA:158,2
DA:159,2
DA:160,2
DA:161,2
DA:163,2
DA:164,2
DA:165,2
DA:180,2
DA:181,2
DA:185,0
DA:187,0
DA:188,0
DA:189,0
DA:191,0
DA:193,0
DA:196,0
DA:198,0
DA:199,0
DA:202,8
DA:204,8
DA:205,8
DA:206,8
DA:208,8
DA:210,0
DA:213,8
DA:216,4
DA:217,4
DA:219,8
DA:221,2
DA:223,2
DA:224,2
DA:226,2
DA:228,0
DA:230,2
LF:117
LH:81
end_of_record
TN:
SF:/data/tzwang/graphics/TinyGLRender/test3ds/DevRender/TyGL/error.cpp
FN:4,_Z14gl_fatal_errorPcz
FNDA:0,_Z14gl_fatal_errorPcz
FNF:1
FNH:0
DA:4,0
DA:8,0
DA:10,0
DA:11,0
DA:12,0
DA:13,0
LF:6
LH:0
end_of_record
TN:
SF:/data/tzwang/graphics/TinyGLRender/test3ds/DevRender/TyGL/matrix.cpp
FN:3,_Z15gl_print_matrixPKf
FN:12,_ZL16gl_matrix_updateP9GLContext
FN:18,_Z14glopMatrixModeP9GLContextP7GLParam
FN:36,_Z14glopLoadMatrixP9GLContextP7GLParam
FN:57,_Z16glopLoadIdentityP9GLContextP7GLParam
FN:65,_Z14glopMultMatrixP9GLContextP7GLParam
FN:87,_Z14glopPushMatrixP9GLContextP7GLParam
FN:102,_Z13glopPopMatrixP9GLContextP7GLParam
FN:112,_Z10glopRotateP9GLContextP7GLParam
FN:182,_Z9glopScaleP9GLContextP7GLParam
FN:196,_Z13glopTranslateP9GLContextP7GLParam
FN:212,_Z11glopFrustumP9GLContextP7GLParam
FNDA:0,_Z15gl_print_matrixPKf
FNDA:26,_ZL16gl_matrix_updateP9GLContext
FNDA:14,_Z14glopMatrixModeP9GLContextP7GLParam
FNDA:0,_Z14glopLoadMatrixP9GLContextP7GLParam
FNDA:16,_Z16glopLoadIdentityP9GLContextP7GLParam
FNDA:2,_Z14glopMultMatrixP9GLContextP7GLParam
FNDA:0,_Z14glopPushMatrixP9GLContextP7GLParam
FNDA:0,_Z13glopPopMatrixP9GLContextP7GLParam
FNDA:2,_Z10glopRotateP9GLContextP7GLParam
FNDA:0,_Z9glopScaleP9GLContextP7GLParam
FNDA:2,_Z13glopTranslateP9GLContextP7GLParam
FNDA:4,_Z11glopFrustumP9GLContextP7GLParam
FNF:12
FNH:7
DA:3,0
DA:7,0
DA:8,0
DA:10,0
DA:12,26
DA:14,26
DA:15,26
DA:18,14
DA:20,14
DA:21,14
DA:23,6
DA:24,6
DA:26,6
DA:27,6
DA:29,2
DA:30,2
DA:32,0
DA:34,14
DA:36,0
DA:43,0
DA:44,0
DA:46,0
DA:47,0
DA:48,0
DA:49,0
DA:50,0
DA:51,0
DA:54,0
DA:55,0
DA:57,16
DA:60,16
DA:62,16
DA:63,16
DA:65,2
DA:71,2
DA:73,10
DA:74,8
DA:75,8
DA:76,8
DA:77,8
DA:78,8
DA:81,2
DA:83,2
DA:84,2
DA:87,0
DA:89,0
DA:92,0
DA:93,0
DA:95,0
DA:97,0
DA:99,0
DA:100,0
DA:102,0
DA:104,0
DA:106,0
DA:107,0
DA:108,0
DA:109,0
DA:112,2
DA:119,2
DA:120,2
DA:121,2
DA:122,2
DA:125,2
DA:127,2
DA:129,0
DA:130,0
DA:132,0
DA:133,0
DA:134,0
DA:136,2
DA:137,2
DA:138,2
DA:140,0
DA:141,0
DA:142,0
DA:148,0
DA:149,0
DA:150,0
DA:151,0
DA:152,0
DA:153,0
DA:156,0
DA:157,0
DA:160,0
DA:161,0
DA:162,0
DA:165,0
DA:166,0
DA:167,0
DA:168,0
DA:169,0
DA:170,0
DA:171,0
DA:172,0
DA:173,0
DA:177,2
DA:179,2
DA:182,0
DA:185,0
DA:187,0
DA:189,0
DA:190,0
DA:191,0
DA:192,0
DA:193,0
DA:194,0
DA:196,2
DA:199,2
DA:201,2
DA:203,2
DA:204,2
DA:205,2
DA:206,2
DA:208,2
DA:209,2
DA:212,4
DA:216,4
DA:217,4
DA:218,4
DA:219,4
DA:220,4
DA:221,4
DA:224,4
DA:225,4
DA:226,4
DA:227,4
DA:228,4
DA:229,4
DA:231,4
DA:232,4
DA:233,4
DA:234,4
DA:235,4
DA:237,4
DA:239,4
DA:240,4
LF:137
LH:70
end_of_record
TN:
SF:/data/tzwang/graphics/TinyGLRender/test3ds/DevRender/TyGL/msghandling.cpp
FN:15,_Z11tgl_warningPKcz
FN:28,_Z9tgl_tracePKcz
FN:43,_Z9tgl_fixmePKcz
FNDA:0,_Z11tgl_warningPKcz
FNDA:2,_Z9tgl_tracePKcz
FNDA:0,_Z9tgl_fixmePKcz
FNF:3
FNH:1
DA:15,0
DA:24,0
DA:28,2
DA:37,2
DA:43,0
DA:52,0
LF:6
LH:2
end_of_record
TN:
SF:/data/tzwang/graphics/TinyGLRender/test3ds/DevRender/TyGL/glu.cpp
FN:7,_Z9drawTorusfifi
FN:39,_ZL8normal3ffff
FN:52,_Z14gluPerspectivedddd
FN:66,_Z13gluNewQuadricv
FN:71,_Z19gluQuadricDrawStyleP13GLUquadricObji
FN:75,_Z11gluCylinderP13GLUquadricObjdddii
FN:130,_Z7gluDiskP13GLUquadricObjddii
FN:173,_Z9gluSphereP13GLUquadricObjfii
FNDA:0,_Z9drawTorusfifi
FNDA:0,_ZL8normal3ffff
FNDA:4,_Z14gluPerspectivedddd
FNDA:0,_Z13gluNewQuadricv
FNDA:0,_Z19gluQuadricDrawStyleP13GLUquadricObji
FNDA:0,_Z11gluCylinderP13GLUquadricObjdddii
FNDA:0,_Z7gluDiskP13GLUquadricObjddii
FNDA:0,_Z9gluSphereP13GLUquadricObjfii
FNF:8
FNH:1
DA:7,0
DA:14,0
DA:15,0
DA:17,0
DA:18,0
DA:19,0
DA:20,0
DA:21,0
DA:22,0
DA:24,0
DA:25,0
DA:26,0
DA:27,0
DA:29,0
DA:30,0
DA:31,0
DA:32,0
DA:35,0
DA:37,0
DA:39,0
DA:43,0
DA:44,0
DA:45,0
DA:46,0
DA:47,0
DA:49,0
DA:50,0
DA:52,4
DA:57,4
DA:58,4
DA:60,4
DA:61,4
DA:63,4
DA:64,4
DA:66,0
DA:68,0
DA:71,0
DA:73,0
DA:75,0
DA:82,0
DA:83,0
DA:84,0
DA:86,0
DA:88,0
DA:89,0
DA:90,0
DA:91,0
DA:93,0
DA:94,0
DA:95,0
DA:96,0
DA:97,0
DA:98,0
DA:99,0
DA:100,0
DA:101,0
DA:102,0
DA:103,0
DA:104,0
DA:105,0
DA:106,0
DA:107,0
DA:108,0
DA:109,0
DA:112,0
DA:113,0
DA:114,0
DA:115,0
DA:116,0
DA:117,0
DA:119,0
DA:120,0
DA:121,0
DA:123,0
DA:124,0
DA:126,0
DA:130,0
DA:141,0
DA:143,0
DA:144,0
DA:148,0
DA:150,0
DA:151,0
DA:152,0
DA:153,0
DA:154,0
DA:155,0
DA:156,0
DA:157,0
DA:158,0
DA:159,0
DA:160,0
DA:161,0
DA:163,0
DA:164,0
DA:167,0
DA:173,0
DA:183,0
DA:184,0
DA:186,0
DA:187,0
DA:190,0
DA:191,0
DA:192,0
DA:193,0
DA:194,0
DA:195,0
DA:196,0
DA:197,0
DA:198,0
DA:199,0
DA:200,0
DA:202,0
DA:205,0
DA:206,0
DA:207,0
DA:209,0
DA:210,0
DA:218,0
DA:219,0
DA:220,0
DA:221,0
DA:222,0
DA:223,0
DA:224,0
DA:225,0
DA:226,0
DA:227,0
DA:228,0
DA:229,0
DA:230,0
DA:231,0
DA:232,0
DA:233,0
DA:234,0
DA:235,0
DA:236,0
DA:238,0
DA:239,0
DA:243,0
DA:244,0
DA:245,0
DA:246,0
DA:247,0
DA:248,0
DA:249,0
DA:250,0
DA:251,0
DA:252,0
DA:253,0
DA:254,0
DA:255,0
DA:256,0
DA:257,0
DA:258,0
DA:260,0
DA:261,0
LF:157
LH:7
end_of_record
TN:
SF:/data/tzwang/graphics/TinyGLRender/test3ds/DevRender/TyGL/light.cpp
FN:4,_Z12glopMaterialP9GLContextP7GLParam
FN:59,_Z17glopColorMaterialP9GLContextP7GLParam
FN:68,_Z9glopLightP9GLContextP7GLParam
FN:141,_Z14glopLightModelP9GLContextP7GLParam
FN:166,_ZL6clampffff
FN:173,_Z23gl_enable_disable_lightP9GLContextii
FN:190,_Z15gl_shade_vertexP9GLContextP8GLVertex
FNDA:4,_Z12glopMaterialP9GLContextP7GLParam
FNDA:0,_Z17glopColorMaterialP9GLContextP7GLParam
FNDA:0,_Z9glopLightP9GLContextP7GLParam
FNDA:0,_Z14glopLightModelP9GLContextP7GLParam
FNDA:76464,_ZL6clampffff
FNDA:2,_Z23gl_enable_disable_lightP9GLContextii
FNDA:19116,_Z15gl_shade_vertexP9GLContextP8GLVertex
FNF:7
FNH:4
DA:4,4
DA:6,4
DA:7,4
DA:10,4
DA:11,4
DA:12,4
DA:13,4
DA:14,4
DA:19,4
DA:20,2
DA:21,2
DA:22,2
DA:24,4
DA:25,2
DA:27,4
DA:29,0
DA:30,0
DA:31,0
DA:33,0
DA:34,0
DA:35,0
DA:37,0
DA:38,0
DA:39,0
DA:41,0
DA:42,0
DA:43,0
DA:45,0
DA:46,0
DA:47,0
DA:49,20
DA:50,16
DA:51,20
DA:52,16
DA:53,4
DA:55,0
DA:57,4
DA:59,0
DA:61,0
DA:62,0
DA:64,0
DA:65,0
DA:66,0
DA:68,0
DA:70,0
DA:71,0
DA:76,0
DA:78,0
DA:80,0
DA:82,0
DA:84,0
DA:85,0
DA:87,0
DA:88,0
DA:90,0
DA:91,0
DA:95,0
DA:97,0
DA:99,0
DA:100,0
DA:101,0
DA:102,0
DA:104,0
DA:107,0
DA:109,0
DA:110,0
DA:111,0
DA:113,0
DA:114,0
DA:116,0
DA:117,0
DA:120,0
DA:121,0
DA:122,0
DA:123,0
DA:125,0
DA:127,0
DA:128,0
DA:130,0
DA:131,0
DA:133,0
DA:134,0
DA:136,0
DA:138,0
DA:141,0
DA:143,0
DA:144,0
DA:147,0
DA:149,0
DA:150,0
DA:151,0
DA:153,0
DA:154,0
DA:156,0
DA:157,0
DA:159,0
DA:161,0
DA:163,0
DA:166,76464
DA:168,76464
DA:169,76464
DA:170,53802
DA:173,2
DA:175,2
DA:176,2
DA:177,2
DA:178,2
DA:179,2
DA:180,2
DA:181,0
DA:182,0
DA:183,0
DA:184,0
DA:185,0
DA:187,2
DA:190,19116
DA:197,19116
DA:199,19116
DA:201,19116
DA:202,19116
DA:203,19116
DA:205,19116
DA:206,19116
DA:207,19116
DA:208,19116
DA:210,38232
DA:214,19116
DA:215,19116
DA:216,19116
DA:218,19116
DA:220,19116
DA:221,19116
DA:222,19116
DA:223,19116
DA:226,0
DA:227,0
DA:228,0
DA:229,0
DA:230,0
DA:231,0
DA:232,0
DA:233,0
DA:234,0
DA:236,0
DA:237,0
DA:239,19116
DA:240,19116
DA:241,19116
DA:243,16470
DA:244,16470
DA:245,16470
DA:248,16470
DA:249,0
DA:250,0
DA:251,0
DA:252,0
DA:253,0
DA:255,0
DA:258,0
DA:259,0
DA:266,16470
DA:268,0
DA:269,0
DA:270,0
DA:271,0
DA:272,0
DA:273,0
DA:274,0
DA:276,16470
DA:277,16470
DA:278,16470
DA:280,16470
DA:281,16470
DA:282,16470
DA:285,16470
DA:286,16470
DA:287,16470
DA:293,16470
DA:294,16470
DA:295,16470
DA:296,16470
DA:297,16470
DA:298,16470
DA:299,16470
DA:303,19116
DA:304,19116
DA:305,19116
DA:308,19116
DA:309,19116
DA:310,19116
DA:311,19116
DA:312,19116
LF:192
LH:84
end_of_record
TN:
SF:/data/tzwang/graphics/TinyGLRender/test3ds/DevRender/TyGL/clear.cpp
FN:4,_Z14glopClearColorP9GLContextP7GLParam
FN:11,_Z14glopClearDepthP9GLContextP7GLParam
FN:17,_Z9glopClearP9GLContextP7GLParam
FNDA:0,_Z14glopClearColorP9GLContextP7GLParam
FNDA:0,_Z14glopClearDepthP9GLContextP7GLParam
FNDA:2,_Z9glopClearP9GLContextP7GLParam
FNF:3
FNH:1
DA:4,0
DA:6,0
DA:7,0
DA:8,0
DA:9,0
DA:10,0
DA:11,0
DA:13,0
DA:14,0
DA:17,2
DA:19,2
DA:20,2
DA:21,2
DA:22,2
DA:23,2
DA:27,2
DA:28,2
DA:29,2
LF:18
LH:9
end_of_record
TN:
SF:/data/tzwang/graphics/TinyGLRender/test3ds/DevRender/TyGL/get.cpp
FN:3,_Z13glGetIntegerviPi
FN:35,_Z11glGetFloatviPf
FNDA:0,_Z13glGetIntegerviPi
FNDA:0,_Z11glGetFloatviPf
FNF:2
FNH:0
DA:3,0
DA:5,0
DA:7,0
DA:9,0
DA:10,0
DA:11,0
DA:12,0
DA:13,0
DA:15,0
DA:16,0
DA:18,0
DA:19,0
DA:21,0
DA:22,0
DA:24,0
DA:25,0
DA:27,0
DA:28,0
DA:30,0
DA:31,0
DA:33,0
DA:35,0
DA:38,0
DA:39,0
DA:40,0
DA:42,0
DA:44,0
DA:47,0
DA:48,0
DA:49,0
DA:50,0
DA:51,0
DA:52,0
DA:53,0
DA:56,0
DA:58,0
DA:59,0
DA:61,0
DA:62,0
DA:64,0
DA:65,0
DA:67,0
DA:69,0
DA:70,0
DA:72,0
LF:45
LH:0
end_of_record
TN:
SF:/data/tzwang/graphics/TinyGLRender/test3ds/DevRender/TyGL/zline.cpp
FN:6,_Z7ZB_plotP7ZBufferP12ZBufferPoint
FN:28,_ZL14ZB_line_flat_zP7ZBufferP12ZBufferPointS2_i
FN:37,_ZL16ZB_line_interp_zP7ZBufferP12ZBufferPointS2_
FN:44,_ZL12ZB_line_flatP7ZBufferP12ZBufferPointS2_i
FN:51,_ZL14ZB_line_interpP7ZBufferP12ZBufferPointS2_
FN:56,_Z9ZB_line_zP7ZBufferP12ZBufferPointS2_
FN:71,_Z7ZB_lineP7ZBufferP12ZBufferPointS2_
FNDA:0,_Z7ZB_plotP7ZBufferP12ZBufferPoint
FNDA:0,_ZL14ZB_line_flat_zP7ZBufferP12ZBufferPointS2_i
FNDA:0,_ZL16ZB_line_interp_zP7ZBufferP12ZBufferPointS2_
FNDA:0,_ZL12ZB_line_flatP7ZBufferP12ZBufferPointS2_i
FNDA:0,_ZL14ZB_line_interpP7ZBufferP12ZBufferPointS2_
FNDA:0,_Z9ZB_line_zP7ZBufferP12ZBufferPointS2_
FNDA:0,_Z7ZB_lineP7ZBufferP12ZBufferPointS2_
FNF:7
FNH:0
DA:6,0
DA:12,0
DA:13,0
DA:14,0
DA:15,0
DA:17,0
DA:18,0
DA:19,0
DA:23,0
DA:25,0
DA:28,0
DA:32,0
DA:37,0
DA:40,0
DA:44,0
DA:48,0
DA:51,0
DA:54,0
DA:56,0
DA:60,0
DA:61,0
DA:64,0
DA:65,0
DA:67,0
DA:69,0
DA:71,0
DA:75,0
DA:76,0
DA:79,0
DA:80,0
DA:82,0
DA:84,0
LF:32
LH:0
end_of_record
SF:/data/tzwang/graphics/TinyGLRender/test3ds/DevRender/include/zline.h
DA:17,0
DA:19,0
DA:20,0
DA:21,0
DA:23,0
DA:24,0
DA:26,0
DA:27,0
DA:30,0
DA:31,0
DA:33,0
DA:34,0
DA:35,0
DA:38,0
DA:39,0
DA:40,0
DA:95,0
DA:96,0
DA:97,0
DA:98,0
DA:99,0
DA:101,0
DA:104,0
DA:105,0
DA:106,0
DA:108,0
LF:26
LH:0
end_of_record
TN:
SF:/data/tzwang/graphics/TinyGLRender/test3ds/DevRender/TyGL/zdither.cpp
FN:35,_Z13ZB_initDitherP7ZBufferiPhPi
FN:75,_Z14ZB_closeDitherP7ZBuffer
FN:105,_Z20ZB_ditherFrameBufferP7ZBufferPhi
FNDA:0,_Z13ZB_initDitherP7ZBufferiPhPi
FNDA:0,_Z14ZB_closeDitherP7ZBuffer
FNDA:0,_Z20ZB_ditherFrameBufferP7ZBufferPhi
FNF:3
FNH:0
DA:35,0
DA:40,0
DA:41,0
DA:42,0
DA:45,0
DA:47,0
DA:48,0
DA:50,0
DA:51,0
DA:52,0
DA:53,0
DA:54,0
DA:55,0
DA:56,0
DA:57,0
DA:58,0
DA:59,0
DA:64,0
DA:66,0
DA:67,0
DA:68,0
DA:69,0
DA:70,0
DA:71,0
DA:73,0
DA:75,0
DA:77,0
DA:78,0
DA:79,0
DA:105,0
DA:112,0
DA:116,0
DA:118,0
DA:119,0
DA:124,0
DA:125,0
DA:127,0
DA:128,0
DA:129,0
DA:131,0
DA:132,0
DA:133,0
DA:134,0
DA:136,0
DA:137,0
DA:139,0
DA:140,0
DA:141,0
DA:142,0
DA:144,0
DA:145,0
DA:146,0
DA:147,0
DA:149,0
DA:150,0
DA:152,0
DA:153,0
DA:157,0
LF:58
LH:0
end_of_record
TN:
SF:/data/tzwang/graphics/TinyGLRender/test3ds/DevRender/TyGL/select.cpp
FN:3,_Z12glRenderModei
FN:42,_Z14glSelectBufferiPj
FN:53,_Z13glopInitNamesP9GLContextP7GLParam
FN:61,_Z12glopPushNameP9GLContextP7GLParam
FN:70,_Z11glopPopNameP9GLContextP7GLParam
FN:79,_Z12glopLoadNameP9GLContextP7GLParam
FN:88,_Z13gl_add_selectP9GLContextjj
FNDA:0,_Z12glRenderModei
FNDA:0,_Z14glSelectBufferiPj
FNDA:0,_Z13glopInitNamesP9GLContextP7GLParam
FNDA:0,_Z12glopPushNameP9GLContextP7GLParam
FNDA:0,_Z11glopPopNameP9GLContextP7GLParam
FNDA:0,_Z12glopLoadNameP9GLContextP7GLParam
FNDA:0,_Z13gl_add_selectP9GLContextjj
FNF:7
FNH:0
DA:3,0
DA:5,0
DA:6,0
DA:8,0
DA:10,0
DA:12,0
DA:13,0
DA:15,0
DA:17,0
DA:18,0
DA:19,0
DA:20,0
DA:22,0
DA:24,0
DA:26,0
DA:27,0
DA:29,0
DA:30,0
DA:31,0
DA:32,0
DA:33,0
DA:34,0
DA:35,0
DA:37,0
DA:39,0
DA:42,0
DA:44,0
DA:46,0
DA:48,0
DA:49,0
DA:50,0
DA:53,0
DA:55,0
DA:56,0
DA:57,0
DA:59,0
DA:61,0
DA:63,0
DA:64,0
DA:65,0
DA:66,0
DA:68,0
DA:70,0
DA:72,0
DA:73,0
DA:74,0
DA:75,0
DA:77,0
DA:79,0
DA:81,0
DA:82,0
DA:83,0
DA:84,0
DA:86,0
DA:88,0
DA:93,0
DA:94,0
DA:95,0
DA:96,0
DA:97,0
DA:98,0
DA:100,0
DA:101,0
DA:102,0
DA:103,0
DA:104,0
DA:105,0
DA:106,0
DA:107,0
DA:110,0
DA:111,0
DA:114,0
LF:72
LH:0
end_of_record
TN:
SF:/data/tzwang/graphics/TinyGLRender/test3ds/DevRender/TyGL/specbuf.cpp
FN:6,_ZL8calc_bufP9GLSpecBuff
FN:19,_Z18specbuf_get_bufferP9GLContextif
FNDA:2,_ZL8calc_bufP9GLSpecBuff
FNDA:16470,_Z18specbuf_get_bufferP9GLContextif
FNF:2
FNH:2
DA:6,2
DA:10,2
DA:11,2
DA:12,2052
DA:13,2050
DA:14,2050
DA:16,2
DA:19,16470
DA:23,16470
DA:24,16470
DA:25,0
DA:26,0
DA:28,0
DA:30,16470
DA:31,16468
DA:32,16468
DA:34,2
DA:36,2
DA:37,2
DA:38,2
DA:39,2
DA:40,2
DA:41,2
DA:42,2
DA:43,2
DA:44,2
DA:48,0
DA:49,0
DA:50,0
DA:51,0
LF:30
LH:23
end_of_record
