TN:
SF:/data/tzwang/graphics/TinyGLRender/test3ds/DevRender/TyGL/list.cpp
FN:25,_Z14gl_get_contextv
FN:30,_ZL9find_listP9GLContextj
FN:35,_ZL11delete_listP9GLContexti
FN:55,_ZL10alloc_listP9GLContexti
FN:73,_Z11gl_print_opP8_IO_FILEP7GLParam
FN:102,_Z13gl_compile_opP9GLContextP7GLParam
FN:135,_Z9gl_add_opP7GLParam
FN:153,_Z11glopEndListP9GLContextP7GLParam
FN:159,_Z14glopNextBufferP9GLContextP7GLParam
FN:165,_Z12glopCallListP9GLContextP7GLParam
FN:189,_Z9glNewListji
FN:208,_Z9glEndListv
FN:223,_Z8glIsListj
FN:231,_Z10glGenListsi
FNDA:28718,_Z14gl_get_contextv
FNDA:0,_ZL9find_listP9GLContextj
FNDA:0,_ZL11delete_listP9GLContexti
FNDA:0,_ZL10alloc_listP9GLContexti
FNDA:0,_Z11gl_print_opP8_IO_FILEP7GLParam
FNDA:0,_Z13gl_compile_opP9GLContextP7GLParam
FNDA:28715,_Z9gl_add_opP7GLParam
FNDA:0,_Z11glopEndListP9GLContextP7GLParam
FNDA:0,_Z14glopNextBufferP9GLContextP7GLParam
FNDA:0,_Z12glopCallListP9GLContextP7GLParam
FNDA:0,_Z9glNewListji
FNDA:0,_Z9glEndListv
FNDA:0,_Z8glIsListj
FNDA:0,_Z10glGenListsi
FNF:14
FNH:2
DA:25,28718
DA:27,28718
DA:30,0
DA:32,0
DA:35,0
DA:40,0
DA:41,0
DA:44,0
DA:45,0
DA:46,0
DA:47,0
DA:48,0
DA:51,0
DA:52,0
DA:53,0
DA:55,0
DA:60,0
DA:61,0
DA:63,0
DA:64,0
DA:66,0
DA:68,0
DA:69,0
DA:73,0
DA:78,0
DA:79,0
DA:80,0
DA:81,0
DA:82,0
DA:83,0
DA:84,0
DA:86,0
DA:87,0
DA:89,0
DA:90,0
DA:92,0
DA:94,0
DA:95,0
DA:98,0
DA:99,0
DA:102,0
DA:108,0
DA:109,0
DA:110,0
DA:111,0
DA:114,0
DA:116,0
DA:117,0
DA:119,0
DA:120,0
DA:121,0
DA:123,0
DA:124,0
DA:125,0
DA:128,0
DA:129,0
DA:130,0
DA:132,0
DA:133,0
DA:135,28715
DA:137,28715
DA:140,28715
DA:141,28715
DA:142,28715
DA:144,28715
DA:145,0
DA:147,28715
DA:148,0
DA:150,28715
DA:153,0
DA:155,0
DA:159,0
DA:161,0
DA:165,0
DA:170,0
DA:171,0
DA:172,0
DA:173,0
DA:175,0
DA:176,0
DA:177,0
DA:178,0
DA:179,0
DA:181,0
DA:182,0
DA:185,0
DA:189,0
DA:192,0
DA:194,0
DA:195,0
DA:197,0
DA:198,0
DA:199,0
DA:201,0
DA:202,0
DA:204,0
DA:205,0
DA:206,0
DA:208,0
DA:210,0
DA:213,0
DA:216,0
DA:217,0
DA:219,0
DA:220,0
DA:221,0
DA:223,0
DA:225,0
DA:227,0
DA:228,0
DA:231,0
DA:233,0
DA:237,0
DA:238,0
DA:239,0
DA:240,0
DA:241,0
DA:242,0
DA:243,0
DA:244,0
DA:245,0
DA:247,0
DA:250,0
DA:253,0
LF:124
LH:10
end_of_record
TN:
SF:/data/tzwang/graphics/TinyGLRender/test3ds/DevRender/TyGL/memory.cpp
FN:8,_Z7gl_freePv
FN:13,_Z9gl_malloci
FN:18,_Z9gl_zalloci
FNDA:1,_Z7gl_freePv
FNDA:8,_Z9gl_malloci
FNDA:8,_Z9gl_zalloci
FNF:3
FNH:3
DA:8,1
DA:10,1
DA:11,1
DA:13,8
DA:15,8
DA:18,8
DA:20,8
LF:7
LH:7
end_of_record
TN:
SF:/data/tzwang/graphics/TinyGLRender/test3ds/DevRender/TyGL/ztriangle.cpp
FN:6,_Z19ZB_fillTriangleFlatP7ZBufferP12ZBufferPointS2_S2_
FN:64,_Z21ZB_fillTriangleSmoothP7ZBufferP12ZBufferPointS2_S2_
FN:174,_Z13ZB_setTextureP7ZBufferPh
FN:179,_Z22ZB_fillTriangleMappingP7ZBufferP12ZBufferPointS2_S2_
FN:236,_Z33ZB_fillTriangleMappingPerspectiveP7ZBufferP12ZBufferPointS2_S2_
FNDA:0,_Z19ZB_fillTriangleFlatP7ZBufferP12ZBufferPointS2_S2_
FNDA:0,_Z21ZB_fillTriangleSmoothP7ZBufferP12ZBufferPointS2_S2_
FNDA:3183,_Z13ZB_setTextureP7ZBufferPh
FNDA:0,_Z22ZB_fillTriangleMappingP7ZBufferP12ZBufferPointS2_S2_
FNDA:3183,_Z33ZB_fillTriangleMappingPerspectiveP7ZBufferP12ZBufferPointS2_S2_
FNF:5
FNH:2
DA:6,0
DA:64,0
DA:174,3183
DA:176,3183
DA:177,3183
DA:179,0
DA:236,3183
LF:7
LH:4
end_of_record
SF:/data/tzwang/graphics/TinyGLRender/test3ds/DevRender/include/ztriangle.h
DA:37,3183
DA:38,1447
DA:39,1447
DA:40,1447
DA:42,3183
DA:43,1585
DA:44,1585
DA:45,1585
DA:46,1585
DA:47,1598
DA:48,1
DA:49,1
DA:50,1
DA:55,3183
DA:56,3183
DA:58,3183
DA:59,3183
DA:61,3183
DA:62,3183
DA:63,0
DA:64,3183
DA:66,3183
DA:67,3183
DA:68,3183
DA:69,3183
DA:72,3183
DA:73,3183
DA:74,3183
DA:75,3183
DA:79,0
DA:80,0
DA:81,0
DA:82,0
DA:84,0
DA:85,0
DA:86,0
DA:87,0
DA:89,0
DA:90,0
DA:91,0
DA:92,0
DA:97,0
DA:98,0
DA:99,0
DA:100,0
DA:102,0
DA:103,0
DA:104,0
DA:105,0
DA:111,3183
DA:112,3183
DA:113,3183
DA:114,3183
DA:115,3183
DA:116,3183
DA:117,3183
DA:118,3183
DA:119,3183
DA:121,3183
DA:122,3183
DA:123,3183
DA:124,3183
DA:126,3183
DA:127,3183
DA:128,3183
DA:129,3183
DA:135,3183
DA:136,3183
DA:138,3183
DA:140,9549
DA:141,6366
DA:142,3183
DA:143,1499
DA:144,1499
DA:145,1499
DA:146,1499
DA:147,1499
DA:148,1499
DA:150,1684
DA:151,1684
DA:152,1684
DA:153,1684
DA:154,1684
DA:155,1684
DA:157,3183
DA:160,3183
DA:161,1499
DA:162,1499
DA:163,1499
DA:164,1499
DA:166,1684
DA:167,1684
DA:168,1684
DA:169,1684
DA:171,3183
DA:176,6366
DA:177,4867
DA:178,4867
DA:179,4867
DA:180,4623
DA:182,244
DA:183,4867
DA:184,4867
DA:185,4867
DA:186,4867
DA:187,4867
DA:190,4867
DA:191,4867
DA:192,4867
DA:195,0
DA:196,0
DA:197,0
DA:199,0
DA:200,0
DA:201,0
DA:203,0
DA:204,0
DA:205,0
DA:208,0
DA:209,0
DA:210,0
DA:212,0
DA:213,0
DA:214,0
DA:217,4867
DA:218,4867
DA:219,4867
DA:221,4867
DA:222,4867
DA:223,4867
DA:229,6366
DA:230,4682
DA:231,4682
DA:232,4682
DA:233,4620
DA:235,62
DA:236,4682
DA:241,141156
DA:242,67395
DA:262,0
DA:263,0
DA:265,0
DA:266,0
DA:269,0
DA:270,0
DA:271,0
DA:274,0
DA:275,0
DA:281,0
DA:282,0
DA:283,0
DA:284,0
DA:285,0
DA:287,0
DA:289,0
DA:290,0
DA:292,0
DA:293,0
DA:295,0
DA:297,0
DA:298,0
DA:302,67395
DA:306,67395
DA:307,67395
DA:308,34866
DA:309,34866
DA:311,34866
DA:314,0
DA:315,0
DA:316,0
DA:319,0
DA:320,0
DA:323,34866
DA:324,34866
DA:327,32529
DA:329,32529
DA:332,0
DA:333,0
DA:334,0
DA:337,0
DA:338,0
DA:341,32529
DA:342,32529
DA:347,67395
DA:350,67395
DA:351,67395
LF:186
LH:118
end_of_record
TN:
SF:/data/tzwang/graphics/TinyGLRender/test3ds/DevRender/TyGL/arrays.cpp
FN:11,_Z16glopArrayElementP9GLContextP7GLParam
FN:55,_Z14glArrayElementi
FN:65,_Z21glopEnableClientStateP9GLContextP7GLParam
FN:71,_Z19glEnableClientStatei
FN:97,_Z22glopDisableClientStateP9GLContextP7GLParam
FN:103,_Z20glDisableClientStatei
FN:129,_Z17glopVertexPointerP9GLContextP7GLParam
FN:137,_Z15glVertexPointeriiiPKv
FN:150,_Z16glopColorPointerP9GLContextP7GLParam
FN:158,_Z14glColorPointeriiiPKv
FN:171,_Z17glopNormalPointerP9GLContextP7GLParam
FN:178,_Z15glNormalPointeriiPKv
FN:189,_Z19glopTexCoordPointerP9GLContextP7GLParam
FN:197,_Z17glTexCoordPointeriiiPKv
FNDA:0,_Z16glopArrayElementP9GLContextP7GLParam
FNDA:0,_Z14glArrayElementi
FNDA:0,_Z21glopEnableClientStateP9GLContextP7GLParam
FNDA:0,_Z19glEnableClientStatei
FNDA:0,_Z22glopDisableClientStateP9GLContextP7GLParam
FNDA:0,_Z20glDisableClientStatei
FNDA:0,_Z17glopVertexPointerP9GLContextP7GLParam
FNDA:0,_Z15glVertexPointeriiiPKv
FNDA:0,_Z16glopColorPointerP9GLContextP7GLParam
FNDA:0,_Z14glColorPointeriiiPKv
FNDA:0,_Z17glopNormalPointerP9GLContextP7GLParam
FNDA:0,_Z15glNormalPointeriiPKv
FNDA:0,_Z19glopTexCoordPointerP9GLContextP7GLParam
FNDA:0,_Z17glTexCoordPointeriiiPKv
FNF:14
FNH:0
DA:11,0
DA:14,0
DA:15,0
DA:17,0
DA:19,0
DA:20,0
DA:21,0
DA:22,0
DA:23,0
DA:24,0
DA:25,0
DA:27,0
DA:28,0
DA:29,0
DA:30,0
DA:31,0
DA:32,0
DA:34,0
DA:35,0
DA:36,0
DA:37,0
DA:38,0
DA:39,0
DA:40,0
DA:42,0
DA:44,0
DA:45,0
DA:46,0
DA:47,0
DA:48,0
DA:49,0
DA:50,0
DA:52,0
DA:55,0
DA:58,0
DA:59,0
DA:60,0
DA:61,0
DA:65,0
DA:67,0
DA:68,0
DA:71,0
DA:74,0
DA:76,0
DA:78,0
DA:79,0
DA:81,0
DA:82,0
DA:84,0
DA:85,0
DA:87,0
DA:88,0
DA:90,0
DA:93,0
DA:94,0
DA:97,0
DA:99,0
DA:100,0
DA:103,0
DA:106,0
DA:108,0
DA:110,0
DA:111,0
DA:113,0
DA:114,0
DA:116,0
DA:117,0
DA:119,0
DA:120,0
DA:122,0
DA:125,0
DA:126,0
DA:129,0
DA:131,0
DA:132,0
DA:133,0
DA:134,0
DA:137,0
DA:141,0
DA:142,0
DA:143,0
DA:144,0
DA:145,0
DA:146,0
DA:147,0
DA:150,0
DA:152,0
DA:153,0
DA:154,0
DA:155,0
DA:158,0
DA:162,0
DA:163,0
DA:164,0
DA:165,0
DA:166,0
DA:167,0
DA:168,0
DA:171,0
DA:173,0
DA:174,0
DA:175,0
DA:178,0
DA:182,0
DA:183,0
DA:184,0
DA:185,0
DA:186,0
DA:189,0
DA:191,0
DA:192,0
DA:193,0
DA:194,0
DA:197,0
DA:201,0
DA:202,0
DA:203,0
DA:204,0
DA:205,0
DA:206,0
LF:120
LH:0
end_of_record
TN:
SF:/data/tzwang/graphics/TinyGLRender/test3ds/DevRender/TyGL/api.cpp
FN:5,_Z10glVertex4fffff
FN:18,_Z10glVertex2fff
FN:23,_Z10glVertex3ffff
FN:28,_Z11glVertex3fvPf
FN:35,_Z10glNormal3ffff
FN:47,_Z11glNormal3fvPf
FN:54,_Z9glColor4fffff
FN:73,_Z10glColor4fvPf
FN:92,_Z9glColor3ffff
FN:97,_Z10glColor3fvPf
FN:105,_Z12glTexCoord4fffff
FN:118,_Z12glTexCoord2fff
FN:123,_Z13glTexCoord2fvPf
FN:128,_Z10glEdgeFlagi
FN:140,_Z12glShadeModeli
FN:152,_Z10glCullFacei
FN:166,_Z11glFrontFacei
FN:180,_Z13glPolygonModeii
FN:199,_Z8glEnablei
FN:210,_Z9glDisablei
FN:223,_Z7glBegini
FN:233,_Z5glEndv
FN:244,_Z12glMatrixModei
FN:254,_Z13glLoadMatrixfPKf
FN:265,_Z14glLoadIdentityv
FN:274,_Z13glMultMatrixfPKf
FN:285,_Z12glPushMatrixv
FN:294,_Z11glPopMatrixv
FN:303,_Z9glRotatefffff
FN:316,_Z12glTranslateffff
FN:328,_Z8glScaleffff
FN:341,_Z10glViewportiiii
FN:354,_Z9glFrustumdddddd
FN:372,_Z12glMaterialfviiPf
FN:390,_Z11glMaterialfiif
FN:404,_Z15glColorMaterialii
FN:415,_Z9glLightfviiPf
FN:430,_Z8glLightfiif
FN:444,_Z13glLightModeliii
FN:457,_Z14glLightModelfviPf
FN:471,_Z7glCleari
FN:481,_Z12glClearColorffff
FN:494,_Z12glClearDepthd
FN:507,_Z12glTexImage2DiiiiiiiiPv
FN:528,_Z13glBindTextureii
FN:539,_Z9glTexEnviiii
FN:555,_Z15glTexParameteriiii
FN:571,_Z13glPixelStoreiii
FN:584,_Z11glInitNamesv
FN:593,_Z10glPushNamej
FN:603,_Z9glPopNamev
FN:612,_Z10glLoadNamej
FN:623,_Z15glPolygonOffsetff
FN:633,_Z10glCallListj
FN:643,_Z7glFlushv
FN:648,_Z6glHintii
FN:661,_Z7glDebugi
FNDA:9558,_Z10glVertex4fffff
FNDA:0,_Z10glVertex2fff
FNDA:9558,_Z10glVertex3ffff
FNDA:0,_Z11glVertex3fvPf
FNDA:9558,_Z10glNormal3ffff
FNDA:0,_Z11glNormal3fvPf
FNDA:1,_Z9glColor4fffff
FNDA:0,_Z10glColor4fvPf
FNDA:1,_Z9glColor3ffff
FNDA:0,_Z10glColor3fvPf
FNDA:9558,_Z12glTexCoord4fffff
FNDA:9558,_Z12glTexCoord2fff
FNDA:0,_Z13glTexCoord2fvPf
FNDA:0,_Z10glEdgeFlagi
FNDA:0,_Z12glShadeModeli
FNDA:0,_Z10glCullFacei
FNDA:0,_Z11glFrontFacei
FNDA:0,_Z13glPolygonModeii
FNDA:6,_Z8glEnablei
FNDA:0,_Z9glDisablei
FNDA:1,_Z7glBegini
FNDA:1,_Z5glEndv
FNDA:7,_Z12glMatrixModei
FNDA:0,_Z13glLoadMatrixfPKf
FNDA:8,_Z14glLoadIdentityv
FNDA:1,_Z13glMultMatrixfPKf
FNDA:0,_Z12glPushMatrixv
FNDA:0,_Z11glPopMatrixv
FNDA:1,_Z9glRotatefffff
FNDA:1,_Z12glTranslateffff
FNDA:0,_Z8glScaleffff
FNDA:3,_Z10glViewportiiii
FNDA:2,_Z9glFrustumdddddd
FNDA:0,_Z12glMaterialfviiPf
FNDA:0,_Z11glMaterialfiif
FNDA:0,_Z15glColorMaterialii
FNDA:0,_Z9glLightfviiPf
FNDA:0,_Z8glLightfiif
FNDA:0,_Z13glLightModeliii
FNDA:0,_Z14glLightModelfviPf
FNDA:1,_Z7glCleari
FNDA:0,_Z12glClearColorffff
FNDA:0,_Z12glClearDepthd
FNDA:1,_Z12glTexImage2DiiiiiiiiPv
FNDA:2,_Z13glBindTextureii
FNDA:0,_Z9glTexEnviiii
FNDA:4,_Z15glTexParameteriiii
FNDA:1,_Z13glPixelStoreiii
FNDA:0,_Z11glInitNamesv
FNDA:0,_Z10glPushNamej
FNDA:0,_Z9glPopNamev
FNDA:0,_Z10glLoadNamej
FNDA:0,_Z15glPolygonOffsetff
FNDA:0,_Z10glCallListj
FNDA:1,_Z7glFlushv
FNDA:0,_Z6glHintii
FNDA:0,_Z7glDebugi
FNF:57
FNH:23
DA:5,9558
DA:9,9558
DA:10,9558
DA:11,9558
DA:12,9558
DA:13,9558
DA:15,9558
DA:16,9558
DA:18,0
DA:20,0
DA:21,0
DA:23,9558
DA:25,9558
DA:26,9558
DA:28,0
DA:30,0
DA:31,0
DA:35,9558
DA:39,9558
DA:40,9558
DA:41,9558
DA:42,9558
DA:44,9558
DA:45,9558
DA:47,0
DA:49,0
DA:50,0
DA:54,1
DA:58,1
DA:59,1
DA:60,1
DA:61,1
DA:62,1
DA:64,1
DA:65,1
DA:66,1
DA:67,1
DA:68,1
DA:69,1
DA:70,1
DA:71,1
DA:73,0
DA:77,0
DA:78,0
DA:79,0
DA:80,0
DA:81,0
DA:83,0
DA:84,0
DA:85,0
DA:86,0
DA:87,0
DA:88,0
DA:89,0
DA:90,0
DA:92,1
DA:94,1
DA:95,1
DA:97,0
DA:99,0
DA:100,0
DA:105,9558
DA:109,9558
DA:110,9558
DA:111,9558
DA:112,9558
DA:113,9558
DA:115,9558
DA:116,9558
DA:118,9558
DA:120,9558
DA:121,9558
DA:123,0
DA:125,0
DA:126,0
DA:128,0
DA:132,0
DA:133,0
DA:135,0
DA:136,0
DA:140,0
DA:144,0
DA:146,0
DA:147,0
DA:149,0
DA:150,0
DA:152,0
DA:156,0
DA:158,0
DA:160,0
DA:161,0
DA:163,0
DA:164,0
DA:166,0
DA:170,0
DA:172,0
DA:174,0
DA:175,0
DA:177,0
DA:178,0
DA:180,0
DA:184,0
DA:186,0
DA:187,0
DA:189,0
DA:190,0
DA:191,0
DA:193,0
DA:194,0
DA:199,6
DA:203,6
DA:204,6
DA:205,6
DA:207,6
DA:208,6
DA:210,0
DA:214,0
DA:215,0
DA:216,0
DA:218,0
DA:219,0
DA:223,1
DA:227,1
DA:228,1
DA:230,1
DA:231,1
DA:233,1
DA:237,1
DA:239,1
DA:240,1
DA:244,7
DA:248,7
DA:249,7
DA:251,7
DA:252,7
DA:254,0
DA:259,0
DA:260,0
DA:262,0
DA:263,0
DA:265,8
DA:269,8
DA:271,8
DA:272,8
DA:274,1
DA:279,1
DA:280,1
DA:282,1
DA:283,1
DA:285,0
DA:289,0
DA:291,0
DA:292,0
DA:294,0
DA:298,0
DA:300,0
DA:301,0
DA:303,1
DA:307,1
DA:308,1
DA:309,1
DA:310,1
DA:311,1
DA:313,1
DA:314,1
DA:316,1
DA:320,1
DA:321,1
DA:322,1
DA:323,1
DA:325,1
DA:326,1
DA:328,0
DA:332,0
DA:333,0
DA:334,0
DA:335,0
DA:337,0
DA:338,0
DA:341,3
DA:345,3
DA:346,3
DA:347,3
DA:348,3
DA:349,3
DA:351,3
DA:352,3
DA:354,2
DA:359,2
DA:360,2
DA:361,2
DA:362,2
DA:363,2
DA:364,2
DA:365,2
DA:367,2
DA:368,2
DA:372,0
DA:377,0
DA:379,0
DA:380,0
DA:381,0
DA:382,0
DA:383,0
DA:384,0
DA:385,0
DA:387,0
DA:388,0
DA:390,0
DA:395,0
DA:396,0
DA:397,0
DA:398,0
DA:399,0
DA:401,0
DA:402,0
DA:404,0
DA:408,0
DA:409,0
DA:410,0
DA:412,0
DA:413,0
DA:415,0
DA:420,0
DA:421,0
DA:422,0
DA:424,0
DA:426,0
DA:427,0
DA:430,0
DA:435,0
DA:436,0
DA:437,0
DA:438,0
DA:439,0
DA:441,0
DA:442,0
DA:444,0
DA:449,0
DA:450,0
DA:451,0
DA:452,0
DA:454,0
DA:455,0
DA:457,0
DA:462,0
DA:463,0
DA:464,0
DA:466,0
DA:467,0
DA:471,1
DA:475,1
DA:476,1
DA:478,1
DA:479,1
DA:481,0
DA:485,0
DA:486,0
DA:487,0
DA:488,0
DA:489,0
DA:491,0
DA:492,0
DA:494,0
DA:498,0
DA:499,0
DA:501,0
DA:502,0
DA:507,1
DA:513,1
DA:514,1
DA:515,1
DA:516,1
DA:517,1
DA:518,1
DA:519,1
DA:520,1
DA:521,1
DA:522,1
DA:524,1
DA:525,1
DA:528,2
DA:532,2
DA:533,2
DA:534,2
DA:536,2
DA:537,2
DA:539,0
DA:543,0
DA:544,0
DA:545,0
DA:546,0
DA:547,0
DA:548,0
DA:549,0
DA:550,0
DA:552,0
DA:553,0
DA:555,4
DA:559,4
DA:560,4
DA:561,4
DA:562,4
DA:563,4
DA:564,4
DA:565,4
DA:566,4
DA:568,4
DA:569,4
DA:571,1
DA:575,1
DA:576,1
DA:577,1
DA:579,1
DA:580,1
DA:584,0
DA:588,0
DA:590,0
DA:591,0
DA:593,0
DA:597,0
DA:598,0
DA:600,0
DA:601,0
DA:603,0
DA:607,0
DA:609,0
DA:610,0
DA:612,0
DA:616,0
DA:617,0
DA:619,0
DA:620,0
DA:623,0
DA:626,0
DA:627,0
DA:628,0
DA:629,0
DA:633,0
DA:637,0
DA:638,0
DA:640,0
DA:641,0
DA:643,1
DA:646,1
DA:648,0
DA:652,0
DA:653,0
DA:654,0
DA:656,0
DA:657,0
DA:661,0
DA:663,0
DA:664,0
DA:665,0
LF:355
LH:151
end_of_record
TN:
SF:/data/tzwang/graphics/TinyGLRender/test3ds/DevRender/TyGL/image_util.cpp
FN:7,_Z23gl_convertRGB_to_5R6G5BPtPhii
FN:21,_Z25gl_convertRGB_to_8A8R8G8BPjPhii
FN:44,_ZL11interpolateiiiii
FN:54,_Z14gl_resizeImagePhiiS_ii
FN:105,_Z27gl_resizeImageNoInterpolatePhiiS_ii
FNDA:0,_Z23gl_convertRGB_to_5R6G5BPtPhii
FNDA:0,_Z25gl_convertRGB_to_8A8R8G8BPjPhii
FNDA:0,_ZL11interpolateiiiii
FNDA:0,_Z14gl_resizeImagePhiiS_ii
FNDA:1,_Z27gl_resizeImageNoInterpolatePhiiS_ii
FNF:5
FNH:1
DA:7,0
DA:13,0
DA:14,0
DA:15,0
DA:16,0
DA:17,0
DA:19,0
DA:21,0
DA:27,0
DA:28,0
DA:29,0
DA:30,0
DA:31,0
DA:32,0
DA:33,0
DA:35,0
DA:44,0
DA:46,0
DA:54,0
DA:61,0
DA:62,0
DA:64,0
DA:65,0
DA:67,0
DA:68,0
DA:69,0
DA:70,0
DA:71,0
DA:72,0
DA:73,0
DA:74,0
DA:76,0
DA:77,0
DA:78,0
DA:79,0
DA:80,0
DA:81,0
DA:84,0
DA:85,0
DA:86,0
DA:87,0
DA:88,0
DA:89,0
DA:90,0
DA:94,0
DA:95,0
DA:97,0
DA:99,0
DA:105,1
DA:112,1
DA:113,1
DA:115,1
DA:116,1
DA:118,1
DA:119,257
DA:120,256
DA:121,65792
DA:122,65536
DA:123,65536
DA:124,65536
DA:126,65536
DA:127,65536
DA:128,65536
DA:130,65536
DA:131,65536
DA:133,256
DA:135,1
LF:67
LH:19
end_of_record
TN:
SF:/data/tzwang/graphics/TinyGLRender/test3ds/DevRender/TyGL/clip.cpp
FN:13,_Z24gl_transform_to_viewportP9GLContextP8GLVertex
FN:51,_ZL14gl_add_select1P9GLContextiii
FN:65,_Z13gl_draw_pointP9GLContextP8GLVertex
FN:78,_ZL11interpolateP8GLVertexS0_S0_f
FN:96,_ZL9ClipLine1ffPfS_
FN:112,_Z12gl_draw_lineP9GLContextP8GLVertexS2_
FN:196,_ZL9clip_xminP2V4S0_S0_
FN:198,_ZL9clip_xmaxP2V4S0_S0_
FN:200,_ZL9clip_yminP2V4S0_S0_
FN:202,_ZL9clip_ymaxP2V4S0_S0_
FN:204,_ZL9clip_zminP2V4S0_S0_
FN:206,_ZL9clip_zmaxP2V4S0_S0_
FN:215,_ZL9updateTmpP9GLContextP8GLVertexS2_S2_f
FN:241,_Z16gl_draw_triangleP9GLContextP8GLVertexS2_S2_
FN:292,_ZL21gl_draw_triangle_clipP9GLContextP8GLVertexS2_S2_i
FN:373,_Z23gl_draw_triangle_selectP9GLContextP8GLVertexS2_S2_
FN:383,_Z21gl_draw_triangle_fillP9GLContextP8GLVertexS2_S2_
FN:418,_Z21gl_draw_triangle_lineP9GLContextP8GLVertexS2_S2_
FN:435,_Z22gl_draw_triangle_pointP9GLContextP8GLVertexS2_S2_
FNDA:9558,_Z24gl_transform_to_viewportP9GLContextP8GLVertex
FNDA:0,_ZL14gl_add_select1P9GLContextiii
FNDA:0,_Z13gl_draw_pointP9GLContextP8GLVertex
FNDA:0,_ZL11interpolateP8GLVertexS0_S0_f
FNDA:0,_ZL9ClipLine1ffPfS_
FNDA:0,_Z12gl_draw_lineP9GLContextP8GLVertexS2_
FNDA:0,_ZL9clip_xminP2V4S0_S0_
FNDA:0,_ZL9clip_xmaxP2V4S0_S0_
FNDA:0,_ZL9clip_yminP2V4S0_S0_
FNDA:0,_ZL9clip_ymaxP2V4S0_S0_
FNDA:0,_ZL9clip_zminP2V4S0_S0_
FNDA:0,_ZL9clip_zmaxP2V4S0_S0_
FNDA:0,_ZL9updateTmpP9GLContextP8GLVertexS2_S2_f
FNDA:3186,_Z16gl_draw_triangleP9GLContextP8GLVertexS2_S2_
FNDA:0,_ZL21gl_draw_triangle_clipP9GLContextP8GLVertexS2_S2_i
FNDA:0,_Z23gl_draw_triangle_selectP9GLContextP8GLVertexS2_S2_
FNDA:3183,_Z21gl_draw_triangle_fillP9GLContextP8GLVertexS2_S2_
FNDA:0,_Z21gl_draw_triangle_lineP9GLContextP8GLVertexS2_S2_
FNDA:0,_Z22gl_draw_triangle_pointP9GLContextP8GLVertexS2_S2_
FNF:19
FNH:3
DA:13,9558
DA:18,9558
DA:19,9558
DA:20,9558
DA:21,9558
DA:22,9558
DA:23,9558
DA:24,9558
DA:26,9558
DA:27,9558
DA:28,9558
DA:29,9558
DA:30,9558
DA:31,9558
DA:32,9558
DA:35,0
DA:36,0
DA:37,0
DA:42,9558
DA:43,9558
DA:44,9558
DA:45,9558
DA:46,9558
DA:48,9558
DA:51,0
DA:54,0
DA:55,0
DA:56,0
DA:57,0
DA:58,0
DA:60,0
DA:61,0
DA:65,0
DA:67,0
DA:68,0
DA:69,0
DA:71,0
DA:74,0
DA:78,0
DA:80,0
DA:81,0
DA:82,0
DA:83,0
DA:85,0
DA:86,0
DA:87,0
DA:88,0
DA:96,0
DA:100,0
DA:101,0
DA:102,0
DA:103,0
DA:104,0
DA:105,0
DA:106,0
DA:107,0
DA:108,0
DA:109,0
DA:112,0
DA:119,0
DA:120,0
DA:122,0
DA:123,0
DA:124,0
DA:126,0
DA:127,0
DA:129,0
DA:131,0
DA:132,0
DA:134,0
DA:135,0
DA:136,0
DA:137,0
DA:138,0
DA:139,0
DA:140,0
DA:141,0
DA:143,0
DA:144,0
DA:145,0
DA:146,0
DA:147,0
DA:148,0
DA:149,0
DA:150,0
DA:152,0
DA:153,0
DA:154,0
DA:155,0
DA:157,0
DA:158,0
DA:160,0
DA:196,0
DA:198,0
DA:200,0
DA:202,0
DA:204,0
DA:206,0
DA:215,0
DA:218,0
DA:219,0
DA:220,0
DA:221,0
DA:223,0
DA:224,0
DA:225,0
DA:228,0
DA:229,0
DA:230,0
DA:233,0
DA:234,0
DA:235,0
DA:236,0
DA:241,3186
DA:247,3186
DA:248,3186
DA:249,3186
DA:251,3186
DA:254,3186
DA:256,3186
DA:257,3186
DA:259,3189
DA:261,3183
DA:262,3183
DA:265,3183
DA:267,0
DA:268,0
DA:269,0
DA:270,0
DA:271,0
DA:272,0
DA:274,0
DA:278,3183
DA:279,2594
DA:281,589
DA:285,0
DA:286,0
DA:287,0
DA:292,0
DA:299,0
DA:300,0
DA:301,0
DA:303,0
DA:304,0
DA:305,0
DA:307,0
DA:309,0
DA:312,0
DA:313,0
DA:317,0
DA:324,0
DA:327,0
DA:328,0
DA:330,0
DA:333,0
DA:334,0
DA:335,0
DA:337,0
DA:338,0
DA:340,0
DA:341,0
DA:343,0
DA:344,0
DA:345,0
DA:346,0
DA:348,0
DA:349,0
DA:350,0
DA:351,0
DA:355,0
DA:356,0
DA:357,0
DA:359,0
DA:360,0
DA:362,0
DA:363,0
DA:365,0
DA:366,0
DA:367,0
DA:373,0
DA:376,0
DA:377,0
DA:383,3183
DA:403,3183
DA:407,3183
DA:408,3183
DA:409,0
DA:410,0
DA:412,0
DA:414,3183
DA:418,0
DA:421,0
DA:422,0
DA:423,0
DA:424,0
DA:426,0
DA:427,0
DA:428,0
DA:430,0
DA:435,0
DA:438,0
DA:439,0
DA:440,0
DA:441,0
LF:204
LH:41
end_of_record
SF:/data/tzwang/graphics/TinyGLRender/test3ds/DevRender/include/zgl.h
FN:360,_ZL11gl_clipcodeffff
FNDA:0,_ZL11gl_clipcodeffff
FNF:1
FNH:0
DA:360,0
DA:364,0
DA:365,0
DA:366,0
DA:367,0
DA:368,0
DA:369,0
DA:370,0
LF:8
LH:0
end_of_record
TN:
SF:/data/tzwang/graphics/TinyGLRender/test3ds/DevRender/TyGL/oscontext.cpp
FN:10,ostgl_create_context
FN:50,ostgl_delete_context
FN:66,ostgl_make_current
FN:74,ostgl_resize
FNDA:0,ostgl_create_context
FNDA:0,ostgl_delete_context
FNDA:0,ostgl_make_current
FNDA:0,ostgl_resize
FNF:4
FNH:0
DA:10,0
DA:20,0
DA:22,0
DA:24,0
DA:25,0
DA:26,0
DA:27,0
DA:29,0
DA:31,0
DA:32,0
DA:33,0
DA:34,0
DA:35,0
DA:36,0
DA:38,0
DA:40,0
DA:41,0
DA:43,0
DA:44,0
DA:45,0
DA:46,0
DA:50,0
DA:53,0
DA:54,0
DA:56,0
DA:57,0
DA:58,0
DA:60,0
DA:61,0
DA:63,0
DA:66,0
DA:68,0
DA:69,0
DA:70,0
DA:71,0
DA:74,0
DA:80,0
DA:81,0
DA:83,0
LF:39
LH:0
end_of_record
TN:
SF:/data/tzwang/graphics/TinyGLRender/test3ds/DevRender/TyGL/zbuffer.cpp
FN:12,_Z7ZB_openiiiiPhPiPv
FN:75,_Z8ZB_closeP7ZBuffer
FN:89,_Z9ZB_resizeP7ZBufferPvii
FN:117,_ZL13ZB_copyBufferP7ZBufferPvi
FN:311,_ZL24ZB_copyFrameBuffer5R6G5BP7ZBufferPvi
FN:336,_Z18ZB_copyFrameBufferP7ZBufferPvi
FN:413,_Z8memset_sPvii
FN:437,_Z8memset_lPvii
FN:459,_Z12memset_RGB24Pviiil
FN:500,_Z8ZB_clearP7ZBufferiiiiii
FNDA:1,_Z7ZB_openiiiiPhPiPv
FNDA:0,_Z8ZB_closeP7ZBuffer
FNDA:0,_Z9ZB_resizeP7ZBufferPvii
FNDA:0,_ZL13ZB_copyBufferP7ZBufferPvi
FNDA:0,_ZL24ZB_copyFrameBuffer5R6G5BP7ZBufferPvi
FNDA:0,_Z18ZB_copyFrameBufferP7ZBufferPvi
FNDA:1,_Z8memset_sPvii
FNDA:0,_Z8memset_lPvii
FNDA:1600,_Z12memset_RGB24Pviiil
FNDA:1,_Z8ZB_clearP7ZBufferiiiiii
FNF:10
FNH:4
DA:12,1
DA:21,1
DA:22,1
DA:23,0
DA:25,1
DA:26,1
DA:27,1
DA:28,1
DA:30,1
DA:33,0
DA:34,0
DA:43,1
DA:44,1
DA:46,0
DA:49,1
DA:51,1
DA:52,1
DA:53,0
DA:55,1
DA:56,1
DA:57,1
DA:58,0
DA:59,0
DA:61,1
DA:63,0
DA:64,0
DA:67,1
DA:69,1
DA:71,0
DA:72,0
DA:75,0
DA:78,0
DA:79,0
DA:82,0
DA:83,0
DA:85,0
DA:86,0
DA:87,0
DA:89,0
DA:94,0
DA:96,0
DA:97,0
DA:98,0
DA:100,0
DA:102,0
DA:103,0
DA:105,0
DA:106,0
DA:108,0
DA:109,0
DA:110,0
DA:112,0
DA:113,0
DA:115,0
DA:117,0
DA:125,0
DA:126,0
DA:127,0
DA:128,0
DA:129,0
DA:130,0
DA:131,0
DA:133,0
DA:311,0
DA:318,0
DA:319,0
DA:321,0
DA:322,0
DA:323,0
DA:324,0
DA:325,0
DA:326,0
DA:327,0
DA:328,0
DA:329,0
DA:330,0
DA:332,0
DA:334,0
DA:336,0
DA:339,0
DA:342,0
DA:343,0
DA:347,0
DA:348,0
DA:351,0
DA:353,0
DA:413,1
DA:419,1
DA:420,1
DA:422,1
DA:423,320001
DA:424,320000
DA:425,320000
DA:426,320000
DA:427,320000
DA:428,320000
DA:431,1
DA:432,1
DA:433,1
DA:434,0
DA:435,1
DA:437,0
DA:442,0
DA:443,0
DA:444,0
DA:445,0
DA:446,0
DA:447,0
DA:448,0
DA:449,0
DA:450,0
DA:453,0
DA:454,0
DA:455,0
DA:456,0
DA:459,1600
DA:462,1600
DA:463,1600
DA:465,1600
DA:468,1600
DA:469,1600
DA:470,1600
DA:471,2560000
DA:473,2558400
DA:474,2558400
DA:475,2558400
DA:498,1600
DA:500,1
DA:509,1
DA:510,1
DA:512,1
DA:513,1
DA:514,1601
DA:522,1600
DA:526,1600
DA:529,1
LF:136
LH:54
end_of_record
TN:
SF:/data/tzwang/graphics/TinyGLRender/test3ds/DevRender/TyGL/zmath.cpp
FN:12,_Z8gl_M4_IdP2M4
FN:20,_Z10gl_M4_IsIdP2M4
FN:32,_Z9gl_M4_MulP2M4S0_S0_
FN:45,_Z13gl_M4_MulLeftP2M4S0_
FN:63,_Z10gl_M4_MoveP2M4S0_
FN:68,_Z9gl_MoveV3P2V3S0_
FN:74,_Z10gl_MulM4V3P2V3P2M4S0_
FN:81,_Z10gl_MulM3V3P2V3P2M4S0_
FN:88,_Z11gl_M4_MulV4P2V4P2M4S0_
FN:97,_Z15gl_M4_TransposeP2M4S0_
FN:121,_Z14gl_M4_InvOrthoP2M4S_
FN:138,_Z10Matrix_InvPfS_i
FN:198,_Z9gl_M4_InvP2M4S0_
FN:206,_Z12gl_M4_RotateP2M4fi
FN:221,_Z9gl_M3_InvP2M3S0_
FN:245,_Z10gl_V3_NormP2V3
FN:256,_Z9gl_V3_Newfff
FN:265,_Z9gl_V4_Newffff
FNDA:9,_Z8gl_M4_IdP2M4
FNDA:1,_Z10gl_M4_IsIdP2M4
FNDA:0,_Z9gl_M4_MulP2M4S0_S0_
FNDA:4,_Z13gl_M4_MulLeftP2M4S0_
FNDA:0,_Z10gl_M4_MoveP2M4S0_
FNDA:0,_Z9gl_MoveV3P2V3S0_
FNDA:0,_Z10gl_MulM4V3P2V3P2M4S0_
FNDA:0,_Z10gl_MulM3V3P2V3P2M4S0_
FNDA:0,_Z11gl_M4_MulV4P2V4P2M4S0_
FNDA:1,_Z15gl_M4_TransposeP2M4S0_
FNDA:0,_Z14gl_M4_InvOrthoP2M4S_
FNDA:1,_Z10Matrix_InvPfS_i
FNDA:1,_Z9gl_M4_InvP2M4S0_
FNDA:1,_Z12gl_M4_RotateP2M4fi
FNDA:0,_Z9gl_M3_InvP2M3S0_
FNDA:0,_Z10gl_V3_NormP2V3
FNDA:48,_Z9gl_V3_Newfff
FNDA:73,_Z9gl_V4_Newffff
FNF:18
FNH:9
DA:12,9
DA:15,45
DA:16,180
DA:17,144
DA:18,9
DA:20,1
DA:23,5
DA:24,20
DA:25,16
DA:26,4
DA:27,12
DA:29,1
DA:32,0
DA:36,0
DA:37,0
DA:38,0
DA:39,0
DA:40,0
DA:42,0
DA:45,4
DA:53,4
DA:55,20
DA:56,80
DA:57,64
DA:58,64
DA:59,64
DA:61,4
DA:63,0
DA:65,0
DA:66,0
DA:68,0
DA:70,0
DA:71,0
DA:74,0
DA:76,0
DA:77,0
DA:78,0
DA:79,0
DA:81,0
DA:83,0
DA:84,0
DA:85,0
DA:86,0
DA:88,0
DA:90,0
DA:91,0
DA:92,0
DA:93,0
DA:94,0
DA:97,1
DA:99,1
DA:100,1
DA:101,1
DA:102,1
DA:104,1
DA:105,1
DA:106,1
DA:107,1
DA:109,1
DA:110,1
DA:111,1
DA:112,1
DA:114,1
DA:115,1
DA:116,1
DA:117,1
DA:118,1
DA:121,0
DA:125,0
DA:126,0
DA:127,0
DA:128,0
DA:129,0
DA:130,0
DA:131,0
DA:133,0
DA:138,1
DA:144,1
DA:145,1
DA:147,5
DA:150,4
DA:151,4
DA:152,10
DA:153,6
DA:154,0
DA:155,0
DA:159,4
DA:163,4
DA:164,0
DA:165,0
DA:166,0
DA:167,0
DA:169,0
DA:170,0
DA:171,0
DA:176,4
DA:177,20
DA:178,16
DA:179,16
DA:183,20
DA:184,12
DA:185,60
DA:186,48
DA:187,48
DA:192,1
DA:198,1
DA:201,1
DA:203,1
DA:204,1
DA:206,1
DA:210,1
DA:211,1
DA:212,1
DA:213,1
DA:214,1
DA:215,1
DA:216,1
DA:217,1
DA:221,0
DA:225,0
DA:226,0
DA:227,0
DA:229,0
DA:230,0
DA:231,0
DA:233,0
DA:234,0
DA:235,0
DA:237,0
DA:238,0
DA:239,0
DA:240,0
DA:245,0
DA:248,0
DA:249,0
DA:250,0
DA:251,0
DA:252,0
DA:253,0
DA:256,48
DA:259,48
DA:260,48
DA:261,48
DA:262,48
DA:265,73
DA:268,73
DA:269,73
DA:270,73
DA:271,73
DA:272,73
LF:150
LH:82
end_of_record
TN:
SF:/data/tzwang/graphics/TinyGLRender/test3ds/DevRender/TyGL/glx.cpp
FN:23,_Z16glXCreateContextPvb
FN:38,_Z17glXDestroyContextPv
FN:54,_Z19glX_resize_viewportP9GLContextPiS1_
FN:92,_Z14glXSwapBuffersv
FN:124,_Z9glXWaitGLv
FN:128,_Z8glXWaitXv
FNDA:1,_Z16glXCreateContextPvb
FNDA:0,_Z17glXDestroyContextPv
FNDA:0,_Z19glX_resize_viewportP9GLContextPiS1_
FNDA:1,_Z14glXSwapBuffersv
FNDA:0,_Z9glXWaitGLv
FNDA:0,_Z8glXWaitXv
FNF:6
FNH:2
DA:23,1
DA:28,1
DA:29,0
DA:31,1
DA:32,1
DA:34,1
DA:38,0
DA:40,0
DA:41,0
DA:42,0
DA:44,0
DA:45,0
DA:54,0
DA:59,0
DA:61,0
DA:62,0
DA:66,0
DA:67,0
DA:69,0
DA:71,0
DA:72,0
DA:76,0
DA:77,0
DA:83,0
DA:84,0
DA:88,0
DA:92,1
DA:98,1
DA:99,1
DA:101,2
DA:102,1
DA:103,1
DA:104,1601
DA:106,1600
DA:107,1600
DA:108,2561600
DA:110,2560000
DA:112,2560000
DA:113,2560000
DA:114,2560000
DA:117,1
DA:118,2
DA:124,0
DA:126,0
DA:128,0
DA:130,0
LF:46
LH:21
end_of_record
SF:/data/tzwang/graphics/TinyGLRender/test3ds/DevRender/include/c24bitmap.h
FN:472,_ZN9C24BitMapC2Ev
FN:482,_ZN9C24BitMapD2Ev
FN:487,_ZN9C24BitMap7FormatFEii
FN:504,_ZN9C24BitMap4SaveEPc
FN:540,_Z13get_pix_colorR9C24BitMapii
FNDA:2,_ZN9C24BitMapC2Ev
FNDA:2,_ZN9C24BitMapD2Ev
FNDA:1,_ZN9C24BitMap7FormatFEii
FNDA:1,_ZN9C24BitMap4SaveEPc
FNDA:2560000,_Z13get_pix_colorR9C24BitMapii
FNF:5
FNH:5
DA:472,2
DA:474,2
DA:475,2
DA:476,2
DA:477,2
DA:478,2
DA:479,2
DA:480,2
DA:482,4
DA:484,2
DA:485,2
DA:487,1
DA:493,1
DA:495,1
DA:496,1
DA:497,1
DA:498,1
DA:499,1
DA:500,1
DA:501,1
DA:502,1
DA:504,1
DA:506,1
DA:507,1
DA:508,1
DA:509,1
DA:510,1
DA:511,1
DA:540,2560000
DA:541,2560000
DA:543,2560000
DA:544,2560000
DA:551,2560000
LF:33
LH:33
end_of_record
TN:
SF:/data/tzwang/graphics/TinyGLRender/test3ds/DevRender/TyGL/vertex.cpp
FN:4,_Z10glopNormalP9GLContextP7GLParam
FN:18,_Z12glopTexCoordP9GLContextP7GLParam
FN:26,_Z12glopEdgeFlagP9GLContextP7GLParam
FN:31,_Z9glopColorP9GLContextP7GLParam
FN:56,_Z16gl_eval_viewportP9GLContext
FN:72,_Z9glopBeginP9GLContextP7GLParam
FN:146,_ZL19gl_vertex_transformP9GLContextP8GLVertex
FN:207,_Z10glopVertexP9GLContextP7GLParam
FN:349,_Z7glopEndP9GLContextP7GLParam
FNDA:9558,_Z10glopNormalP9GLContextP7GLParam
FNDA:9558,_Z12glopTexCoordP9GLContextP7GLParam
FNDA:0,_Z12glopEdgeFlagP9GLContextP7GLParam
FNDA:1,_Z9glopColorP9GLContextP7GLParam
FNDA:1,_Z16gl_eval_viewportP9GLContext
FNDA:1,_Z9glopBeginP9GLContextP7GLParam
FNDA:9558,_ZL19gl_vertex_transformP9GLContextP8GLVertex
FNDA:9558,_Z10glopVertexP9GLContextP7GLParam
FNDA:1,_Z7glopEndP9GLContextP7GLParam
FNF:9
FNH:8
DA:4,9558
DA:8,9558
DA:9,9558
DA:10,9558
DA:12,9558
DA:13,9558
DA:14,9558
DA:15,9558
DA:16,9558
DA:18,9558
DA:20,9558
DA:21,9558
DA:22,9558
DA:23,9558
DA:24,9558
DA:26,0
DA:28,0
DA:29,0
DA:31,1
DA:34,1
DA:35,1
DA:36,1
DA:37,1
DA:38,1
DA:39,1
DA:40,1
DA:42,1
DA:44,1
DA:45,1
DA:46,1
DA:47,1
DA:48,1
DA:49,1
DA:50,1
DA:51,1
DA:53,1
DA:56,1
DA:59,1
DA:61,1
DA:63,1
DA:64,1
DA:65,1
DA:67,1
DA:68,1
DA:69,1
DA:70,1
DA:72,1
DA:77,1
DA:79,1
DA:80,1
DA:81,1
DA:82,1
DA:83,1
DA:85,1
DA:87,1
DA:89,1
DA:90,1
DA:92,0
DA:94,0
DA:96,0
DA:98,0
DA:99,0
DA:100,0
DA:104,1
DA:106,1
DA:109,1
DA:110,1
DA:111,1
DA:114,1
DA:115,0
DA:116,0
DA:118,1
DA:120,0
DA:121,0
DA:123,0
DA:124,0
DA:126,1
DA:127,1
DA:130,1
DA:132,0
DA:133,0
DA:135,0
DA:136,0
DA:138,1
DA:139,1
DA:142,1
DA:146,9558
DA:151,9558
DA:154,9558
DA:155,19116
DA:156,19116
DA:157,19116
DA:158,19116
DA:159,19116
DA:160,19116
DA:161,19116
DA:162,19116
DA:165,9558
DA:166,19116
DA:167,19116
DA:168,19116
DA:169,19116
DA:170,19116
DA:171,19116
DA:172,19116
DA:173,19116
DA:175,9558
DA:176,9558
DA:178,9558
DA:179,9558
DA:180,9558
DA:182,9558
DA:183,0
DA:188,0
DA:190,0
DA:191,0
DA:192,0
DA:193,0
DA:194,0
DA:195,0
DA:196,0
DA:197,0
DA:199,0
DA:200,0
DA:204,9558
DA:205,9558
DA:207,9558
DA:212,9558
DA:214,9558
DA:215,9558
DA:216,9558
DA:217,9558
DA:220,9558
DA:222,0
DA:223,0
DA:224,0
DA:225,0
DA:227,0
DA:228,0
DA:229,0
DA:232,9558
DA:233,9558
DA:235,9558
DA:236,9558
DA:237,9558
DA:238,9558
DA:240,9558
DA:244,9558
DA:245,9558
DA:247,0
DA:252,9558
DA:253,9558
DA:254,0
DA:256,9558
DA:260,9558
DA:261,9558
DA:265,9558
DA:267,9558
DA:269,0
DA:270,0
DA:271,0
DA:274,0
DA:275,0
DA:276,0
DA:278,0
DA:281,0
DA:282,0
DA:283,0
DA:284,0
DA:285,0
DA:286,0
DA:288,0
DA:291,9558
DA:292,3186
DA:293,3186
DA:295,9558
DA:297,0
DA:298,0
DA:299,0
DA:301,0
DA:303,0
DA:304,0
DA:307,0
DA:308,0
DA:311,0
DA:313,0
DA:314,0
DA:315,0
DA:316,0
DA:318,0
DA:321,0
DA:322,0
DA:323,0
DA:324,0
DA:325,0
DA:326,0
DA:327,0
DA:329,0
DA:332,0
DA:333,0
DA:334,0
DA:335,0
DA:336,0
DA:337,0
DA:339,0
DA:341,0
DA:343,0
DA:346,9558
DA:347,9558
DA:349,1
DA:351,1
DA:353,1
DA:354,0
DA:355,0
DA:357,1
DA:358,0
DA:359,0
DA:360,0
DA:361,0
DA:364,1
DA:365,1
LF:221
LH:130
end_of_record
SF:/data/tzwang/graphics/TinyGLRender/test3ds/DevRender/include/zgl.h
FN:360,_ZL11gl_clipcodeffff
FNDA:9558,_ZL11gl_clipcodeffff
FNF:1
FNH:1
DA:360,9558
DA:364,9558
DA:365,19116
DA:366,19116
DA:367,19116
DA:368,19116
DA:369,9558
DA:370,9558
LF:8
LH:8
end_of_record
TN:
SF:/data/tzwang/graphics/TinyGLRender/test3ds/DevRender/TyGL/init.cpp
FN:6,_Z15initSharedStateP9GLContext
FN:16,_Z14endSharedStateP9GLContext
FN:30,_Z6glInitPv
FN:184,_Z7glClosev
FNDA:1,_Z15initSharedStateP9GLContext
FNDA:0,_Z14endSharedStateP9GLContext
FNDA:1,_Z6glInitPv
FNDA:0,_Z7glClosev
FNF:4
FNH:2
DA:6,1
DA:8,1
DA:9,1
DA:11,1
DA:13,1
DA:14,1
DA:16,0
DA:18,0
DA:21,0
DA:24,0
DA:26,0
DA:27,0
DA:30,1
DA:32,1
DA:37,1
DA:38,1
DA:40,1
DA:43,1
DA:44,1
DA:47,1
DA:48,1
DA:49,1
DA:50,1
DA:51,1
DA:52,1
DA:55,1
DA:59,1
DA:60,1
DA:61,1
DA:63,1
DA:66,17
DA:67,16
DA:68,16
DA:69,16
DA:70,16
DA:71,16
DA:72,16
DA:73,16
DA:74,16
DA:75,16
DA:76,16
DA:77,16
DA:78,16
DA:79,16
DA:80,16
DA:82,1
DA:83,1
DA:84,1
DA:85,1
DA:86,1
DA:89,3
DA:90,2
DA:91,2
DA:92,2
DA:93,2
DA:94,2
DA:95,2
DA:97,1
DA:98,1
DA:99,1
DA:102,1
DA:105,1
DA:106,1
DA:107,1
DA:108,1
DA:109,1
DA:110,1
DA:111,1
DA:113,1
DA:114,1
DA:115,1
DA:116,1
DA:118,1
DA:120,1
DA:121,1
DA:122,1
DA:123,1
DA:125,1
DA:126,1
DA:128,1
DA:129,1
DA:130,1
DA:131,1
DA:134,1
DA:135,1
DA:136,1
DA:137,1
DA:138,1
DA:141,1
DA:142,1
DA:143,1
DA:146,1
DA:148,1
DA:149,1
DA:150,1
DA:152,4
DA:153,3
DA:154,3
DA:157,1
DA:158,1
DA:159,1
DA:160,1
DA:161,1
DA:162,1
DA:164,1
DA:167,1
DA:170,1
DA:173,1
DA:176,1
DA:177,1
DA:178,1
DA:181,1
DA:182,1
DA:184,0
DA:186,0
DA:187,0
DA:188,0
DA:189,0
LF:118
LH:107
end_of_record
TN:
SF:/data/tzwang/graphics/TinyGLRender/test3ds/DevRender/TyGL/kh_project.cpp
FN:14,_ZL18__gluMakeIdentitydPd
FN:22,_ZL18__gluMakeIdentityfPf
FN:31,_Z10gluOrtho2Ddddd
FN:39,_Z13glMultMatrixdPKd
FN:79,_ZL9normalizePf
FN:91,_ZL5crossPfS_S_
FN:111,_Z12glTranslatedddd
FN:120,_Z9gluLookAtddddddddd
FN:161,_ZL19__gluMultMatrixVecdPKdS0_Pd
FN:179,_ZL18__gluInvertMatrixdPKdPd
FN:229,_ZL18__gluMultMatricesdPKdS0_Pd
FN:246,_Z10gluProjectdddPKdS0_PKiPdS3_S3_
FN:281,_Z12gluUnProjectdddPKdS0_PKiPdS3_S3_
FN:322,_Z13gluUnProject4ddddPKdS0_PKiddPdS3_S3_S3_
FN:362,_Z13gluPickMatrixddddPi
FNDA:0,_ZL18__gluMakeIdentitydPd
FNDA:1,_ZL18__gluMakeIdentityfPf
FNDA:0,_Z10gluOrtho2Ddddd
FNDA:0,_Z13glMultMatrixdPKd
FNDA:2,_ZL9normalizePf
FNDA:2,_ZL5crossPfS_S_
FNDA:1,_Z12glTranslatedddd
FNDA:1,_Z9gluLookAtddddddddd
FNDA:0,_ZL19__gluMultMatrixVecdPKdS0_Pd
FNDA:0,_ZL18__gluInvertMatrixdPKdPd
FNDA:0,_ZL18__gluMultMatricesdPKdS0_Pd
FNDA:0,_Z10gluProjectdddPKdS0_PKiPdS3_S3_
FNDA:0,_Z12gluUnProjectdddPKdS0_PKiPdS3_S3_
FNDA:0,_Z13gluUnProject4ddddPKdS0_PKiddPdS3_S3_S3_
FNDA:0,_Z13gluPickMatrixddddPi
FNF:15
FNH:5
DA:14,0
DA:16,0
DA:17,0
DA:18,0
DA:19,0
DA:20,0
DA:22,1
DA:24,1
DA:25,1
DA:26,1
DA:27,1
DA:28,1
DA:31,0
DA:34,0
DA:39,0
DA:43,0
DA:44,0
DA:45,0
DA:46,0
DA:79,2
DA:83,2
DA:84,2
DA:86,2
DA:87,2
DA:88,2
DA:91,2
DA:93,2
DA:94,2
DA:95,2
DA:96,2
DA:111,1
DA:114,1
DA:115,1
DA:120,1
DA:127,1
DA:128,1
DA:129,1
DA:131,1
DA:132,1
DA:133,1
DA:135,1
DA:138,1
DA:139,1
DA:142,1
DA:144,1
DA:145,1
DA:146,1
DA:147,1
DA:149,1
DA:150,1
DA:151,1
DA:153,1
DA:154,1
DA:155,1
DA:157,1
DA:158,1
DA:159,1
DA:161,0
DA:166,0
DA:167,0
DA:168,0
DA:169,0
DA:170,0
DA:171,0
DA:173,0
DA:179,0
DA:184,0
DA:185,0
DA:186,0
DA:187,0
DA:188,0
DA:189,0
DA:190,0
DA:191,0
DA:192,0
DA:193,0
DA:194,0
DA:195,0
DA:196,0
DA:197,0
DA:198,0
DA:199,0
DA:200,0
DA:201,0
DA:202,0
DA:203,0
DA:204,0
DA:205,0
DA:206,0
DA:207,0
DA:208,0
DA:209,0
DA:210,0
DA:211,0
DA:212,0
DA:213,0
DA:214,0
DA:215,0
DA:217,0
DA:218,0
DA:219,0
DA:221,0
DA:223,0
DA:224,0
DA:226,0
DA:229,0
DA:234,0
DA:235,0
DA:236,0
DA:237,0
DA:238,0
DA:239,0
DA:240,0
DA:243,0
DA:246,0
DA:255,0
DA:256,0
DA:257,0
DA:258,0
DA:259,0
DA:260,0
DA:261,0
DA:262,0
DA:263,0
DA:264,0
DA:266,0
DA:267,0
DA:268,0
DA:271,0
DA:272,0
DA:274,0
DA:275,0
DA:276,0
DA:277,0
DA:281,0
DA:291,0
DA:292,0
DA:294,0
DA:295,0
DA:296,0
DA:297,0
DA:300,0
DA:301,0
DA:304,0
DA:305,0
DA:306,0
DA:308,0
DA:309,0
DA:310,0
DA:311,0
DA:312,0
DA:313,0
DA:314,0
DA:315,0
DA:316,0
DA:322,0
DA:334,0
DA:335,0
DA:337,0
DA:338,0
DA:339,0
DA:340,0
DA:343,0
DA:344,0
DA:345,0
DA:348,0
DA:349,0
DA:350,0
DA:352,0
DA:353,0
DA:354,0
DA:355,0
DA:356,0
DA:357,0
DA:358,0
DA:362,0
DA:365,0
DA:366,0
DA:370,0
DA:371,0
DA:372,0
LF:181
LH:44
end_of_record
TN:
SF:/data/tzwang/graphics/TinyGLRender/test3ds/DevRender/TyGL/misc.cpp
FN:4,_Z12glopViewportP9GLContextP7GLParam
FN:45,_Z17glopEnableDisableP9GLContextP7GLParam
FN:93,_Z14glopShadeModelP9GLContextP7GLParam
FN:99,_Z12glopCullFaceP9GLContextP7GLParam
FN:105,_Z13glopFrontFaceP9GLContextP7GLParam
FN:111,_Z15glopPolygonModeP9GLContextP7GLParam
FN:132,_Z8glopHintP9GLContextP7GLParam
FN:143,_Z17glopPolygonOffsetP9GLContextP7GLParam
FNDA:3,_Z12glopViewportP9GLContextP7GLParam
FNDA:6,_Z17glopEnableDisableP9GLContextP7GLParam
FNDA:0,_Z14glopShadeModelP9GLContextP7GLParam
FNDA:0,_Z12glopCullFaceP9GLContextP7GLParam
FNDA:0,_Z13glopFrontFaceP9GLContextP7GLParam
FNDA:0,_Z15glopPolygonModeP9GLContextP7GLParam
FNDA:0,_Z8glopHintP9GLContextP7GLParam
FNDA:0,_Z17glopPolygonOffsetP9GLContextP7GLParam
FNF:8
FNH:2
DA:4,3
DA:8,3
DA:9,3
DA:10,3
DA:11,3
DA:15,6
DA:16,6
DA:17,5
DA:18,2
DA:20,1
DA:21,1
DA:23,1
DA:24,0
DA:25,0
DA:28,1
DA:29,1
DA:30,1
DA:31,0
DA:35,1
DA:36,1
DA:37,1
DA:38,1
DA:39,1
DA:41,1
DA:43,3
DA:45,6
DA:47,6
DA:48,6
DA:50,6
DA:52,0
DA:53,0
DA:55,1
DA:56,1
DA:58,1
DA:59,1
DA:61,2
DA:62,2
DA:64,0
DA:65,0
DA:67,1
DA:68,1
DA:70,0
DA:71,0
DA:72,0
DA:74,0
DA:75,0
DA:76,0
DA:78,0
DA:79,0
DA:80,0
DA:82,1
DA:83,1
DA:89,1
DA:91,6
DA:93,0
DA:95,0
DA:96,0
DA:97,0
DA:99,0
DA:101,0
DA:102,0
DA:103,0
DA:105,0
DA:107,0
DA:108,0
DA:109,0
DA:111,0
DA:113,0
DA:114,0
DA:116,0
DA:118,0
DA:119,0
DA:121,0
DA:122,0
DA:124,0
DA:125,0
DA:126,0
DA:128,0
DA:130,0
DA:132,0
DA:140,0
DA:143,0
DA:145,0
DA:146,0
DA:147,0
LF:85
LH:38
end_of_record
TN:
SF:/data/tzwang/graphics/TinyGLRender/test3ds/DevRender/TyGL/texture.cpp
FN:8,_ZL12find_textureP9GLContexti
FN:20,_ZL12free_textureP9GLContexti
FN:44,_Z13alloc_textureP9GLContexti
FN:63,_Z14glInitTexturesP9GLContext
FN:71,_Z13glGenTexturesiPj
FN:92,_Z16glDeleteTexturesiPKj
FN:110,_Z15glopBindTextureP9GLContextP7GLParam
FN:125,_Z14glopTexImage2DP9GLContextP7GLParam
FN:185,_Z10glopTexEnvP9GLContextP7GLParam
FN:202,_Z16glopTexParameterP9GLContextP7GLParam
FN:221,_Z14glopPixelStoreP9GLContextP7GLParam
FNDA:3,_ZL12find_textureP9GLContexti
FNDA:0,_ZL12free_textureP9GLContexti
FNDA:2,_Z13alloc_textureP9GLContexti
FNDA:1,_Z14glInitTexturesP9GLContext
FNDA:1,_Z13glGenTexturesiPj
FNDA:0,_Z16glDeleteTexturesiPKj
FNDA:2,_Z15glopBindTextureP9GLContextP7GLParam
FNDA:1,_Z14glopTexImage2DP9GLContextP7GLParam
FNDA:0,_Z10glopTexEnvP9GLContextP7GLParam
FNDA:4,_Z16glopTexParameterP9GLContextP7GLParam
FNDA:1,_Z14glopPixelStoreP9GLContextP7GLParam
FNF:11
FNH:8
DA:8,3
DA:12,3
DA:13,3
DA:14,2
DA:15,0
DA:17,1
DA:20,0
DA:26,0
DA:27,0
DA:28,0
DA:29,0
DA:30,0
DA:32,0
DA:34,0
DA:36,0
DA:37,0
DA:38,0
DA:41,0
DA:42,0
DA:44,2
DA:48,2
DA:50,2
DA:52,2
DA:53,2
DA:54,2
DA:55,2
DA:57,2
DA:59,2
DA:63,1
DA:67,1
DA:68,1
DA:69,1
DA:71,1
DA:73,1
DA:77,1
DA:78,257
DA:79,256
DA:80,258
DA:81,1
DA:82,1
DA:86,2
DA:87,1
DA:89,1
DA:92,0
DA:94,0
DA:98,0
DA:99,0
DA:100,0
DA:101,0
DA:102,0
DA:104,0
DA:107,0
DA:110,2
DA:112,2
DA:113,2
DA:116,2
DA:118,2
DA:119,2
DA:120,1
DA:122,2
DA:123,2
DA:125,1
DA:127,1
DA:128,1
DA:129,1
DA:130,1
DA:131,1
DA:132,1
DA:133,1
DA:134,1
DA:135,1
DA:140,1
DA:141,1
DA:142,1
DA:143,0
DA:146,1
DA:147,1
DA:148,1
DA:150,1
DA:151,1
DA:152,1
DA:153,1
DA:155,0
DA:158,1
DA:159,1
DA:160,1
DA:161,1
DA:163,1
DA:164,1
DA:165,1
DA:180,1
DA:181,1
DA:185,0
DA:187,0
DA:188,0
DA:189,0
DA:191,0
DA:193,0
DA:196,0
DA:198,0
DA:199,0
DA:202,4
DA:204,4
DA:205,4
DA:206,4
DA:208,4
DA:210,0
DA:213,4
DA:216,2
DA:217,2
DA:219,4
DA:221,1
DA:223,1
DA:224,1
DA:226,1
DA:228,0
DA:230,1
LF:117
LH:81
end_of_record
TN:
SF:/data/tzwang/graphics/TinyGLRender/test3ds/DevRender/TyGL/error.cpp
FN:4,_Z14gl_fatal_errorPcz
FNDA:0,_Z14gl_fatal_errorPcz
FNF:1
FNH:0
DA:4,0
DA:8,0
DA:10,0
DA:11,0
DA:12,0
DA:13,0
LF:6
LH:0
end_of_record
TN:
SF:/data/tzwang/graphics/TinyGLRender/test3ds/DevRender/TyGL/matrix.cpp
FN:3,_Z15gl_print_matrixPKf
FN:12,_ZL16gl_matrix_updateP9GLContext
FN:18,_Z14glopMatrixModeP9GLContextP7GLParam
FN:36,_Z14glopLoadMatrixP9GLContextP7GLParam
FN:57,_Z16glopLoadIdentityP9GLContextP7GLParam
FN:65,_Z14glopMultMatrixP9GLContextP7GLParam
FN:87,_Z14glopPushMatrixP9GLContextP7GLParam
FN:102,_Z13glopPopMatrixP9GLContextP7GLParam
FN:112,_Z10glopRotateP9GLContextP7GLParam
FN:182,_Z9glopScaleP9GLContextP7GLParam
FN:196,_Z13glopTranslateP9GLContextP7GLParam
FN:212,_Z11glopFrustumP9GLContextP7GLParam
FNDA:0,_Z15gl_print_matrixPKf
FNDA:13,_ZL16gl_matrix_updateP9GLContext
FNDA:7,_Z14glopMatrixModeP9GLContextP7GLParam
FNDA:0,_Z14glopLoadMatrixP9GLContextP7GLParam
FNDA:8,_Z16glopLoadIdentityP9GLContextP7GLParam
FNDA:1,_Z14glopMultMatrixP9GLContextP7GLParam
FNDA:0,_Z14glopPushMatrixP9GLContextP7GLParam
FNDA:0,_Z13glopPopMatrixP9GLContextP7GLParam
FNDA:1,_Z10glopRotateP9GLContextP7GLParam
FNDA:0,_Z9glopScaleP9GLContextP7GLParam
FNDA:1,_Z13glopTranslateP9GLContextP7GLParam
FNDA:2,_Z11glopFrustumP9GLContextP7GLParam
FNF:12
FNH:7
DA:3,0
DA:7,0
DA:8,0
DA:10,0
DA:12,13
DA:14,13
DA:15,13
DA:18,7
DA:20,7
DA:21,7
DA:23,3
DA:24,3
DA:26,3
DA:27,3
DA:29,1
DA:30,1
DA:32,0
DA:34,7
DA:36,0
DA:43,0
DA:44,0
DA:46,0
DA:47,0
DA:48,0
DA:49,0
DA:50,0
DA:51,0
DA:54,0
DA:55,0
DA:57,8
DA:60,8
DA:62,8
DA:63,8
DA:65,1
DA:71,1
DA:73,5
DA:74,4
DA:75,4
DA:76,4
DA:77,4
DA:78,4
DA:81,1
DA:83,1
DA:84,1
DA:87,0
DA:89,0
DA:92,0
DA:93,0
DA:95,0
DA:97,0
DA:99,0
DA:100,0
DA:102,0
DA:104,0
DA:106,0
DA:107,0
DA:108,0
DA:109,0
DA:112,1
DA:119,1
DA:120,1
DA:121,1
DA:122,1
DA:125,1
DA:127,1
DA:129,0
DA:130,0
DA:132,0
DA:133,0
DA:134,0
DA:136,1
DA:137,1
DA:138,1
DA:140,0
DA:141,0
DA:142,0
DA:148,0
DA:149,0
DA:150,0
DA:151,0
DA:152,0
DA:153,0
DA:156,0
DA:157,0
DA:160,0
DA:161,0
DA:162,0
DA:165,0
DA:166,0
DA:167,0
DA:168,0
DA:169,0
DA:170,0
DA:171,0
DA:172,0
DA:173,0
DA:177,1
DA:179,1
DA:182,0
DA:185,0
DA:187,0
DA:189,0
DA:190,0
DA:191,0
DA:192,0
DA:193,0
DA:194,0
DA:196,1
DA:199,1
DA:201,1
DA:203,1
DA:204,1
DA:205,1
DA:206,1
DA:208,1
DA:209,1
DA:212,2
DA:216,2
DA:217,2
DA:218,2
DA:219,2
DA:220,2
DA:221,2
DA:224,2
DA:225,2
DA:226,2
DA:227,2
DA:228,2
DA:229,2
DA:231,2
DA:232,2
DA:233,2
DA:234,2
DA:235,2
DA:237,2
DA:239,2
DA:240,2
LF:137
LH:70
end_of_record
TN:
SF:/data/tzwang/graphics/TinyGLRender/test3ds/DevRender/TyGL/msghandling.cpp
FN:15,_Z11tgl_warningPKcz
FN:28,_Z9tgl_tracePKcz
FN:43,_Z9tgl_fixmePKcz
FNDA:0,_Z11tgl_warningPKcz
FNDA:1,_Z9tgl_tracePKcz
FNDA:0,_Z9tgl_fixmePKcz
FNF:3
FNH:1
DA:15,0
DA:24,0
DA:28,1
DA:37,1
DA:43,0
DA:52,0
LF:6
LH:2
end_of_record
TN:
SF:/data/tzwang/graphics/TinyGLRender/test3ds/DevRender/TyGL/glu.cpp
FN:7,_Z9drawTorusfifi
FN:39,_ZL8normal3ffff
FN:52,_Z14gluPerspectivedddd
FN:66,_Z13gluNewQuadricv
FN:71,_Z19gluQuadricDrawStyleP13GLUquadricObji
FN:75,_Z11gluCylinderP13GLUquadricObjdddii
FN:130,_Z7gluDiskP13GLUquadricObjddii
FN:173,_Z9gluSphereP13GLUquadricObjfii
FNDA:0,_Z9drawTorusfifi
FNDA:0,_ZL8normal3ffff
FNDA:2,_Z14gluPerspectivedddd
FNDA:0,_Z13gluNewQuadricv
FNDA:0,_Z19gluQuadricDrawStyleP13GLUquadricObji
FNDA:0,_Z11gluCylinderP13GLUquadricObjdddii
FNDA:0,_Z7gluDiskP13GLUquadricObjddii
FNDA:0,_Z9gluSphereP13GLUquadricObjfii
FNF:8
FNH:1
DA:7,0
DA:14,0
DA:15,0
DA:17,0
DA:18,0
DA:19,0
DA:20,0
DA:21,0
DA:22,0
DA:24,0
DA:25,0
DA:26,0
DA:27,0
DA:29,0
DA:30,0
DA:31,0
DA:32,0
DA:35,0
DA:37,0
DA:39,0
DA:43,0
DA:44,0
DA:45,0
DA:46,0
DA:47,0
DA:49,0
DA:50,0
DA:52,2
DA:57,2
DA:58,2
DA:60,2
DA:61,2
DA:63,2
DA:64,2
DA:66,0
DA:68,0
DA:71,0
DA:73,0
DA:75,0
DA:82,0
DA:83,0
DA:84,0
DA:86,0
DA:88,0
DA:89,0
DA:90,0
DA:91,0
DA:93,0
DA:94,0
DA:95,0
DA:96,0
DA:97,0
DA:98,0
DA:99,0
DA:100,0
DA:101,0
DA:102,0
DA:103,0
DA:104,0
DA:105,0
DA:106,0
DA:107,0
DA:108,0
DA:109,0
DA:112,0
DA:113,0
DA:114,0
DA:115,0
DA:116,0
DA:117,0
DA:119,0
DA:120,0
DA:121,0
DA:123,0
DA:124,0
DA:126,0
DA:130,0
DA:141,0
DA:143,0
DA:144,0
DA:148,0
DA:150,0
DA:151,0
DA:152,0
DA:153,0
DA:154,0
DA:155,0
DA:156,0
DA:157,0
DA:158,0
DA:159,0
DA:160,0
DA:161,0
DA:163,0
DA:164,0
DA:167,0
DA:173,0
DA:183,0
DA:184,0
DA:186,0
DA:187,0
DA:190,0
DA:191,0
DA:192,0
DA:193,0
DA:194,0
DA:195,0
DA:196,0
DA:197,0
DA:198,0
DA:199,0
DA:200,0
DA:202,0
DA:205,0
DA:206,0
DA:207,0
DA:209,0
DA:210,0
DA:218,0
DA:219,0
DA:220,0
DA:221,0
DA:222,0
DA:223,0
DA:224,0
DA:225,0
DA:226,0
DA:227,0
DA:228,0
DA:229,0
DA:230,0
DA:231,0
DA:232,0
DA:233,0
DA:234,0
DA:235,0
DA:236,0
DA:238,0
DA:239,0
DA:243,0
DA:244,0
DA:245,0
DA:246,0
DA:247,0
DA:248,0
DA:249,0
DA:250,0
DA:251,0
DA:252,0
DA:253,0
DA:254,0
DA:255,0
DA:256,0
DA:257,0
DA:258,0
DA:260,0
DA:261,0
LF:157
LH:7
end_of_record
TN:
SF:/data/tzwang/graphics/TinyGLRender/test3ds/DevRender/TyGL/light.cpp
FN:4,_Z12glopMaterialP9GLContextP7GLParam
FN:59,_Z17glopColorMaterialP9GLContextP7GLParam
FN:68,_Z9glopLightP9GLContextP7GLParam
FN:141,_Z14glopLightModelP9GLContextP7GLParam
FN:166,_ZL6clampffff
FN:173,_Z23gl_enable_disable_lightP9GLContextii
FN:190,_Z15gl_shade_vertexP9GLContextP8GLVertex
FNDA:2,_Z12glopMaterialP9GLContextP7GLParam
FNDA:0,_Z17glopColorMaterialP9GLContextP7GLParam
FNDA:0,_Z9glopLightP9GLContextP7GLParam
FNDA:0,_Z14glopLightModelP9GLContextP7GLParam
FNDA:38232,_ZL6clampffff
FNDA:1,_Z23gl_enable_disable_lightP9GLContextii
FNDA:9558,_Z15gl_shade_vertexP9GLContextP8GLVertex
FNF:7
FNH:4
DA:4,2
DA:6,2
DA:7,2
DA:10,2
DA:11,2
DA:12,2
DA:13,2
DA:14,2
DA:19,2
DA:20,1
DA:21,1
DA:22,1
DA:24,2
DA:25,1
DA:27,2
DA:29,0
DA:30,0
DA:31,0
DA:33,0
DA:34,0
DA:35,0
DA:37,0
DA:38,0
DA:39,0
DA:41,0
DA:42,0
DA:43,0
DA:45,0
DA:46,0
DA:47,0
DA:49,10
DA:50,8
DA:51,10
DA:52,8
DA:53,2
DA:55,0
DA:57,2
DA:59,0
DA:61,0
DA:62,0
DA:64,0
DA:65,0
DA:66,0
DA:68,0
DA:70,0
DA:71,0
DA:76,0
DA:78,0
DA:80,0
DA:82,0
DA:84,0
DA:85,0
DA:87,0
DA:88,0
DA:90,0
DA:91,0
DA:95,0
DA:97,0
DA:99,0
DA:100,0
DA:101,0
DA:102,0
DA:104,0
DA:107,0
DA:109,0
DA:110,0
DA:111,0
DA:113,0
DA:114,0
DA:116,0
DA:117,0
DA:120,0
DA:121,0
DA:122,0
DA:123,0
DA:125,0
DA:127,0
DA:128,0
DA:130,0
DA:131,0
DA:133,0
DA:134,0
DA:136,0
DA:138,0
DA:141,0
DA:143,0
DA:144,0
DA:147,0
DA:149,0
DA:150,0
DA:151,0
DA:153,0
DA:154,0
DA:156,0
DA:157,0
DA:159,0
DA:161,0
DA:163,0
DA:166,38232
DA:168,38232
DA:169,38232
DA:170,26901
DA:173,1
DA:175,1
DA:176,1
DA:177,1
DA:178,1
DA:179,1
DA:180,1
DA:181,0
DA:182,0
DA:183,0
DA:184,0
DA:185,0
DA:187,1
DA:190,9558
DA:197,9558
DA:199,9558
DA:201,9558
DA:202,9558
DA:203,9558
DA:205,9558
DA:206,9558
DA:207,9558
DA:208,9558
DA:210,19116
DA:214,9558
DA:215,9558
DA:216,9558
DA:218,9558
DA:220,9558
DA:221,9558
DA:222,9558
DA:223,9558
DA:226,0
DA:227,0
DA:228,0
DA:229,0
DA:230,0
DA:231,0
DA:232,0
DA:233,0
DA:234,0
DA:236,0
DA:237,0
DA:239,9558
DA:240,9558
DA:241,9558
DA:243,8235
DA:244,8235
DA:245,8235
DA:248,8235
DA:249,0
DA:250,0
DA:251,0
DA:252,0
DA:253,0
DA:255,0
DA:258,0
DA:259,0
DA:266,8235
DA:268,0
DA:269,0
DA:270,0
DA:271,0
DA:272,0
DA:273,0
DA:274,0
DA:276,8235
DA:277,8235
DA:278,8235
DA:280,8235
DA:281,8235
DA:282,8235
DA:285,8235
DA:286,8235
DA:287,8235
DA:293,8235
DA:294,8235
DA:295,8235
DA:296,8235
DA:297,8235
DA:298,8235
DA:299,8235
DA:303,9558
DA:304,9558
DA:305,9558
DA:308,9558
DA:309,9558
DA:310,9558
DA:311,9558
DA:312,9558
LF:192
LH:84
end_of_record
TN:
SF:/data/tzwang/graphics/TinyGLRender/test3ds/DevRender/TyGL/clear.cpp
FN:4,_Z14glopClearColorP9GLContextP7GLParam
FN:11,_Z14glopClearDepthP9GLContextP7GLParam
FN:17,_Z9glopClearP9GLContextP7GLParam
FNDA:0,_Z14glopClearColorP9GLContextP7GLParam
FNDA:0,_Z14glopClearDepthP9GLContextP7GLParam
FNDA:1,_Z9glopClearP9GLContextP7GLParam
FNF:3
FNH:1
DA:4,0
DA:6,0
DA:7,0
DA:8,0
DA:9,0
DA:10,0
DA:11,0
DA:13,0
DA:14,0
DA:17,1
DA:19,1
DA:20,1
DA:21,1
DA:22,1
DA:23,1
DA:27,1
DA:28,1
DA:29,1
LF:18
LH:9
end_of_record
TN:
SF:/data/tzwang/graphics/TinyGLRender/test3ds/DevRender/TyGL/get.cpp
FN:3,_Z13glGetIntegerviPi
FN:35,_Z11glGetFloatviPf
FNDA:0,_Z13glGetIntegerviPi
FNDA:0,_Z11glGetFloatviPf
FNF:2
FNH:0
DA:3,0
DA:5,0
DA:7,0
DA:9,0
DA:10,0
DA:11,0
DA:12,0
DA:13,0
DA:15,0
DA:16,0
DA:18,0
DA:19,0
DA:21,0
DA:22,0
DA:24,0
DA:25,0
DA:27,0
DA:28,0
DA:30,0
DA:31,0
DA:33,0
DA:35,0
DA:38,0
DA:39,0
DA:40,0
DA:42,0
DA:44,0
DA:47,0
DA:48,0
DA:49,0
DA:50,0
DA:51,0
DA:52,0
DA:53,0
DA:56,0
DA:58,0
DA:59,0
DA:61,0
DA:62,0
DA:64,0
DA:65,0
DA:67,0
DA:69,0
DA:70,0
DA:72,0
LF:45
LH:0
end_of_record
TN:
SF:/data/tzwang/graphics/TinyGLRender/test3ds/DevRender/TyGL/zline.cpp
FN:6,_Z7ZB_plotP7ZBufferP12ZBufferPoint
FN:28,_ZL14ZB_line_flat_zP7ZBufferP12ZBufferPointS2_i
FN:37,_ZL16ZB_line_interp_zP7ZBufferP12ZBufferPointS2_
FN:44,_ZL12ZB_line_flatP7ZBufferP12ZBufferPointS2_i
FN:51,_ZL14ZB_line_interpP7ZBufferP12ZBufferPointS2_
FN:56,_Z9ZB_line_zP7ZBufferP12ZBufferPointS2_
FN:71,_Z7ZB_lineP7ZBufferP12ZBufferPointS2_
FNDA:0,_Z7ZB_plotP7ZBufferP12ZBufferPoint
FNDA:0,_ZL14ZB_line_flat_zP7ZBufferP12ZBufferPointS2_i
FNDA:0,_ZL16ZB_line_interp_zP7ZBufferP12ZBufferPointS2_
FNDA:0,_ZL12ZB_line_flatP7ZBufferP12ZBufferPointS2_i
FNDA:0,_ZL14ZB_line_interpP7ZBufferP12ZBufferPointS2_
FNDA:0,_Z9ZB_line_zP7ZBufferP12ZBufferPointS2_
FNDA:0,_Z7ZB_lineP7ZBufferP12ZBufferPointS2_
FNF:7
FNH:0
DA:6,0
DA:12,0
DA:13,0
DA:14,0
DA:15,0
DA:17,0
DA:18,0
DA:19,0
DA:23,0
DA:25,0
DA:28,0
DA:32,0
DA:37,0
DA:40,0
DA:44,0
DA:48,0
DA:51,0
DA:54,0
DA:56,0
DA:60,0
DA:61,0
DA:64,0
DA:65,0
DA:67,0
DA:69,0
DA:71,0
DA:75,0
DA:76,0
DA:79,0
DA:80,0
DA:82,0
DA:84,0
LF:32
LH:0
end_of_record
SF:/data/tzwang/graphics/TinyGLRender/test3ds/DevRender/include/zline.h
DA:17,0
DA:19,0
DA:20,0
DA:21,0
DA:23,0
DA:24,0
DA:26,0
DA:27,0
DA:30,0
DA:31,0
DA:33,0
DA:34,0
DA:35,0
DA:38,0
DA:39,0
DA:40,0
DA:95,0
DA:96,0
DA:97,0
DA:98,0
DA:99,0
DA:101,0
DA:104,0
DA:105,0
DA:106,0
DA:108,0
LF:26
LH:0
end_of_record
TN:
SF:/data/tzwang/graphics/TinyGLRender/test3ds/DevRender/TyGL/zdither.cpp
FN:35,_Z13ZB_initDitherP7ZBufferiPhPi
FN:75,_Z14ZB_closeDitherP7ZBuffer
FN:105,_Z20ZB_ditherFrameBufferP7ZBufferPhi
FNDA:0,_Z13ZB_initDitherP7ZBufferiPhPi
FNDA:0,_Z14ZB_closeDitherP7ZBuffer
FNDA:0,_Z20ZB_ditherFrameBufferP7ZBufferPhi
FNF:3
FNH:0
DA:35,0
DA:40,0
DA:41,0
DA:42,0
DA:45,0
DA:47,0
DA:48,0
DA:50,0
DA:51,0
DA:52,0
DA:53,0
DA:54,0
DA:55,0
DA:56,0
DA:57,0
DA:58,0
DA:59,0
DA:64,0
DA:66,0
DA:67,0
DA:68,0
DA:69,0
DA:70,0
DA:71,0
DA:73,0
DA:75,0
DA:77,0
DA:78,0
DA:79,0
DA:105,0
DA:112,0
DA:116,0
DA:118,0
DA:119,0
DA:124,0
DA:125,0
DA:127,0
DA:128,0
DA:129,0
DA:131,0
DA:132,0
DA:133,0
DA:134,0
DA:136,0
DA:137,0
DA:139,0
DA:140,0
DA:141,0
DA:142,0
DA:144,0
DA:145,0
DA:146,0
DA:147,0
DA:149,0
DA:150,0
DA:152,0
DA:153,0
DA:157,0
LF:58
LH:0
end_of_record
TN:
SF:/data/tzwang/graphics/TinyGLRender/test3ds/DevRender/TyGL/select.cpp
FN:3,_Z12glRenderModei
FN:42,_Z14glSelectBufferiPj
FN:53,_Z13glopInitNamesP9GLContextP7GLParam
FN:61,_Z12glopPushNameP9GLContextP7GLParam
FN:70,_Z11glopPopNameP9GLContextP7GLParam
FN:79,_Z12glopLoadNameP9GLContextP7GLParam
FN:88,_Z13gl_add_selectP9GLContextjj
FNDA:0,_Z12glRenderModei
FNDA:0,_Z14glSelectBufferiPj
FNDA:0,_Z13glopInitNamesP9GLContextP7GLParam
FNDA:0,_Z12glopPushNameP9GLContextP7GLParam
FNDA:0,_Z11glopPopNameP9GLContextP7GLParam
FNDA:0,_Z12glopLoadNameP9GLContextP7GLParam
FNDA:0,_Z13gl_add_selectP9GLContextjj
FNF:7
FNH:0
DA:3,0
DA:5,0
DA:6,0
DA:8,0
DA:10,0
DA:12,0
DA:13,0
DA:15,0
DA:17,0
DA:18,0
DA:19,0
DA:20,0
DA:22,0
DA:24,0
DA:26,0
DA:27,0
DA:29,0
DA:30,0
DA:31,0
DA:32,0
DA:33,0
DA:34,0
DA:35,0
DA:37,0
DA:39,0
DA:42,0
DA:44,0
DA:46,0
DA:48,0
DA:49,0
DA:50,0
DA:53,0
DA:55,0
DA:56,0
DA:57,0
DA:59,0
DA:61,0
DA:63,0
DA:64,0
DA:65,0
DA:66,0
DA:68,0
DA:70,0
DA:72,0
DA:73,0
DA:74,0
DA:75,0
DA:77,0
DA:79,0
DA:81,0
DA:82,0
DA:83,0
DA:84,0
DA:86,0
DA:88,0
DA:93,0
DA:94,0
DA:95,0
DA:96,0
DA:97,0
DA:98,0
DA:100,0
DA:101,0
DA:102,0
DA:103,0
DA:104,0
DA:105,0
DA:106,0
DA:107,0
DA:110,0
DA:111,0
DA:114,0
LF:72
LH:0
end_of_record
TN:
SF:/data/tzwang/graphics/TinyGLRender/test3ds/DevRender/TyGL/specbuf.cpp
FN:6,_ZL8calc_bufP9GLSpecBuff
FN:19,_Z18specbuf_get_bufferP9GLContextif
FNDA:1,_ZL8calc_bufP9GLSpecBuff
FNDA:8235,_Z18specbuf_get_bufferP9GLContextif
FNF:2
FNH:2
DA:6,1
DA:10,1
DA:11,1
DA:12,1026
DA:13,1025
DA:14,1025
DA:16,1
DA:19,8235
DA:23,8235
DA:24,8235
DA:25,0
DA:26,0
DA:28,0
DA:30,8235
DA:31,8234
DA:32,8234
DA:34,1
DA:36,1
DA:37,1
DA:38,1
DA:39,1
DA:40,1
DA:41,1
DA:42,1
DA:43,1
DA:44,1
DA:48,0
DA:49,0
DA:50,0
DA:51,0
LF:30
LH:23
end_of_record
